28.11.2017 09:26:42. ЗаменавставкизащитыДГА.ОграничительимпульсныхперенапряженийFLASHTRABFLT-CP-PLUS-3C-350

28.11.2017 09:26:29 - 28.11.2017 09:26:42. Неисправностьвцепяхрелеконтролячастотыинапряжения.ВыключательавтоматическийS203-C0.5,0.5А

28.11.2017 09:26:29 - 28.11.2017 09:26:42. Неисправностьвцепяхрелеконтролячастотыинапряжения.ВыключательавтоматическийS203-C0.5,0.5А

28.11.2017 09:26:42. ОтключениеДГА.КонтакторAF80-30-00-13,100-250В,125А

28.11.2017 09:26:29 - 28.11.2017 09:26:42. ОтключениеАКБисточникавторичногоэлектропитания24В.ВыключательавтоматическийS202M-C6UC,6А

28.11.2017 09:26:30 - 28.11.2017 09:26:43. Отключение/включениепитаниясхемыАОП.ВыключательавтоматическийS202M-C50UC,50А

28.11.2017 09:26:31 - 28.11.2017 09:26:43. Отключение/включениепитаниясхемыАОП.ВыключательавтоматическийS202M-C50UC,50А

28.11.2017 09:26:31 - 28.11.2017 09:26:43. ОтключениегарантированногоэлектропитанияМПЦ.ВыключательавтоматическийS201-D10NA,10А,ВыключательавтоматическийS201-C1NA,1А

28.11.2017 09:26:31 - 28.11.2017 09:26:43. ОтключениегарантированногоэлектропитанияМПЦ.ВыключательавтоматическийS201-D10NA,10А,ВыключательавтоматическийS201-C1NA,1А

28.11.2017 09:26:31 - 28.11.2017 09:26:43. ОтключениегарантированногоэлектропитанияМПЦ.ВыключательавтоматическийS201-D10NA,10А,ВыключательавтоматическийS201-C1NA,1А

28.11.2017 09:26:31 - 28.11.2017 09:26:43. Отключениеосвещениягарантированноепитание.ВыключательавтоматическийдифференциальноготокаDS202MAC-C6/0.03

28.11.2017 09:26:31 - 28.11.2017 09:26:44. ОтключениегарантированногоэлектропитанияМПЦ.ВыключательавтоматическийS201-D10NA,10А,ВыключательавтоматическийS201-C1NA,1А

28.11.2017 09:26:32 - 28.11.2017 09:26:44. Отключение/включениепитанияустройстваконтролясопротивленияизоляции.ВыключательавтоматическийS201-C1NA,1А

28.11.2017 09:26:32 - 28.11.2017 09:26:44. Отключениепитаниярабочихцепей220Впостоянноготока(входныхсветофоров,стрелки,выходныеиманевровыесветофорыирезерв1000Вт).ВыключательавтоматическийS203-D20NA,20А,ВыключательавтоматическийS202M-C20UC,20А,ВыключательавтоматическийS202M-C0.5UC,0.5А,ВыключательавтоматическийS202M-C2UC,2А,ВыключательавтоматическийS202M-C6UC,6А

28.11.2017 09:26:32 - 28.11.2017 09:26:44. ОтключениегарантированногоэлектропитанияМПЦ.ВыключательавтоматическийS201-D10NA,10А,ВыключательавтоматическийS201-C1NA,1А

28.11.2017 09:26:32 - 28.11.2017 09:26:44. ОтключениебесперебойногоэлектропитанияМПЦ(резерв.комплект).ВыключательавтоматическийS201-D10NA,10А,ВыключательавтоматическийS201-C1NA,1А,ВыключательавтоматическийS201-C0.5NA,0.5А,ВыключательавтоматическийS201-C6NA,6А

28.11.2017 09:26:32 - 28.11.2017 09:26:44. ОтключениебесперебойногоэлектропитанияМПЦ(резерв.комплект).ВыключательавтоматическийS201-D10NA,10А,ВыключательавтоматическийS201-C1NA,1А,ВыключательавтоматическийS201-C0.5NA,0.5А,ВыключательавтоматическийS201-C6NA,6А

28.11.2017 09:26:32 - 28.11.2017 09:26:44. ОтключениебесперебойногоэлектропитанияМПЦ(резерв.комплект).ВыключательавтоматическийS201-D10NA,10А,ВыключательавтоматическийS201-C1NA,1А,ВыключательавтоматическийS201-C0.5NA,0.5А,ВыключательавтоматическийS201-C6NA,6А

28.11.2017 09:26:32 - 28.11.2017 09:26:44. ОтключениебезперебойногопитаниящитаЩР1.ВыключательавтоматическийS203-D40NA,40А

28.11.2017 09:26:32 - 28.11.2017 09:26:45. Отключениепитания24ВЩкафовМПЦДнепр.ВыключательавтоматическийS202M-C8UC,8А,ВыключательавтоматическийS202M-C1UC,1А,ВыключательавтоматическийS202M-C20UC,20А,ВыключательавтоматическийS202M-C6UC,6А,ВыключательавтоматическийS202M-C0.5UC,0.5А,

28.11.2017 09:26:32 - 28.11.2017 09:26:45. ОтключениебесперебойногоэлектропитанияМПЦ(резерв.комплект).ВыключательавтоматическийS201-D10NA,10А,ВыключательавтоматическийS201-C1NA,1А,ВыключательавтоматическийS201-C0.5NA,0.5А,ВыключательавтоматическийS201-C6NA,6А

28.11.2017 09:26:33 - 28.11.2017 09:26:45. ОтключениебесперебойногоэлектропитанияМПЦ(резерв.комплект).ВыключательавтоматическийS201-D10NA,10А,ВыключательавтоматическийS201-C1NA,1А,ВыключательавтоматическийS201-C0.5NA,0.5А,ВыключательавтоматическийS201-C6NA,6А

28.11.2017 09:26:33 - 28.11.2017 09:26:45. ОтключениебесперебойногоэлектропитанияМПЦ(резерв.комплект).ВыключательавтоматическийS201-D10NA,10А,ВыключательавтоматическийS201-C1NA,1А,ВыключательавтоматическийS201-C0.5NA,0.5А,ВыключательавтоматическийS201-C6NA,6А

28.11.2017 09:26:33 - 28.11.2017 09:26:45. ОтключениебесперебойногоэлектропитанияМПЦ(резерв.комплект).ВыключательавтоматическийS201-D10NA,10А,ВыключательавтоматическийS201-C1NA,1А,ВыключательавтоматическийS201-C0.5NA,0.5А,ВыключательавтоматическийS201-C6NA,6А

28.11.2017 09:26:33 - 28.11.2017 09:26:45. ОтключениегарантированноепитаниящитаЩР1.ВыключательавтоматическийS203-D40NA,40А

28.11.2017 09:26:33 - 28.11.2017 09:26:45. Отключениепитаниярабочихцепей220Впостоянноготока(входныхсветофоров,стрелки,выходныеиманевровыесветофорыирезерв1000Вт).ВыключательавтоматическийS203-D20NA,20А,ВыключательавтоматическийS202M-C20UC,20А,ВыключательавтоматическийS202M-C0.5UC,0.5А,ВыключательавтоматическийS202M-C2UC,2А,ВыключательавтоматическийS202M-C6UC,6А

28.11.2017 09:26:33 - 28.11.2017 09:26:45. ОтключениегарантированногоэлектропитанияМПЦ.ВыключательавтоматическийS201-D10NA,10А,ВыключательавтоматическийS201-C1NA,1А

28.11.2017 09:26:33 - 28.11.2017 09:26:46. Отключениепитаниярабочихцепей220Впостоянноготока(входныхсветофоров,стрелки,выходныеиманевровыесветофорыирезерв1000Вт).ВыключательавтоматическийS203-D20NA,20А,ВыключательавтоматическийS202M-C20UC,20А,ВыключательавтоматическийS202M-C0.5UC,0.5А,ВыключательавтоматическийS202M-C2UC,2А,ВыключательавтоматическийS202M-C6UC,6А

28.11.2017 09:26:02 - 28.11.2017 09:26:46. Отключениеконтроляперегоранияпредохранителей.ВыключательавтоматическийS202M-C0.5UC,0.5А

28.11.2017 09:26:02 - 28.11.2017 09:26:46. ОтключениесобственныхнуждДГАгарантированноепитание.ВыключательавтоматическийдифференциальноготокаDS202MAC-C6/0.03

28.11.2017 09:26:02 - 28.11.2017 09:26:46. Отключениепитаниярабочихцепей220Впостоянноготока(входныхсветофоров,стрелки,выходныеиманевровыесветофорыирезерв1000Вт).ВыключательавтоматическийS203-D20NA,20А,ВыключательавтоматическийS202M-C20UC,20А,ВыключательавтоматическийS202M-C0.5UC,0.5А,ВыключательавтоматическийS202M-C2UC,2А,ВыключательавтоматическийS202M-C6UC,6А

28.11.2017 09:26:02 - 28.11.2017 09:26:46. Отключениерезерва220В2500Втгарантированногопитяния.ВыключательавтоматическийдифференциальноготокаDS202MAC-C16/0.03

28.11.2017 09:26:02 - 28.11.2017 09:26:46. Отключениепитаниярабочихцепей220Впостоянноготока(входныхсветофоров,стрелки,выходныеиманевровыесветофорыирезерв1000Вт).ВыключательавтоматическийS203-D20NA,20А,ВыключательавтоматическийS202M-C20UC,20А,ВыключательавтоматическийS202M-C0.5UC,0.5А,ВыключательавтоматическийS202M-C2UC,2А,ВыключательавтоматическийS202M-C6UC,6А

28.11.2017 09:26:46. ЗаменавставкиузипщитаЩР1бесперебойногопитания.ОграничительимпульсныхперенапряженийVAL-CP-3C-350-VF

28.11.2017 09:26:46. ЗаменавставкиузипщитаЩР1гарантированногопитания.ОграничительимпульсныхперенапряженийVAL-CP-3C-350-VF

28.11.2017 09:26:02 - 28.11.2017 09:26:47. ОтключениеПОС,АПТгарантированногопитания.ВыключательавтоматическийдифференциальноготокаDS202MAC-C16/0.03

28.11.2017 09:26:03 - 28.11.2017 09:26:47. ОтключениебесперебойногоэлектропитанияМПЦ(резерв.комплект).ВыключательавтоматическийS201-D10NA,10А,ВыключательавтоматическийS201-C1NA,1А,ВыключательавтоматическийS201-C0.5NA,0.5А,ВыключательавтоматическийS201-C6NA,6А

28.11.2017 09:26:03 - 28.11.2017 09:26:47. ОтключениебесперебойногоэлектропитанияМПЦ(резерв.комплект).ВыключательавтоматическийS201-D10NA,10А,ВыключательавтоматическийS201-C1NA,1А,ВыключательавтоматическийS201-C0.5NA,0.5А,ВыключательавтоматическийS201-C6NA,6А

28.11.2017 09:26:03 - 28.11.2017 09:26:47. ОтключениебесперебойногоэлектропитанияМПЦ(резерв.комплект).ВыключательавтоматическийS201-D10NA,10А,ВыключательавтоматическийS201-C1NA,1А,ВыключательавтоматическийS201-C0.5NA,0.5А,ВыключательавтоматическийS201-C6NA,6А

28.11.2017 09:26:03 - 28.11.2017 09:26:47. Отключениекондиционированиерелейнойгарантированногопитания.ВыключательавтоматическийдифференциальноготокаDS202MAC-C40/0.03

28.11.2017 09:26:03 - 28.11.2017 09:26:47. ОтключениебесперебойногоэлектропитанияМПЦ(резерв.комплект).ВыключательавтоматическийS201-D10NA,10А,ВыключательавтоматическийS201-C1NA,1А,ВыключательавтоматическийS201-C0.5NA,0.5А,ВыключательавтоматическийS201-C6NA,6А

28.11.2017 09:26:56. Отключение/включениевходногорубильникаДГА.Выключатель-разъединительDPX-IS2503P

28.11.2017 09:26:40 - 28.11.2017 09:26:56. СрабатываниезащитыФидера1.ОграничительимпульсныхперенапряженийFLASHTRABFLT-CP-PLUS-3C-350

28.11.2017 09:26:40 - 28.11.2017 09:26:56. СрабатываниезащитыФидера2.ОграничительимпульсныхперенапряженийFLASHTRABFLT-CP-PLUS-3C-350

28.11.2017 09:26:56. Отключение/включениеДГА.ВыключательавтоматическийS803C-D80,80А

28.11.2017 09:26:57. Отключение/включениевходногорубильникаФидера2.Выключатель-разъединительDPX-IS2503P

28.11.2017 09:26:57. Отключение/включениеФидера2.ВыключательавтоматическийS803C-D80,80А

28.11.2017 09:26:57. ОтключениевходногорубильникаФидера1.Выключатель-разъединительDPX-IS2503P

28.11.2017 09:26:57. ОтключениеФидера1.ВыключательавтоматическийS803C-D80,80А

28.11.2017 09:26:57. Отключение/включениедоп.выводаФидера2.ВыключательавтоматическийS203-D25,25А

28.11.2017 09:26:41 - 28.11.2017 09:26:57. ОтключениеФидера1.КонтакторAF80-30-00-13,100-250В,125А

28.11.2017 09:26:57. Подачипитаниянарасцепители.КонтакторESB40-40-24AC/DC

28.11.2017 09:26:57. Неисправностьвцепяхрелеконтролячастотыинапряжения.ВыключательавтоматическийS203-C0.5,0.5А

28.11.2017 09:26:58. Неисправностьвцепяхрелеконтролячастотыинапряжения.ВыключательавтоматическийS203-C0.5,0.5А

28.11.2017 09:26:42 - 28.11.2017 09:26:58. ОтключениеФидера2.КонтакторAF80-30-00-13,100-250В,125А

28.11.2017 09:26:42 - 28.11.2017 09:26:58. ЗаменавставкизащитыФидера1.ОграничительимпульсныхперенапряженийFLASHTRABFLT-CP-PLUS-3C-350

28.11.2017 09:26:42 - 28.11.2017 09:26:58. ЗаменавставкизащитыФидера2.ОграничительимпульсныхперенапряженийFLASHTRABFLT-CP-PLUS-3C-350

28.11.2017 09:26:42 - 28.11.2017 09:26:58. ЗаменавставкизащитыДГА.ОграничительимпульсныхперенапряженийFLASHTRABFLT-CP-PLUS-3C-350

28.11.2017 09:26:58. Неисправностьвцепяхрелеконтролячастотыинапряжения.ВыключательавтоматическийS203-C0.5,0.5А

28.11.2017 09:26:58. Неисправностьвцепяхрелеконтролячастотыинапряжения.ВыключательавтоматическийS203-C0.5,0.5А

28.11.2017 09:26:42 - 28.11.2017 09:26:58. ОтключениеДГА.КонтакторAF80-30-00-13,100-250В,125А

28.11.2017 09:26:58. ОтключениеАКБисточникавторичногоэлектропитания24В.ВыключательавтоматическийS202M-C6UC,6А

28.11.2017 09:26:59. Отключениепитаниявентиляторов.ВыключательавтоматическийS201-D2NA,2А

28.11.2017 09:26:59. Отключение/включениепитаниясхемыАОП.ВыключательавтоматическийS202M-C50UC,50А

28.11.2017 09:26:59. Отключение/включениепитаниясхемыАОП.ВыключательавтоматическийS202M-C50UC,50А

28.11.2017 09:26:59. ОтключениегарантированногоэлектропитанияМПЦ.ВыключательавтоматическийS201-D10NA,10А,ВыключательавтоматическийS201-C1NA,1А

28.11.2017 09:26:59. ОтключениегарантированногоэлектропитанияМПЦ.ВыключательавтоматическийS201-D10NA,10А,ВыключательавтоматическийS201-C1NA,1А

28.11.2017 09:26:59. ОтключениегарантированногоэлектропитанияМПЦ.ВыключательавтоматическийS201-D10NA,10А,ВыключательавтоматическийS201-C1NA,1А

28.11.2017 09:26:59. Отключениеосвещениягарантированноепитание.ВыключательавтоматическийдифференциальноготокаDS202MAC-C6/0.03

28.11.2017 09:27:00. ОтключениегарантированногоэлектропитанияМПЦ.ВыключательавтоматическийS201-D10NA,10А,ВыключательавтоматическийS201-C1NA,1А

28.11.2017 09:27:00. Отключение/включениепитанияустройстваконтролясопротивленияизоляции.ВыключательавтоматическийS201-C1NA,1А

28.11.2017 09:27:00. Отключениепитаниярабочихцепей220Впостоянноготока(входныхсветофоров,стрелки,выходныеиманевровыесветофорыирезерв1000Вт).ВыключательавтоматическийS203-D20NA,20А,ВыключательавтоматическийS202M-C20UC,20А,ВыключательавтоматическийS202M-C0.5UC,0.5А,ВыключательавтоматическийS202M-C2UC,2А,ВыключательавтоматическийS202M-C6UC,6А

28.11.2017 09:27:00. ОтключениегарантированногоэлектропитанияМПЦ.ВыключательавтоматическийS201-D10NA,10А,ВыключательавтоматическийS201-C1NA,1А

28.11.2017 09:27:00. ОтключениебесперебойногоэлектропитанияМПЦ(резерв.комплект).ВыключательавтоматическийS201-D10NA,10А,ВыключательавтоматическийS201-C1NA,1А,ВыключательавтоматическийS201-C0.5NA,0.5А,ВыключательавтоматическийS201-C6NA,6А

28.11.2017 09:27:00. ОтключениебесперебойногоэлектропитанияМПЦ(резерв.комплект).ВыключательавтоматическийS201-D10NA,10А,ВыключательавтоматическийS201-C1NA,1А,ВыключательавтоматическийS201-C0.5NA,0.5А,ВыключательавтоматическийS201-C6NA,6А

28.11.2017 09:27:00. ОтключениебесперебойногоэлектропитанияМПЦ(резерв.комплект).ВыключательавтоматическийS201-D10NA,10А,ВыключательавтоматическийS201-C1NA,1А,ВыключательавтоматическийS201-C0.5NA,0.5А,ВыключательавтоматическийS201-C6NA,6А

28.11.2017 09:27:00. ОтключениебезперебойногопитаниящитаЩР1.ВыключательавтоматическийS203-D40NA,40А

28.11.2017 09:27:00. Отключениепитания24ВЩкафовМПЦДнепр.ВыключательавтоматическийS202M-C8UC,8А,ВыключательавтоматическийS202M-C1UC,1А,ВыключательавтоматическийS202M-C20UC,20А,ВыключательавтоматическийS202M-C6UC,6А,ВыключательавтоматическийS202M-C0.5UC,0.5А,

28.11.2017 09:27:01. ОтключениебесперебойногоэлектропитанияМПЦ(резерв.комплект).ВыключательавтоматическийS201-D10NA,10А,ВыключательавтоматическийS201-C1NA,1А,ВыключательавтоматическийS201-C0.5NA,0.5А,ВыключательавтоматическийS201-C6NA,6А

28.11.2017 09:27:01. ОтключениебесперебойногоэлектропитанияМПЦ(резерв.комплект).ВыключательавтоматическийS201-D10NA,10А,ВыключательавтоматическийS201-C1NA,1А,ВыключательавтоматическийS201-C0.5NA,0.5А,ВыключательавтоматическийS201-C6NA,6А

28.11.2017 09:27:01. ОтключениебесперебойногоэлектропитанияМПЦ(резерв.комплект).ВыключательавтоматическийS201-D10NA,10А,ВыключательавтоматическийS201-C1NA,1А,ВыключательавтоматическийS201-C0.5NA,0.5А,ВыключательавтоматическийS201-C6NA,6А

28.11.2017 09:27:01. ОтключениебесперебойногоэлектропитанияМПЦ(резерв.комплект).ВыключательавтоматическийS201-D10NA,10А,ВыключательавтоматическийS201-C1NA,1А,ВыключательавтоматическийS201-C0.5NA,0.5А,ВыключательавтоматическийS201-C6NA,6А

28.11.2017 09:27:01. ОтключениегарантированноепитаниящитаЩР1.ВыключательавтоматическийS203-D40NA,40А

28.11.2017 09:27:01. Отключениепитаниярабочихцепей220Впостоянноготока(входныхсветофоров,стрелки,выходныеиманевровыесветофорыирезерв1000Вт).ВыключательавтоматическийS203-D20NA,20А,ВыключательавтоматическийS202M-C20UC,20А,ВыключательавтоматическийS202M-C0.5UC,0.5А,ВыключательавтоматическийS202M-C2UC,2А,ВыключательавтоматическийS202M-C6UC,6А

28.11.2017 09:27:01. ОтключениегарантированногоэлектропитанияМПЦ.ВыключательавтоматическийS201-D10NA,10А,ВыключательавтоматическийS201-C1NA,1А

28.11.2017 09:27:01. Отключениепитаниярабочихцепей220Впостоянноготока(входныхсветофоров,стрелки,выходныеиманевровыесветофорыирезерв1000Вт).ВыключательавтоматическийS203-D20NA,20А,ВыключательавтоматическийS202M-C20UC,20А,ВыключательавтоматическийS202M-C0.5UC,0.5А,ВыключательавтоматическийS202M-C2UC,2А,ВыключательавтоматическийS202M-C6UC,6А

28.11.2017 09:27:01. Отключениеконтроляперегоранияпредохранителей.ВыключательавтоматическийS202M-C0.5UC,0.5А

28.11.2017 09:27:02. ОтключениесобственныхнуждДГАгарантированноепитание.ВыключательавтоматическийдифференциальноготокаDS202MAC-C6/0.03

28.11.2017 09:27:02. Отключениепитаниярабочихцепей220Впостоянноготока(входныхсветофоров,стрелки,выходныеиманевровыесветофорыирезерв1000Вт).ВыключательавтоматическийS203-D20NA,20А,ВыключательавтоматическийS202M-C20UC,20А,ВыключательавтоматическийS202M-C0.5UC,0.5А,ВыключательавтоматическийS202M-C2UC,2А,ВыключательавтоматическийS202M-C6UC,6А

28.11.2017 09:27:02. Отключениерезерва220В2500Втгарантированногопитяния.ВыключательавтоматическийдифференциальноготокаDS202MAC-C16/0.03

28.11.2017 09:27:02. Отключениепитаниярабочихцепей220Впостоянноготока(входныхсветофоров,стрелки,выходныеиманевровыесветофорыирезерв1000Вт).ВыключательавтоматическийS203-D20NA,20А,ВыключательавтоматическийS202M-C20UC,20А,ВыключательавтоматическийS202M-C0.5UC,0.5А,ВыключательавтоматическийS202M-C2UC,2А,ВыключательавтоматическийS202M-C6UC,6А

28.11.2017 09:26:46 - 28.11.2017 09:27:02. ЗаменавставкиузипщитаЩР1бесперебойногопитания.ОграничительимпульсныхперенапряженийVAL-CP-3C-350-VF

28.11.2017 09:26:46 - 28.11.2017 09:27:02. ЗаменавставкиузипщитаЩР1гарантированногопитания.ОграничительимпульсныхперенапряженийVAL-CP-3C-350-VF

28.11.2017 09:27:02. ОтключениеПОС,АПТгарантированногопитания.ВыключательавтоматическийдифференциальноготокаDS202MAC-C16/0.03

28.11.2017 09:27:02. ОтключениебесперебойногоэлектропитанияМПЦ(резерв.комплект).ВыключательавтоматическийS201-D10NA,10А,ВыключательавтоматическийS201-C1NA,1А,ВыключательавтоматическийS201-C0.5NA,0.5А,ВыключательавтоматическийS201-C6NA,6А

28.11.2017 09:27:03. ОтключениебесперебойногоэлектропитанияМПЦ(резерв.комплект).ВыключательавтоматическийS201-D10NA,10А,ВыключательавтоматическийS201-C1NA,1А,ВыключательавтоматическийS201-C0.5NA,0.5А,ВыключательавтоматическийS201-C6NA,6А

28.11.2017 09:27:03. ОтключениебесперебойногоэлектропитанияМПЦ(резерв.комплект).ВыключательавтоматическийS201-D10NA,10А,ВыключательавтоматическийS201-C1NA,1А,ВыключательавтоматическийS201-C0.5NA,0.5А,ВыключательавтоматическийS201-C6NA,6А

28.11.2017 09:27:03. Отключениекондиционированиерелейнойгарантированногопитания.ВыключательавтоматическийдифференциальноготокаDS202MAC-C40/0.03

28.11.2017 09:35:13. Отключение/включениевходногорубильникаДГА.Выключатель-разъединительDPX-IS2503P

28.11.2017 09:35:13. Отключение/включениеДГА.ВыключательавтоматическийS803C-D80,80А

28.11.2017 09:35:13. ОтключениевходногорубильникаФидера1.Выключатель-разъединительDPX-IS2503P

28.11.2017 09:35:13. ОтключениеФидера1.ВыключательавтоматическийS803C-D80,80А

28.11.2017 09:35:13. Отключение/включениедоп.выводаФидера2.ВыключательавтоматическийS203-D25,25А

28.11.2017 09:35:13. Подачипитаниянарасцепители.КонтакторESB40-40-24AC/DC

28.11.2017 09:35:13. Неисправностьвцепяхрелеконтролячастотыинапряжения.ВыключательавтоматическийS203-C0.5,0.5А

28.11.2017 09:35:13. Неисправностьвцепяхрелеконтролячастотыинапряжения.ВыключательавтоматическийS203-C0.5,0.5А

28.11.2017 09:35:13. Неисправностьвцепяхрелеконтролячастотыинапряжения.ВыключательавтоматическийS203-C0.5,0.5А

28.11.2017 09:35:13. Неисправностьвцепяхрелеконтролячастотыинапряжения.ВыключательавтоматическийS203-C0.5,0.5А

28.11.2017 09:35:13. ОтключениеАКБисточникавторичногоэлектропитания24В.ВыключательавтоматическийS202M-C6UC,6А

28.11.2017 09:35:13. Отключениепитаниявентиляторов.ВыключательавтоматическийS201-D2NA,2А

28.11.2017 09:35:13. Отключение/включениепитаниясхемыАОП.ВыключательавтоматическийS202M-C50UC,50А

28.11.2017 09:35:13. Отключение/включениепитаниясхемыАОП.ВыключательавтоматическийS202M-C50UC,50А

28.11.2017 09:35:13. ОтключениегарантированногоэлектропитанияМПЦ.ВыключательавтоматическийS201-D10NA,10А,ВыключательавтоматическийS201-C1NA,1А

28.11.2017 09:35:13. ОтключениегарантированногоэлектропитанияМПЦ.ВыключательавтоматическийS201-D10NA,10А,ВыключательавтоматическийS201-C1NA,1А

28.11.2017 09:35:13. ОтключениегарантированногоэлектропитанияМПЦ.ВыключательавтоматическийS201-D10NA,10А,ВыключательавтоматическийS201-C1NA,1А

28.11.2017 09:35:13. Отключениеосвещениягарантированноепитание.ВыключательавтоматическийдифференциальноготокаDS202MAC-C6/0.03

28.11.2017 09:35:13. ОтключениегарантированногоэлектропитанияМПЦ.ВыключательавтоматическийS201-D10NA,10А,ВыключательавтоматическийS201-C1NA,1А

28.11.2017 09:35:13. Отключение/включениепитанияустройстваконтролясопротивленияизоляции.ВыключательавтоматическийS201-C1NA,1А

28.11.2017 09:35:13. Отключениепитаниярабочихцепей220Впостоянноготока(входныхсветофоров,стрелки,выходныеиманевровыесветофорыирезерв1000Вт).ВыключательавтоматическийS203-D20NA,20А,ВыключательавтоматическийS202M-C20UC,20А,ВыключательавтоматическийS202M-C0.5UC,0.5А,ВыключательавтоматическийS202M-C2UC,2А,ВыключательавтоматическийS202M-C6UC,6А

28.11.2017 09:35:13. ОтключениегарантированногоэлектропитанияМПЦ.ВыключательавтоматическийS201-D10NA,10А,ВыключательавтоматическийS201-C1NA,1А

28.11.2017 09:35:13. ОтключениебесперебойногоэлектропитанияМПЦ(резерв.комплект).ВыключательавтоматическийS201-D10NA,10А,ВыключательавтоматическийS201-C1NA,1А,ВыключательавтоматическийS201-C0.5NA,0.5А,ВыключательавтоматическийS201-C6NA,6А

28.11.2017 09:35:13. ОтключениебесперебойногоэлектропитанияМПЦ(резерв.комплект).ВыключательавтоматическийS201-D10NA,10А,ВыключательавтоматическийS201-C1NA,1А,ВыключательавтоматическийS201-C0.5NA,0.5А,ВыключательавтоматическийS201-C6NA,6А

28.11.2017 09:35:13. ОтключениебезперебойногопитаниящитаЩР1.ВыключательавтоматическийS203-D40NA,40А

28.11.2017 09:35:13. Отключениепитания24ВЩкафовМПЦДнепр.ВыключательавтоматическийS202M-C8UC,8А,ВыключательавтоматическийS202M-C1UC,1А,ВыключательавтоматическийS202M-C20UC,20А,ВыключательавтоматическийS202M-C6UC,6А,ВыключательавтоматическийS202M-C0.5UC,0.5А,

28.11.2017 09:35:13. ОтключениебесперебойногоэлектропитанияМПЦ(резерв.комплект).ВыключательавтоматическийS201-D10NA,10А,ВыключательавтоматическийS201-C1NA,1А,ВыключательавтоматическийS201-C0.5NA,0.5А,ВыключательавтоматическийS201-C6NA,6А

28.11.2017 09:35:13. ОтключениебесперебойногоэлектропитанияМПЦ(резерв.комплект).ВыключательавтоматическийS201-D10NA,10А,ВыключательавтоматическийS201-C1NA,1А,ВыключательавтоматическийS201-C0.5NA,0.5А,ВыключательавтоматическийS201-C6NA,6А

28.11.2017 09:35:13. ОтключениебесперебойногоэлектропитанияМПЦ(резерв.комплект).ВыключательавтоматическийS201-D10NA,10А,ВыключательавтоматическийS201-C1NA,1А,ВыключательавтоматическийS201-C0.5NA,0.5А,ВыключательавтоматическийS201-C6NA,6А

28.11.2017 09:35:13. ОтключениебесперебойногоэлектропитанияМПЦ(резерв.комплект).ВыключательавтоматическийS201-D10NA,10А,ВыключательавтоматическийS201-C1NA,1А,ВыключательавтоматическийS201-C0.5NA,0.5А,ВыключательавтоматическийS201-C6NA,6А

28.11.2017 09:35:13. ОтключениегарантированноепитаниящитаЩР1.ВыключательавтоматическийS203-D40NA,40А

28.11.2017 09:35:13. Отключениепитаниярабочихцепей220Впостоянноготока(входныхсветофоров,стрелки,выходныеиманевровыесветофорыирезерв1000Вт).ВыключательавтоматическийS203-D20NA,20А,ВыключательавтоматическийS202M-C20UC,20А,ВыключательавтоматическийS202M-C0.5UC,0.5А,ВыключательавтоматическийS202M-C2UC,2А,ВыключательавтоматическийS202M-C6UC,6А

28.11.2017 09:35:13. ОтключениегарантированногоэлектропитанияМПЦ.ВыключательавтоматическийS201-D10NA,10А,ВыключательавтоматическийS201-C1NA,1А

28.11.2017 09:35:13. Отключениепитаниярабочихцепей220Впостоянноготока(входныхсветофоров,стрелки,выходныеиманевровыесветофорыирезерв1000Вт).ВыключательавтоматическийS203-D20NA,20А,ВыключательавтоматическийS202M-C20UC,20А,ВыключательавтоматическийS202M-C0.5UC,0.5А,ВыключательавтоматическийS202M-C2UC,2А,ВыключательавтоматическийS202M-C6UC,6А

28.11.2017 09:35:13. Отключениеконтроляперегоранияпредохранителей.ВыключательавтоматическийS202M-C0.5UC,0.5А

28.11.2017 09:35:13. ОтключениесобственныхнуждДГАгарантированноепитание.ВыключательавтоматическийдифференциальноготокаDS202MAC-C6/0.03

28.11.2017 09:35:13. Отключениепитаниярабочихцепей220Впостоянноготока(входныхсветофоров,стрелки,выходныеиманевровыесветофорыирезерв1000Вт).ВыключательавтоматическийS203-D20NA,20А,ВыключательавтоматическийS202M-C20UC,20А,ВыключательавтоматическийS202M-C0.5UC,0.5А,ВыключательавтоматическийS202M-C2UC,2А,ВыключательавтоматическийS202M-C6UC,6А

28.11.2017 09:35:13. Отключениерезерва220В2500Втгарантированногопитяния.ВыключательавтоматическийдифференциальноготокаDS202MAC-C16/0.03

28.11.2017 09:35:13. Отключениепитаниярабочихцепей220Впостоянноготока(входныхсветофоров,стрелки,выходныеиманевровыесветофорыирезерв1000Вт).ВыключательавтоматическийS203-D20NA,20А,ВыключательавтоматическийS202M-C20UC,20А,ВыключательавтоматическийS202M-C0.5UC,0.5А,ВыключательавтоматическийS202M-C2UC,2А,ВыключательавтоматическийS202M-C6UC,6А

28.11.2017 09:35:13. ОтключениеПОС,АПТгарантированногопитания.ВыключательавтоматическийдифференциальноготокаDS202MAC-C16/0.03

28.11.2017 09:35:13. ОтключениебесперебойногоэлектропитанияМПЦ(резерв.комплект).ВыключательавтоматическийS201-D10NA,10А,ВыключательавтоматическийS201-C1NA,1А,ВыключательавтоматическийS201-C0.5NA,0.5А,ВыключательавтоматическийS201-C6NA,6А

28.11.2017 09:35:13. ОтключениебесперебойногоэлектропитанияМПЦ(резерв.комплект).ВыключательавтоматическийS201-D10NA,10А,ВыключательавтоматическийS201-C1NA,1А,ВыключательавтоматическийS201-C0.5NA,0.5А,ВыключательавтоматическийS201-C6NA,6А

28.11.2017 09:35:13. ОтключениебесперебойногоэлектропитанияМПЦ(резерв.комплект).ВыключательавтоматическийS201-D10NA,10А,ВыключательавтоматическийS201-C1NA,1А,ВыключательавтоматическийS201-C0.5NA,0.5А,ВыключательавтоматическийS201-C6NA,6А

28.11.2017 09:35:13. Отключениекондиционированиерелейнойгарантированногопитания.ВыключательавтоматическийдифференциальноготокаDS202MAC-C40/0.03

28.11.2017 09:35:13. ОтключениебесперебойногоэлектропитанияМПЦ(резерв.комплект).ВыключательавтоматическийS201-D10NA,10А,ВыключательавтоматическийS201-C1NA,1А,ВыключательавтоматическийS201-C0.5NA,0.5А,ВыключательавтоматическийS201-C6NA,6А

28.11.2017 09:35:13 - 28.11.2017 09:35:24. Отключение/включениевходногорубильникаДГА.Выключатель-разъединительDPX-IS2503P

28.11.2017 09:35:24. СрабатываниезащитыФидера1.ОграничительимпульсныхперенапряженийFLASHTRABFLT-CP-PLUS-3C-350

28.11.2017 09:35:24. СрабатываниезащитыФидера2.ОграничительимпульсныхперенапряженийFLASHTRABFLT-CP-PLUS-3C-350

28.11.2017 09:35:13 - 28.11.2017 09:35:24. Отключение/включениеДГА.ВыключательавтоматическийS803C-D80,80А

28.11.2017 09:35:13 - 28.11.2017 09:35:24. Отключение/включениевходногорубильникаФидера2.Выключатель-разъединительDPX-IS2503P

28.11.2017 09:35:13 - 28.11.2017 09:35:24. Отключение/включениеФидера2.ВыключательавтоматическийS803C-D80,80А

28.11.2017 09:35:13 - 28.11.2017 09:35:24. ОтключениевходногорубильникаФидера1.Выключатель-разъединительDPX-IS2503P

28.11.2017 09:35:13 - 28.11.2017 09:35:25. ОтключениеФидера1.ВыключательавтоматическийS803C-D80,80А

28.11.2017 09:35:13 - 28.11.2017 09:35:25. Отключение/включениедоп.выводаФидера2.ВыключательавтоматическийS203-D25,25А

28.11.2017 09:35:25. ОтключениеФидера1.КонтакторAF80-30-00-13,100-250В,125А

28.11.2017 09:35:13 - 28.11.2017 09:35:25. Подачипитаниянарасцепители.КонтакторESB40-40-24AC/DC

28.11.2017 09:35:13 - 28.11.2017 09:35:25. Неисправностьвцепяхрелеконтролячастотыинапряжения.ВыключательавтоматическийS203-C0.5,0.5А

28.11.2017 09:35:13 - 28.11.2017 09:35:25. Неисправностьвцепяхрелеконтролячастотыинапряжения.ВыключательавтоматическийS203-C0.5,0.5А

28.11.2017 09:35:25. ОтключениеФидера2.КонтакторAF80-30-00-13,100-250В,125А

28.11.2017 09:35:25. ЗаменавставкизащитыФидера1.ОграничительимпульсныхперенапряженийFLASHTRABFLT-CP-PLUS-3C-350

28.11.2017 09:35:26. ЗаменавставкизащитыФидера2.ОграничительимпульсныхперенапряженийFLASHTRABFLT-CP-PLUS-3C-350

28.11.2017 09:35:26. ЗаменавставкизащитыДГА.ОграничительимпульсныхперенапряженийFLASHTRABFLT-CP-PLUS-3C-350

28.11.2017 09:35:13 - 28.11.2017 09:35:26. Неисправностьвцепяхрелеконтролячастотыинапряжения.ВыключательавтоматическийS203-C0.5,0.5А

28.11.2017 09:35:13 - 28.11.2017 09:35:26. Неисправностьвцепяхрелеконтролячастотыинапряжения.ВыключательавтоматическийS203-C0.5,0.5А

28.11.2017 09:35:26. ОтключениеДГА.КонтакторAF80-30-00-13,100-250В,125А

28.11.2017 09:35:13 - 28.11.2017 09:35:26. ОтключениеАКБисточникавторичногоэлектропитания24В.ВыключательавтоматическийS202M-C6UC,6А

28.11.2017 09:35:13 - 28.11.2017 09:35:27. Отключениепитаниявентиляторов.ВыключательавтоматическийS201-D2NA,2А

28.11.2017 09:35:13 - 28.11.2017 09:35:27. Отключение/включениепитаниясхемыАОП.ВыключательавтоматическийS202M-C50UC,50А

28.11.2017 09:35:13 - 28.11.2017 09:35:27. Отключение/включениепитаниясхемыАОП.ВыключательавтоматическийS202M-C50UC,50А

28.11.2017 09:35:13 - 28.11.2017 09:35:27. ОтключениегарантированногоэлектропитанияМПЦ.ВыключательавтоматическийS201-D10NA,10А,ВыключательавтоматическийS201-C1NA,1А

28.11.2017 09:35:13 - 28.11.2017 09:35:27. ОтключениегарантированногоэлектропитанияМПЦ.ВыключательавтоматическийS201-D10NA,10А,ВыключательавтоматическийS201-C1NA,1А

28.11.2017 09:35:13 - 28.11.2017 09:35:27. ОтключениегарантированногоэлектропитанияМПЦ.ВыключательавтоматическийS201-D10NA,10А,ВыключательавтоматическийS201-C1NA,1А

28.11.2017 09:35:13 - 28.11.2017 09:35:28. Отключениеосвещениягарантированноепитание.ВыключательавтоматическийдифференциальноготокаDS202MAC-C6/0.03

28.11.2017 09:35:13 - 28.11.2017 09:35:28. ОтключениегарантированногоэлектропитанияМПЦ.ВыключательавтоматическийS201-D10NA,10А,ВыключательавтоматическийS201-C1NA,1А

28.11.2017 09:35:13 - 28.11.2017 09:35:28. Отключение/включениепитанияустройстваконтролясопротивленияизоляции.ВыключательавтоматическийS201-C1NA,1А

28.11.2017 09:35:13 - 28.11.2017 09:35:28. Отключениепитаниярабочихцепей220Впостоянноготока(входныхсветофоров,стрелки,выходныеиманевровыесветофорыирезерв1000Вт).ВыключательавтоматическийS203-D20NA,20А,ВыключательавтоматическийS202M-C20UC,20А,ВыключательавтоматическийS202M-C0.5UC,0.5А,ВыключательавтоматическийS202M-C2UC,2А,ВыключательавтоматическийS202M-C6UC,6А

28.11.2017 09:35:13 - 28.11.2017 09:35:28. ОтключениегарантированногоэлектропитанияМПЦ.ВыключательавтоматическийS201-D10NA,10А,ВыключательавтоматическийS201-C1NA,1А

28.11.2017 09:35:13 - 28.11.2017 09:35:28. ОтключениебесперебойногоэлектропитанияМПЦ(резерв.комплект).ВыключательавтоматическийS201-D10NA,10А,ВыключательавтоматическийS201-C1NA,1А,ВыключательавтоматическийS201-C0.5NA,0.5А,ВыключательавтоматическийS201-C6NA,6А

28.11.2017 09:35:13 - 28.11.2017 09:35:28. ОтключениебесперебойногоэлектропитанияМПЦ(резерв.комплект).ВыключательавтоматическийS201-D10NA,10А,ВыключательавтоматическийS201-C1NA,1А,ВыключательавтоматическийS201-C0.5NA,0.5А,ВыключательавтоматическийS201-C6NA,6А

28.11.2017 09:35:13 - 28.11.2017 09:35:29. ОтключениебесперебойногоэлектропитанияМПЦ(резерв.комплект).ВыключательавтоматическийS201-D10NA,10А,ВыключательавтоматическийS201-C1NA,1А,ВыключательавтоматическийS201-C0.5NA,0.5А,ВыключательавтоматическийS201-C6NA,6А

28.11.2017 09:35:13 - 28.11.2017 09:35:29. ОтключениебезперебойногопитаниящитаЩР1.ВыключательавтоматическийS203-D40NA,40А

28.11.2017 09:35:13 - 28.11.2017 09:35:29. Отключениепитания24ВЩкафовМПЦДнепр.ВыключательавтоматическийS202M-C8UC,8А,ВыключательавтоматическийS202M-C1UC,1А,ВыключательавтоматическийS202M-C20UC,20А,ВыключательавтоматическийS202M-C6UC,6А,ВыключательавтоматическийS202M-C0.5UC,0.5А,

28.11.2017 09:35:13 - 28.11.2017 09:35:29. ОтключениебесперебойногоэлектропитанияМПЦ(резерв.комплект).ВыключательавтоматическийS201-D10NA,10А,ВыключательавтоматическийS201-C1NA,1А,ВыключательавтоматическийS201-C0.5NA,0.5А,ВыключательавтоматическийS201-C6NA,6А

28.11.2017 09:35:13 - 28.11.2017 09:35:29. ОтключениебесперебойногоэлектропитанияМПЦ(резерв.комплект).ВыключательавтоматическийS201-D10NA,10А,ВыключательавтоматическийS201-C1NA,1А,ВыключательавтоматическийS201-C0.5NA,0.5А,ВыключательавтоматическийS201-C6NA,6А

28.11.2017 09:35:13 - 28.11.2017 09:35:29. ОтключениебесперебойногоэлектропитанияМПЦ(резерв.комплект).ВыключательавтоматическийS201-D10NA,10А,ВыключательавтоматическийS201-C1NA,1А,ВыключательавтоматическийS201-C0.5NA,0.5А,ВыключательавтоматическийS201-C6NA,6А

28.11.2017 09:35:13 - 28.11.2017 09:35:29. ОтключениебесперебойногоэлектропитанияМПЦ(резерв.комплект).ВыключательавтоматическийS201-D10NA,10А,ВыключательавтоматическийS201-C1NA,1А,ВыключательавтоматическийS201-C0.5NA,0.5А,ВыключательавтоматическийS201-C6NA,6А

28.11.2017 09:35:13 - 28.11.2017 09:35:29. ОтключениегарантированноепитаниящитаЩР1.ВыключательавтоматическийS203-D40NA,40А

28.11.2017 09:35:13 - 28.11.2017 09:35:30. Отключениепитаниярабочихцепей220Впостоянноготока(входныхсветофоров,стрелки,выходныеиманевровыесветофорыирезерв1000Вт).ВыключательавтоматическийS203-D20NA,20А,ВыключательавтоматическийS202M-C20UC,20А,ВыключательавтоматическийS202M-C0.5UC,0.5А,ВыключательавтоматическийS202M-C2UC,2А,ВыключательавтоматическийS202M-C6UC,6А

28.11.2017 09:35:13 - 28.11.2017 09:35:30. ОтключениегарантированногоэлектропитанияМПЦ.ВыключательавтоматическийS201-D10NA,10А,ВыключательавтоматическийS201-C1NA,1А

28.11.2017 09:35:13 - 28.11.2017 09:35:30. Отключениепитаниярабочихцепей220Впостоянноготока(входныхсветофоров,стрелки,выходныеиманевровыесветофорыирезерв1000Вт).ВыключательавтоматическийS203-D20NA,20А,ВыключательавтоматическийS202M-C20UC,20А,ВыключательавтоматическийS202M-C0.5UC,0.5А,ВыключательавтоматическийS202M-C2UC,2А,ВыключательавтоматическийS202M-C6UC,6А

28.11.2017 09:35:13 - 28.11.2017 09:35:30. Отключениеконтроляперегоранияпредохранителей.ВыключательавтоматическийS202M-C0.5UC,0.5А

28.11.2017 09:35:13 - 28.11.2017 09:35:30. ОтключениесобственныхнуждДГАгарантированноепитание.ВыключательавтоматическийдифференциальноготокаDS202MAC-C6/0.03

28.11.2017 09:35:13 - 28.11.2017 09:35:30. Отключениепитаниярабочихцепей220Впостоянноготока(входныхсветофоров,стрелки,выходныеиманевровыесветофорыирезерв1000Вт).ВыключательавтоматическийS203-D20NA,20А,ВыключательавтоматическийS202M-C20UC,20А,ВыключательавтоматическийS202M-C0.5UC,0.5А,ВыключательавтоматическийS202M-C2UC,2А,ВыключательавтоматическийS202M-C6UC,6А

28.11.2017 09:35:13 - 28.11.2017 09:35:30. Отключениерезерва220В2500Втгарантированногопитяния.ВыключательавтоматическийдифференциальноготокаDS202MAC-C16/0.03

28.11.2017 09:35:13 - 28.11.2017 09:35:30. Отключениепитаниярабочихцепей220Впостоянноготока(входныхсветофоров,стрелки,выходныеиманевровыесветофорыирезерв1000Вт).ВыключательавтоматическийS203-D20NA,20А,ВыключательавтоматическийS202M-C20UC,20А,ВыключательавтоматическийS202M-C0.5UC,0.5А,ВыключательавтоматическийS202M-C2UC,2А,ВыключательавтоматическийS202M-C6UC,6А

28.11.2017 09:35:31. ЗаменавставкиузипщитаЩР1бесперебойногопитания.ОграничительимпульсныхперенапряженийVAL-CP-3C-350-VF

28.11.2017 09:35:31. ЗаменавставкиузипщитаЩР1гарантированногопитания.ОграничительимпульсныхперенапряженийVAL-CP-3C-350-VF

28.11.2017 09:35:13 - 28.11.2017 09:35:31. ОтключениеПОС,АПТгарантированногопитания.ВыключательавтоматическийдифференциальноготокаDS202MAC-C16/0.03

28.11.2017 09:35:13 - 28.11.2017 09:35:31. ОтключениебесперебойногоэлектропитанияМПЦ(резерв.комплект).ВыключательавтоматическийS201-D10NA,10А,ВыключательавтоматическийS201-C1NA,1А,ВыключательавтоматическийS201-C0.5NA,0.5А,ВыключательавтоматическийS201-C6NA,6А

28.11.2017 09:35:13 - 28.11.2017 09:35:31. ОтключениебесперебойногоэлектропитанияМПЦ(резерв.комплект).ВыключательавтоматическийS201-D10NA,10А,ВыключательавтоматическийS201-C1NA,1А,ВыключательавтоматическийS201-C0.5NA,0.5А,ВыключательавтоматическийS201-C6NA,6А

28.11.2017 09:35:13 - 28.11.2017 09:35:31. ОтключениебесперебойногоэлектропитанияМПЦ(резерв.комплект).ВыключательавтоматическийS201-D10NA,10А,ВыключательавтоматическийS201-C1NA,1А,ВыключательавтоматическийS201-C0.5NA,0.5А,ВыключательавтоматическийS201-C6NA,6А

28.11.2017 09:35:13 - 28.11.2017 09:35:31. Отключениекондиционированиерелейнойгарантированногопитания.ВыключательавтоматическийдифференциальноготокаDS202MAC-C40/0.03

28.11.2017 09:35:13 - 28.11.2017 09:35:31. ОтключениебесперебойногоэлектропитанияМПЦ(резерв.комплект).ВыключательавтоматическийS201-D10NA,10А,ВыключательавтоматическийS201-C1NA,1А,ВыключательавтоматическийS201-C0.5NA,0.5А,ВыключательавтоматическийS201-C6NA,6А

28.11.2017 09:35:24 - 28.11.2017 09:35:34. Отключение/включениевходногорубильникаДГА.Выключатель-разъединительDPX-IS2503P

28.11.2017 09:35:34. СрабатываниезащитыФидера1.ОграничительимпульсныхперенапряженийFLASHTRABFLT-CP-PLUS-3C-350

28.11.2017 09:35:34. СрабатываниезащитыФидера2.ОграничительимпульсныхперенапряженийFLASHTRABFLT-CP-PLUS-3C-350

28.11.2017 09:35:24 - 28.11.2017 09:35:34. Отключение/включениеДГА.ВыключательавтоматическийS803C-D80,80А

28.11.2017 09:35:24 - 28.11.2017 09:35:35. Отключение/включениевходногорубильникаФидера2.Выключатель-разъединительDPX-IS2503P

28.11.2017 09:35:24 - 28.11.2017 09:35:35. Отключение/включениеФидера2.ВыключательавтоматическийS803C-D80,80А

28.11.2017 09:35:24 - 28.11.2017 09:35:35. ОтключениевходногорубильникаФидера1.Выключатель-разъединительDPX-IS2503P

28.11.2017 09:35:25 - 28.11.2017 09:35:35. ОтключениеФидера1.ВыключательавтоматическийS803C-D80,80А

28.11.2017 09:35:25 - 28.11.2017 09:35:35. Отключение/включениедоп.выводаФидера2.ВыключательавтоматическийS203-D25,25А

28.11.2017 09:35:35. ОтключениеФидера1.КонтакторAF80-30-00-13,100-250В,125А

28.11.2017 09:35:25 - 28.11.2017 09:35:35. Подачипитаниянарасцепители.КонтакторESB40-40-24AC/DC

28.11.2017 09:35:25 - 28.11.2017 09:35:35. Неисправностьвцепяхрелеконтролячастотыинапряжения.ВыключательавтоматическийS203-C0.5,0.5А

28.11.2017 09:35:25 - 28.11.2017 09:35:36. Неисправностьвцепяхрелеконтролячастотыинапряжения.ВыключательавтоматическийS203-C0.5,0.5А

28.11.2017 09:35:36. ОтключениеФидера2.КонтакторAF80-30-00-13,100-250В,125А

28.11.2017 09:35:36. ЗаменавставкизащитыФидера1.ОграничительимпульсныхперенапряженийFLASHTRABFLT-CP-PLUS-3C-350

28.11.2017 09:35:36. ЗаменавставкизащитыФидера2.ОграничительимпульсныхперенапряженийFLASHTRABFLT-CP-PLUS-3C-350

28.11.2017 09:35:36. ЗаменавставкизащитыДГА.ОграничительимпульсныхперенапряженийFLASHTRABFLT-CP-PLUS-3C-350

28.11.2017 09:35:26 - 28.11.2017 09:35:36. Неисправностьвцепяхрелеконтролячастотыинапряжения.ВыключательавтоматическийS203-C0.5,0.5А

28.11.2017 09:35:26 - 28.11.2017 09:35:36. Неисправностьвцепяхрелеконтролячастотыинапряжения.ВыключательавтоматическийS203-C0.5,0.5А

28.11.2017 09:35:36. ОтключениеДГА.КонтакторAF80-30-00-13,100-250В,125А

28.11.2017 09:35:26 - 28.11.2017 09:35:37. ОтключениеАКБисточникавторичногоэлектропитания24В.ВыключательавтоматическийS202M-C6UC,6А

