24.01.2018 08:31:05. Отключение/включение безперебойного питания щита ЩР. Выключатель автоматический S203-D25NA, 25А

24.01.2018 08:31:05. Отключение/включение питания ТШ, КПТШ. Выключатель автоматический S201-D3NA, 3А, Выключатель автоматический S201-C3NA, 3А

24.01.2018 08:31:05. Отключение линейных цепей с груп. ист. пит.. Выключатель автоматический S201-D3NA, 3А, Выключатель автоматический S201-C3NA, 3А

24.01.2018 08:31:05. Отключение питания контроля стрелок. Выключатель автоматический S201-D3NA, 3А, Выключатель автоматический S201-C3NA, 3А

24.01.2018 08:31:05. Отключение питания преобразователя 24 В собственных нужд СЭС. Выключатель автоматический S201-C2NA,  1А

24.01.2018 08:31:05. Отключение питания резерва 220 В 1600 Вт. Выключатель автоматический S201-D10NA,  10А, Выключатель автоматический S201-C10NA,  10А

24.01.2018 08:31:05. Отключение/включение питания устр. контр. сопр. изоляции. Выключатель автоматический S201-C1NA, 1А

24.01.2018 08:31:05. Замена вставки узип щита ЩР. Ограничитель импульсных перенапряжений VAL-CP-3C-350-VF

24.01.2018 08:31:05. Отключение/включение питания ТШ, КПТШ. Выключатель автоматический S201-D3NA, 3А, Выключатель автоматический S201-C3NA, 3А

24.01.2018 08:31:05. Отключение гарантированного электропитания МПЦ. Выключатель автоматический S201-D10NA, 10А, Выключатель автоматический S201-C1NA,  1А

24.01.2018 08:31:05. Отключение бесперебойного электропитания МПЦ (осн. комп.). Выключатель автоматический S201-D10NA, 10А, Выключатель автоматический S201-C1NA, 1А, Выключатель автоматический S201-C0.5NA, 0.5А, Выключатель автоматический S201-C6NA, 6А,

24.01.2018 08:31:05. Отключение освещения гарантированное питание. Выключатель автоматический дифференциального тока DS202 M AC-C6/0.03

24.01.2018 08:31:05. Отключение станционного питания 24 В (реле ЭЦ, пульт отвественных команд, резерв 300 Вт). Выключатель автоматический S202M-C8UC, 8А, Выключатель автоматический S202M-C0.5UC, 0.5А, Выключатель автоматический S201-C16NA, 16А

24.01.2018 08:31:05. Отключение гарантированного электропитания МПЦ. Выключатель автоматический S201-D10NA, 10А, Выключатель автоматический S201-C1NA,  1А

24.01.2018 08:31:05. Отключение бесперебойного электропитания МПЦ (осн. комп.). Выключатель автоматический S201-D10NA, 10А, Выключатель автоматический S201-C1NA, 1А, Выключатель автоматический S201-C0.5NA, 0.5А, Выключатель автоматический S201-C6NA, 6А,

24.01.2018 08:31:05. Отключение гарантированного электропитания МПЦ. Выключатель автоматический S201-D10NA, 10А, Выключатель автоматический S201-C1NA,  1А

24.01.2018 08:31:05. Отключение бесперебойного электропитания МПЦ (осн. комп.). Выключатель автоматический S201-D10NA, 10А, Выключатель автоматический S201-C1NA, 1А, Выключатель автоматический S201-C0.5NA, 0.5А, Выключатель автоматический S201-C6NA, 6А,

24.01.2018 08:31:05. Отключение кондиционирование релейной гарантированного питания. Выключатель автоматический дифференциального тока DS202 M AC-C40/0.03

24.01.2018 08:31:05. Отключение питания 24 В Шкафов МПЦ Днепр. Выключатель автоматический S202M-C8UC, 8А, Выключатель автоматический S202M-C1UC, 1А, Выключатель автоматический S202M-C20UC, 20А, Выключатель автоматический S202M-C6UC, 6А, Выключатель автоматический S202M-C0.5UC, 0.5А,

24.01.2018 08:31:05. Отключение бесперебойного электропитания МПЦ (резерв. комплект). Выключатель автоматический S201-D10NA, 10А, Выключатель автоматический S201-C1NA, 1А, Выключатель автоматический S201-C0.5NA, 0.5А, Выключатель автоматический S201-C6NA, 6А

24.01.2018 08:31:13 - 24.01.2018 08:31:16. Срабатывание защиты Фидера1. Ограничитель импульсных перенапряжений FLASHTRAB FLT-CP-PLUS-3C-350

24.01.2018 08:31:14 - 24.01.2018 08:31:16. Отключение/включение Фидера2. Выключатель автоматический S803C-D80, 80А

24.01.2018 08:31:16. Отключение/включение Фидера2. Выключатель автоматический S803C-D80, 80А

24.01.2018 08:31:16. Отключение/включение ДГА.Выключательавтоматический S803C-D80,80А

24.01.2018 08:31:14 - 24.01.2018 08:31:17. Отключение/включение ДГА.Выключательавтоматический S803C-D80,80А

24.01.2018 08:31:17. Отключение/включение входного рубильника ДГА. Выключатель-разъединитель DPX-IS 250 3P

24.01.2018 08:31:14 - 24.01.2018 08:31:17. Отключение/включение входного рубильника ДГА. Выключатель-разъединитель DPX-IS 250 3P

24.01.2018 08:31:17. Отключение/включение доп. вывода Фидера2. Выключатель автоматический S203-D25,  25А

24.01.2018 08:31:13 - 24.01.2018 08:31:16. Отключение/включение ДГА. Выключатель автоматический S803C-D80, 80А

24.01.2018 08:31:15 - 24.01.2018 08:31:17. Отключение входного рубильника Фидера1. Выключатель-разъединитель DPX-IS 250 3P

24.01.2018 08:31:15 - 24.01.2018 08:31:18. Подачи питания на расцепители. Контактор ESB40-40-24AC/DC

24.01.2018 08:31:16. Срабатывание защиты Фидера1. Ограничитель импульсных перенапряжений FLASHTRAB FLT-CP-PLUS-3C-350

