23.11.2017 16:48:03. Отключение/включениепитаниясхемыАОП.ВыключательавтоматическийS202M-C50UC,50А

23.11.2017 16:48:03. Отключение/включениепитаниясхемыАОП.ВыключательавтоматическийS202M-C50UC,50А

23.11.2017 16:48:03. ОтключениегарантированногоэлектропитанияМПЦ.ВыключательавтоматическийS201-D10NA,10А,ВыключательавтоматическийS201-C1NA,1А

23.11.2017 16:48:03. ОтключениегарантированногоэлектропитанияМПЦ.ВыключательавтоматическийS201-D10NA,10А,ВыключательавтоматическийS201-C1NA,1А

23.11.2017 16:48:03. ОтключениегарантированногоэлектропитанияМПЦ.ВыключательавтоматическийS201-D10NA,10А,ВыключательавтоматическийS201-C1NA,1А

23.11.2017 16:48:04. Отключениеосвещениягарантированноепитание.ВыключательавтоматическийдифференциальноготокаDS202MAC-C6/0.03

23.11.2017 16:48:04. ОтключениегарантированногоэлектропитанияМПЦ.ВыключательавтоматическийS201-D10NA,10А,ВыключательавтоматическийS201-C1NA,1А

23.11.2017 16:48:04. Отключение/включениепитанияустройстваконтролясопротивленияизоляции.ВыключательавтоматическийS201-C1NA,1А

23.11.2017 16:48:04. Отключениепитаниярабочихцепей220Впостоянноготока(входныхсветофоров,стрелки,выходныеиманевровыесветофорыирезерв1000Вт).ВыключательавтоматическийS203-D20NA,20А,ВыключательавтоматическийS202M-C20UC,20А,ВыключательавтоматическийS202M-C0.5UC,0.5А,ВыключательавтоматическийS202M-C2UC,2А,ВыключательавтоматическийS202M-C6UC,6А

23.11.2017 16:48:04. ОтключениегарантированногоэлектропитанияМПЦ.ВыключательавтоматическийS201-D10NA,10А,ВыключательавтоматическийS201-C1NA,1А

23.11.2017 16:48:04. ОтключениебесперебойногоэлектропитанияМПЦ(резерв.комплект).ВыключательавтоматическийS201-D10NA,10А,ВыключательавтоматическийS201-C1NA,1А,ВыключательавтоматическийS201-C0.5NA,0.5А,ВыключательавтоматическийS201-C6NA,6А

23.11.2017 16:48:04. ОтключениебесперебойногоэлектропитанияМПЦ(резерв.комплект).ВыключательавтоматическийS201-D10NA,10А,ВыключательавтоматическийS201-C1NA,1А,ВыключательавтоматическийS201-C0.5NA,0.5А,ВыключательавтоматическийS201-C6NA,6А

23.11.2017 16:48:04. ОтключениебесперебойногоэлектропитанияМПЦ(резерв.комплект).ВыключательавтоматическийS201-D10NA,10А,ВыключательавтоматическийS201-C1NA,1А,ВыключательавтоматическийS201-C0.5NA,0.5А,ВыключательавтоматическийS201-C6NA,6А

23.11.2017 16:48:04. ОтключениебезперебойногопитаниящитаЩР1.ВыключательавтоматическийS203-D40NA,40А

23.11.2017 16:48:05. ОтключениебесперебойногоэлектропитанияМПЦ(резерв.комплект).ВыключательавтоматическийS201-D10NA,10А,ВыключательавтоматическийS201-C1NA,1А,ВыключательавтоматическийS201-C0.5NA,0.5А,ВыключательавтоматическийS201-C6NA,6А

23.11.2017 16:48:05. ОтключениебесперебойногоэлектропитанияМПЦ(резерв.комплект).ВыключательавтоматическийS201-D10NA,10А,ВыключательавтоматическийS201-C1NA,1А,ВыключательавтоматическийS201-C0.5NA,0.5А,ВыключательавтоматическийS201-C6NA,6А

23.11.2017 16:48:05. ОтключениебесперебойногоэлектропитанияМПЦ(резерв.комплект).ВыключательавтоматическийS201-D10NA,10А,ВыключательавтоматическийS201-C1NA,1А,ВыключательавтоматическийS201-C0.5NA,0.5А,ВыключательавтоматическийS201-C6NA,6А

23.11.2017 16:48:05. ОтключениебесперебойногоэлектропитанияМПЦ(резерв.комплект).ВыключательавтоматическийS201-D10NA,10А,ВыключательавтоматическийS201-C1NA,1А,ВыключательавтоматическийS201-C0.5NA,0.5А,ВыключательавтоматическийS201-C6NA,6А

23.11.2017 16:48:05. ОтключениегарантированноепитаниящитаЩР1.ВыключательавтоматическийS203-D40NA,40А

23.11.2017 16:48:05. Отключениепитаниярабочихцепей220Впостоянноготока(входныхсветофоров,стрелки,выходныеиманевровыесветофорыирезерв1000Вт).ВыключательавтоматическийS203-D20NA,20А,ВыключательавтоматическийS202M-C20UC,20А,ВыключательавтоматическийS202M-C0.5UC,0.5А,ВыключательавтоматическийS202M-C2UC,2А,ВыключательавтоматическийS202M-C6UC,6А

23.11.2017 16:48:05. ОтключениегарантированногоэлектропитанияМПЦ.ВыключательавтоматическийS201-D10NA,10А,ВыключательавтоматическийS201-C1NA,1А

23.11.2017 16:48:05. Отключениепитаниярабочихцепей220Впостоянноготока(входныхсветофоров,стрелки,выходныеиманевровыесветофорыирезерв1000Вт).ВыключательавтоматическийS203-D20NA,20А,ВыключательавтоматическийS202M-C20UC,20А,ВыключательавтоматическийS202M-C0.5UC,0.5А,ВыключательавтоматическийS202M-C2UC,2А,ВыключательавтоматическийS202M-C6UC,6А

23.11.2017 16:48:05. ОтключениесобственныхнуждДГАгарантированноепитание.ВыключательавтоматическийдифференциальноготокаDS202MAC-C6/0.03

23.11.2017 16:48:06. Отключениепитаниярабочихцепей220Впостоянноготока(входныхсветофоров,стрелки,выходныеиманевровыесветофорыирезерв1000Вт).ВыключательавтоматическийS203-D20NA,20А,ВыключательавтоматическийS202M-C20UC,20А,ВыключательавтоматическийS202M-C0.5UC,0.5А,ВыключательавтоматическийS202M-C2UC,2А,ВыключательавтоматическийS202M-C6UC,6А

23.11.2017 16:48:06. Отключениерезерва220В2500Втгарантированногопитяния.ВыключательавтоматическийдифференциальноготокаDS202MAC-C16/0.03

23.11.2017 16:48:06. Отключениепитаниярабочихцепей220Впостоянноготока(входныхсветофоров,стрелки,выходныеиманевровыесветофорыирезерв1000Вт).ВыключательавтоматическийS203-D20NA,20А,ВыключательавтоматическийS202M-C20UC,20А,ВыключательавтоматическийS202M-C0.5UC,0.5А,ВыключательавтоматическийS202M-C2UC,2А,ВыключательавтоматическийS202M-C6UC,6А

23.11.2017 16:47:43 - 23.11.2017 16:48:06. ЗаменавставкиузипщитаЩР1бесперебойногопитания.ОграничительимпульсныхперенапряженийVAL-CP-3C-350-VF

23.11.2017 16:47:43 - 23.11.2017 16:48:06. ЗаменавставкиузипщитаЩР1гарантированногопитания.ОграничительимпульсныхперенапряженийVAL-CP-3C-350-VF

23.11.2017 16:48:06. ОтключениеПОС,АПТгарантированногопитания.ВыключательавтоматическийдифференциальноготокаDS202MAC-C16/0.03

23.11.2017 16:48:06. ОтключениебесперебойногоэлектропитанияМПЦ(резерв.комплект).ВыключательавтоматическийS201-D10NA,10А,ВыключательавтоматическийS201-C1NA,1А,ВыключательавтоматическийS201-C0.5NA,0.5А,ВыключательавтоматическийS201-C6NA,6А

23.11.2017 16:48:06. ОтключениебесперебойногоэлектропитанияМПЦ(резерв.комплект).ВыключательавтоматическийS201-D10NA,10А,ВыключательавтоматическийS201-C1NA,1А,ВыключательавтоматическийS201-C0.5NA,0.5А,ВыключательавтоматическийS201-C6NA,6А

23.11.2017 16:48:07. ОтключениебесперебойногоэлектропитанияМПЦ(резерв.комплект).ВыключательавтоматическийS201-D10NA,10А,ВыключательавтоматическийS201-C1NA,1А,ВыключательавтоматическийS201-C0.5NA,0.5А,ВыключательавтоматическийS201-C6NA,6А

23.11.2017 16:48:07. Отключениекондиционированиерелейнойгарантированногопитания.ВыключательавтоматическийдифференциальноготокаDS202MAC-C40/0.03

23.11.2017 16:48:07. ОтключениебесперебойногоэлектропитанияМПЦ(резерв.комплект).ВыключательавтоматическийS201-D10NA,10А,ВыключательавтоматическийS201-C1NA,1А,ВыключательавтоматическийS201-C0.5NA,0.5А,ВыключательавтоматическийS201-C6NA,6А

23.11.2017 16:48:00 - 23.11.2017 16:48:15. Отключение/включениевходногорубильникаДГА.Выключатель-разъединительDPX-IS2503P

23.11.2017 16:48:15. СрабатываниезащитыФидера1.ОграничительимпульсныхперенапряженийFLASHTRABFLT-CP-PLUS-3C-350

23.11.2017 16:48:16. СрабатываниезащитыФидера2.ОграничительимпульсныхперенапряженийFLASHTRABFLT-CP-PLUS-3C-350

23.11.2017 16:48:01 - 23.11.2017 16:48:16. Отключение/включениеДГА.ВыключательавтоматическийS803C-D80,80А

23.11.2017 16:48:01 - 23.11.2017 16:48:16. Отключение/включениевходногорубильникаФидера2.Выключатель-разъединительDPX-IS2503P

23.11.2017 16:48:01 - 23.11.2017 16:48:16. Отключение/включениеФидера2.ВыключательавтоматическийS803C-D80,80А

23.11.2017 16:48:01 - 23.11.2017 16:48:16. ОтключениевходногорубильникаФидера1.Выключатель-разъединительDPX-IS2503P

23.11.2017 16:48:01 - 23.11.2017 16:48:16. ОтключениеФидера1.ВыключательавтоматическийS803C-D80,80А

23.11.2017 16:48:01 - 23.11.2017 16:48:16. Отключение/включениедоп.выводаФидера2.ВыключательавтоматическийS203-D25,25А

23.11.2017 16:48:16. ОтключениеФидера1.КонтакторAF80-30-00-13,100-250В,125А

23.11.2017 16:48:01 - 23.11.2017 16:48:17. Подачипитаниянарасцепители.КонтакторESB40-40-24AC/DC

23.11.2017 16:48:02 - 23.11.2017 16:48:17. Неисправностьвцепяхрелеконтролячастотыинапряжения.ВыключательавтоматическийS203-C0.5,0.5А

23.11.2017 16:48:02 - 23.11.2017 16:48:17. Неисправностьвцепяхрелеконтролячастотыинапряжения.ВыключательавтоматическийS203-C0.5,0.5А

23.11.2017 16:48:17. ОтключениеФидера2.КонтакторAF80-30-00-13,100-250В,125А

23.11.2017 16:48:17. ЗаменавставкизащитыФидера1.ОграничительимпульсныхперенапряженийFLASHTRABFLT-CP-PLUS-3C-350

23.11.2017 16:48:17. ЗаменавставкизащитыФидера2.ОграничительимпульсныхперенапряженийFLASHTRABFLT-CP-PLUS-3C-350

23.11.2017 16:48:17. ЗаменавставкизащитыДГА.ОграничительимпульсныхперенапряженийFLASHTRABFLT-CP-PLUS-3C-350

23.11.2017 16:48:02 - 23.11.2017 16:48:17. Неисправностьвцепяхрелеконтролячастотыинапряжения.ВыключательавтоматическийS203-C0.5,0.5А

23.11.2017 16:48:02 - 23.11.2017 16:48:18. Неисправностьвцепяхрелеконтролячастотыинапряжения.ВыключательавтоматическийS203-C0.5,0.5А

23.11.2017 16:48:18. ОтключениеДГА.КонтакторAF80-30-00-13,100-250В,125А

23.11.2017 16:48:03 - 23.11.2017 16:48:18. ОтключениеАКБисточникавторичногоэлектропитания24В.ВыключательавтоматическийS202M-C6UC,6А

23.11.2017 16:48:03 - 23.11.2017 16:48:18. Отключение/включениепитаниясхемыАОП.ВыключательавтоматическийS202M-C50UC,50А

23.11.2017 16:48:03 - 23.11.2017 16:48:18. Отключение/включениепитаниясхемыАОП.ВыключательавтоматическийS202M-C50UC,50А

23.11.2017 16:48:03 - 23.11.2017 16:48:18. ОтключениегарантированногоэлектропитанияМПЦ.ВыключательавтоматическийS201-D10NA,10А,ВыключательавтоматическийS201-C1NA,1А

23.11.2017 16:48:03 - 23.11.2017 16:48:18. ОтключениегарантированногоэлектропитанияМПЦ.ВыключательавтоматическийS201-D10NA,10А,ВыключательавтоматическийS201-C1NA,1А

23.11.2017 16:48:03 - 23.11.2017 16:48:19. ОтключениегарантированногоэлектропитанияМПЦ.ВыключательавтоматическийS201-D10NA,10А,ВыключательавтоматическийS201-C1NA,1А

23.11.2017 16:52:30. СрабатываниезащитыФидера1.ОграничительимпульсныхперенапряженийFLASHTRABFLT-CP-PLUS-3C-350

23.11.2017 16:52:30. СрабатываниезащитыФидера2.ОграничительимпульсныхперенапряженийFLASHTRABFLT-CP-PLUS-3C-350

23.11.2017 16:52:30. ОтключениеФидера1.КонтакторAF80-30-00-13,100-250В,125А

23.11.2017 16:52:30. ОтключениеФидера2.КонтакторAF80-30-00-13,100-250В,125А

23.11.2017 16:52:30. ЗаменавставкизащитыФидера1.ОграничительимпульсныхперенапряженийFLASHTRABFLT-CP-PLUS-3C-350

23.11.2017 16:52:30. ЗаменавставкизащитыФидера2.ОграничительимпульсныхперенапряженийFLASHTRABFLT-CP-PLUS-3C-350

23.11.2017 16:52:30. ЗаменавставкизащитыДГА.ОграничительимпульсныхперенапряженийFLASHTRABFLT-CP-PLUS-3C-350

23.11.2017 16:52:30. ОтключениеДГА.КонтакторAF80-30-00-13,100-250В,125А

23.11.2017 16:52:30. ЗаменавставкиузипщитаЩР1бесперебойногопитания.ОграничительимпульсныхперенапряженийVAL-CP-3C-350-VF

23.11.2017 16:52:30. ЗаменавставкиузипщитаЩР1гарантированногопитания.ОграничительимпульсныхперенапряженийVAL-CP-3C-350-VF

23.11.2017 16:53:27. СрабатываниезащитыФидера1.ОграничительимпульсныхперенапряженийFLASHTRABFLT-CP-PLUS-3C-350

23.11.2017 16:53:27. СрабатываниезащитыФидера2.ОграничительимпульсныхперенапряженийFLASHTRABFLT-CP-PLUS-3C-350

23.11.2017 16:53:27. ОтключениеФидера1.КонтакторAF80-30-00-13,100-250В,125А

23.11.2017 16:53:27. ОтключениеФидера2.КонтакторAF80-30-00-13,100-250В,125А

23.11.2017 16:53:27. ЗаменавставкизащитыФидера1.ОграничительимпульсныхперенапряженийFLASHTRABFLT-CP-PLUS-3C-350

23.11.2017 16:53:27. ЗаменавставкизащитыФидера2.ОграничительимпульсныхперенапряженийFLASHTRABFLT-CP-PLUS-3C-350

23.11.2017 16:53:27. ЗаменавставкизащитыДГА.ОграничительимпульсныхперенапряженийFLASHTRABFLT-CP-PLUS-3C-350

23.11.2017 16:53:27. ЗаменавставкиузипщитаЩР1гарантированногопитания.ОграничительимпульсныхперенапряженийVAL-CP-3C-350-VF

23.11.2017 16:53:27 - 23.11.2017 17:05:05. Отключение/включениевходногорубильникаДГА.Выключатель-разъединительDPX-IS2503P

23.11.2017 17:05:05. СрабатываниезащитыФидера1.ОграничительимпульсныхперенапряженийFLASHTRABFLT-CP-PLUS-3C-350

23.11.2017 17:05:05. СрабатываниезащитыФидера2.ОграничительимпульсныхперенапряженийFLASHTRABFLT-CP-PLUS-3C-350

23.11.2017 16:53:27 - 23.11.2017 17:05:05. Отключение/включениеДГА.ВыключательавтоматическийS803C-D80,80А

23.11.2017 16:53:27 - 23.11.2017 17:05:05. Отключение/включениевходногорубильникаФидера2.Выключатель-разъединительDPX-IS2503P

23.11.2017 16:53:27 - 23.11.2017 17:05:06. Отключение/включениеФидера2.ВыключательавтоматическийS803C-D80,80А

23.11.2017 16:53:27 - 23.11.2017 17:05:06. ОтключениевходногорубильникаФидера1.Выключатель-разъединительDPX-IS2503P

23.11.2017 16:53:27 - 23.11.2017 17:05:06. ОтключениеФидера1.ВыключательавтоматическийS803C-D80,80А

23.11.2017 16:53:27 - 23.11.2017 17:05:06. Отключение/включениедоп.выводаФидера2.ВыключательавтоматическийS203-D25,25А

23.11.2017 17:05:06. ОтключениеФидера1.КонтакторAF80-30-00-13,100-250В,125А

23.11.2017 16:53:27 - 23.11.2017 17:05:06. Подачипитаниянарасцепители.КонтакторESB40-40-24AC/DC

23.11.2017 16:53:27 - 23.11.2017 17:05:06. Неисправностьвцепяхрелеконтролячастотыинапряжения.ВыключательавтоматическийS203-C0.5,0.5А

23.11.2017 16:53:27 - 23.11.2017 17:05:06. Неисправностьвцепяхрелеконтролячастотыинапряжения.ВыключательавтоматическийS203-C0.5,0.5А

23.11.2017 17:05:06. ОтключениеФидера2.КонтакторAF80-30-00-13,100-250В,125А

23.11.2017 17:05:07. ЗаменавставкизащитыФидера1.ОграничительимпульсныхперенапряженийFLASHTRABFLT-CP-PLUS-3C-350

23.11.2017 17:05:07. ЗаменавставкизащитыФидера2.ОграничительимпульсныхперенапряженийFLASHTRABFLT-CP-PLUS-3C-350

23.11.2017 17:05:07. ЗаменавставкизащитыДГА.ОграничительимпульсныхперенапряженийFLASHTRABFLT-CP-PLUS-3C-350

23.11.2017 16:53:27 - 23.11.2017 17:05:07. Неисправностьвцепяхрелеконтролячастотыинапряжения.ВыключательавтоматическийS203-C0.5,0.5А

23.11.2017 16:53:27 - 23.11.2017 17:05:07. Неисправностьвцепяхрелеконтролячастотыинапряжения.ВыключательавтоматическийS203-C0.5,0.5А

23.11.2017 17:05:07. ОтключениеДГА.КонтакторAF80-30-00-13,100-250В,125А

23.11.2017 16:53:27 - 23.11.2017 17:05:07. ОтключениеАКБисточникавторичногоэлектропитания24В.ВыключательавтоматическийS202M-C6UC,6А

28.11.2017 09:25:16. СрабатываниезащитыФидера1.ОграничительимпульсныхперенапряженийFLASHTRABFLT-CP-PLUS-3C-350

28.11.2017 09:25:16. СрабатываниезащитыФидера2.ОграничительимпульсныхперенапряженийFLASHTRABFLT-CP-PLUS-3C-350

28.11.2017 09:25:16. ОтключениеФидера1.КонтакторAF80-30-00-13,100-250В,125А

28.11.2017 09:25:17. ОтключениеФидера2.КонтакторAF80-30-00-13,100-250В,125А

28.11.2017 09:25:17. ЗаменавставкизащитыФидера1.ОграничительимпульсныхперенапряженийFLASHTRABFLT-CP-PLUS-3C-350

28.11.2017 09:25:17. ЗаменавставкизащитыФидера2.ОграничительимпульсныхперенапряженийFLASHTRABFLT-CP-PLUS-3C-350

28.11.2017 09:25:17. ЗаменавставкизащитыДГА.ОграничительимпульсныхперенапряженийFLASHTRABFLT-CP-PLUS-3C-350

28.11.2017 09:25:17. ОтключениеДГА.КонтакторAF80-30-00-13,100-250В,125А

28.11.2017 09:25:18. ЗаменавставкиузипщитаЩР1бесперебойногопитания.ОграничительимпульсныхперенапряженийVAL-CP-3C-350-VF

28.11.2017 09:25:18. ЗаменавставкиузипщитаЩР1гарантированногопитания.ОграничительимпульсныхперенапряженийVAL-CP-3C-350-VF

28.11.2017 09:25:19. Отключение/включениевходногорубильникаДГА.Выключатель-разъединительDPX-IS2503P

28.11.2017 09:25:16 - 28.11.2017 09:25:19. СрабатываниезащитыФидера1.ОграничительимпульсныхперенапряженийFLASHTRABFLT-CP-PLUS-3C-350

28.11.2017 09:25:16 - 28.11.2017 09:25:19. СрабатываниезащитыФидера2.ОграничительимпульсныхперенапряженийFLASHTRABFLT-CP-PLUS-3C-350

28.11.2017 09:25:19. Отключение/включениеДГА.ВыключательавтоматическийS803C-D80,80А

28.11.2017 09:25:19. Отключение/включениевходногорубильникаФидера2.Выключатель-разъединительDPX-IS2503P

28.11.2017 09:25:20. Отключение/включениеФидера2.ВыключательавтоматическийS803C-D80,80А

28.11.2017 09:25:20. ОтключениевходногорубильникаФидера1.Выключатель-разъединительDPX-IS2503P

28.11.2017 09:25:20. ОтключениеФидера1.ВыключательавтоматическийS803C-D80,80А

28.11.2017 09:25:20. Отключение/включениедоп.выводаФидера2.ВыключательавтоматическийS203-D25,25А

28.11.2017 09:25:16 - 28.11.2017 09:25:20. ОтключениеФидера1.КонтакторAF80-30-00-13,100-250В,125А

28.11.2017 09:25:20. Подачипитаниянарасцепители.КонтакторESB40-40-24AC/DC

28.11.2017 09:25:20. Неисправностьвцепяхрелеконтролячастотыинапряжения.ВыключательавтоматическийS203-C0.5,0.5А

28.11.2017 09:25:20. Неисправностьвцепяхрелеконтролячастотыинапряжения.ВыключательавтоматическийS203-C0.5,0.5А

28.11.2017 09:25:17 - 28.11.2017 09:25:20. ОтключениеФидера2.КонтакторAF80-30-00-13,100-250В,125А

28.11.2017 09:25:17 - 28.11.2017 09:25:20. ЗаменавставкизащитыФидера1.ОграничительимпульсныхперенапряженийFLASHTRABFLT-CP-PLUS-3C-350

28.11.2017 09:25:17 - 28.11.2017 09:25:20. ЗаменавставкизащитыФидера2.ОграничительимпульсныхперенапряженийFLASHTRABFLT-CP-PLUS-3C-350

28.11.2017 09:25:17 - 28.11.2017 09:25:21. ЗаменавставкизащитыДГА.ОграничительимпульсныхперенапряженийFLASHTRABFLT-CP-PLUS-3C-350

28.11.2017 09:25:21. Неисправностьвцепяхрелеконтролячастотыинапряжения.ВыключательавтоматическийS203-C0.5,0.5А

28.11.2017 09:25:21. Неисправностьвцепяхрелеконтролячастотыинапряжения.ВыключательавтоматическийS203-C0.5,0.5А

28.11.2017 09:25:17 - 28.11.2017 09:25:21. ОтключениеДГА.КонтакторAF80-30-00-13,100-250В,125А

28.11.2017 09:25:21. ОтключениеАКБисточникавторичногоэлектропитания24В.ВыключательавтоматическийS202M-C6UC,6А

28.11.2017 09:25:21. Отключениепитаниявентиляторов.ВыключательавтоматическийS201-D2NA,2А

28.11.2017 09:25:21. Отключение/включениепитаниясхемыАОП.ВыключательавтоматическийS202M-C50UC,50А

28.11.2017 09:25:21. Отключение/включениепитаниясхемыАОП.ВыключательавтоматическийS202M-C50UC,50А

28.11.2017 09:25:21. ОтключениегарантированногоэлектропитанияМПЦ.ВыключательавтоматическийS201-D10NA,10А,ВыключательавтоматическийS201-C1NA,1А

28.11.2017 09:25:22. ОтключениегарантированногоэлектропитанияМПЦ.ВыключательавтоматическийS201-D10NA,10А,ВыключательавтоматическийS201-C1NA,1А

28.11.2017 09:25:22. ОтключениегарантированногоэлектропитанияМПЦ.ВыключательавтоматическийS201-D10NA,10А,ВыключательавтоматическийS201-C1NA,1А

28.11.2017 09:25:22. Отключениеосвещениягарантированноепитание.ВыключательавтоматическийдифференциальноготокаDS202MAC-C6/0.03

28.11.2017 09:25:22. ОтключениегарантированногоэлектропитанияМПЦ.ВыключательавтоматическийS201-D10NA,10А,ВыключательавтоматическийS201-C1NA,1А

28.11.2017 09:25:22. Отключение/включениепитанияустройстваконтролясопротивленияизоляции.ВыключательавтоматическийS201-C1NA,1А

28.11.2017 09:25:22. Отключениепитаниярабочихцепей220Впостоянноготока(входныхсветофоров,стрелки,выходныеиманевровыесветофорыирезерв1000Вт).ВыключательавтоматическийS203-D20NA,20А,ВыключательавтоматическийS202M-C20UC,20А,ВыключательавтоматическийS202M-C0.5UC,0.5А,ВыключательавтоматическийS202M-C2UC,2А,ВыключательавтоматическийS202M-C6UC,6А

28.11.2017 09:25:22. ОтключениегарантированногоэлектропитанияМПЦ.ВыключательавтоматическийS201-D10NA,10А,ВыключательавтоматическийS201-C1NA,1А

28.11.2017 09:25:22. ОтключениебесперебойногоэлектропитанияМПЦ(резерв.комплект).ВыключательавтоматическийS201-D10NA,10А,ВыключательавтоматическийS201-C1NA,1А,ВыключательавтоматическийS201-C0.5NA,0.5А,ВыключательавтоматическийS201-C6NA,6А

28.11.2017 09:25:22. ОтключениебесперебойногоэлектропитанияМПЦ(резерв.комплект).ВыключательавтоматическийS201-D10NA,10А,ВыключательавтоматическийS201-C1NA,1А,ВыключательавтоматическийS201-C0.5NA,0.5А,ВыключательавтоматическийS201-C6NA,6А

28.11.2017 09:25:22. ОтключениебесперебойногоэлектропитанияМПЦ(резерв.комплект).ВыключательавтоматическийS201-D10NA,10А,ВыключательавтоматическийS201-C1NA,1А,ВыключательавтоматическийS201-C0.5NA,0.5А,ВыключательавтоматическийS201-C6NA,6А

28.11.2017 09:25:22. ОтключениебезперебойногопитаниящитаЩР1.ВыключательавтоматическийS203-D40NA,40А

28.11.2017 09:25:22. Отключениепитания24ВЩкафовМПЦДнепр.ВыключательавтоматическийS202M-C8UC,8А,ВыключательавтоматическийS202M-C1UC,1А,ВыключательавтоматическийS202M-C20UC,20А,ВыключательавтоматическийS202M-C6UC,6А,ВыключательавтоматическийS202M-C0.5UC,0.5А,

28.11.2017 09:25:23. ОтключениебесперебойногоэлектропитанияМПЦ(резерв.комплект).ВыключательавтоматическийS201-D10NA,10А,ВыключательавтоматическийS201-C1NA,1А,ВыключательавтоматическийS201-C0.5NA,0.5А,ВыключательавтоматическийS201-C6NA,6А

28.11.2017 09:25:23. ОтключениебесперебойногоэлектропитанияМПЦ(резерв.комплект).ВыключательавтоматическийS201-D10NA,10А,ВыключательавтоматическийS201-C1NA,1А,ВыключательавтоматическийS201-C0.5NA,0.5А,ВыключательавтоматическийS201-C6NA,6А

28.11.2017 09:25:23. ОтключениебесперебойногоэлектропитанияМПЦ(резерв.комплект).ВыключательавтоматическийS201-D10NA,10А,ВыключательавтоматическийS201-C1NA,1А,ВыключательавтоматическийS201-C0.5NA,0.5А,ВыключательавтоматическийS201-C6NA,6А

28.11.2017 09:25:23. ОтключениебесперебойногоэлектропитанияМПЦ(резерв.комплект).ВыключательавтоматическийS201-D10NA,10А,ВыключательавтоматическийS201-C1NA,1А,ВыключательавтоматическийS201-C0.5NA,0.5А,ВыключательавтоматическийS201-C6NA,6А

28.11.2017 09:25:23. ОтключениегарантированноепитаниящитаЩР1.ВыключательавтоматическийS203-D40NA,40А

28.11.2017 09:25:23. Отключениепитаниярабочихцепей220Впостоянноготока(входныхсветофоров,стрелки,выходныеиманевровыесветофорыирезерв1000Вт).ВыключательавтоматическийS203-D20NA,20А,ВыключательавтоматическийS202M-C20UC,20А,ВыключательавтоматическийS202M-C0.5UC,0.5А,ВыключательавтоматическийS202M-C2UC,2А,ВыключательавтоматическийS202M-C6UC,6А

28.11.2017 09:25:21 - 28.11.2017 09:25:23. ОтключениегарантированногоэлектропитанияМПЦ.ВыключательавтоматическийS201-D10NA,10А,ВыключательавтоматическийS201-C1NA,1А

28.11.2017 09:25:22 - 28.11.2017 09:25:23. ОтключениегарантированногоэлектропитанияМПЦ.ВыключательавтоматическийS201-D10NA,10А,ВыключательавтоматическийS201-C1NA,1А

28.11.2017 09:25:22 - 28.11.2017 09:25:23. ОтключениегарантированногоэлектропитанияМПЦ.ВыключательавтоматическийS201-D10NA,10А,ВыключательавтоматическийS201-C1NA,1А

28.11.2017 09:25:22 - 28.11.2017 09:25:23. Отключениеосвещениягарантированноепитание.ВыключательавтоматическийдифференциальноготокаDS202MAC-C6/0.03

28.11.2017 09:25:22 - 28.11.2017 09:25:24. ОтключениегарантированногоэлектропитанияМПЦ.ВыключательавтоматическийS201-D10NA,10А,ВыключательавтоматическийS201-C1NA,1А

28.11.2017 09:25:22 - 28.11.2017 09:25:24. Отключение/включениепитанияустройстваконтролясопротивленияизоляции.ВыключательавтоматическийS201-C1NA,1А

28.11.2017 09:25:22 - 28.11.2017 09:25:24. Отключениепитаниярабочихцепей220Впостоянноготока(входныхсветофоров,стрелки,выходныеиманевровыесветофорыирезерв1000Вт).ВыключательавтоматическийS203-D20NA,20А,ВыключательавтоматическийS202M-C20UC,20А,ВыключательавтоматическийS202M-C0.5UC,0.5А,ВыключательавтоматическийS202M-C2UC,2А,ВыключательавтоматическийS202M-C6UC,6А

28.11.2017 09:25:22 - 28.11.2017 09:25:24. ОтключениегарантированногоэлектропитанияМПЦ.ВыключательавтоматическийS201-D10NA,10А,ВыключательавтоматическийS201-C1NA,1А

28.11.2017 09:25:22 - 28.11.2017 09:25:24. ОтключениебесперебойногоэлектропитанияМПЦ(резерв.комплект).ВыключательавтоматическийS201-D10NA,10А,ВыключательавтоматическийS201-C1NA,1А,ВыключательавтоматическийS201-C0.5NA,0.5А,ВыключательавтоматическийS201-C6NA,6А

28.11.2017 09:25:22 - 28.11.2017 09:25:24. ОтключениебесперебойногоэлектропитанияМПЦ(резерв.комплект).ВыключательавтоматическийS201-D10NA,10А,ВыключательавтоматическийS201-C1NA,1А,ВыключательавтоматическийS201-C0.5NA,0.5А,ВыключательавтоматическийS201-C6NA,6А

28.11.2017 09:25:22 - 28.11.2017 09:25:24. ОтключениебесперебойногоэлектропитанияМПЦ(резерв.комплект).ВыключательавтоматическийS201-D10NA,10А,ВыключательавтоматическийS201-C1NA,1А,ВыключательавтоматическийS201-C0.5NA,0.5А,ВыключательавтоматическийS201-C6NA,6А

28.11.2017 09:25:22 - 28.11.2017 09:25:24. ОтключениебезперебойногопитаниящитаЩР1.ВыключательавтоматическийS203-D40NA,40А

28.11.2017 09:25:22 - 28.11.2017 09:25:24. Отключениепитания24ВЩкафовМПЦДнепр.ВыключательавтоматическийS202M-C8UC,8А,ВыключательавтоматическийS202M-C1UC,1А,ВыключательавтоматическийS202M-C20UC,20А,ВыключательавтоматическийS202M-C6UC,6А,ВыключательавтоматическийS202M-C0.5UC,0.5А,

28.11.2017 09:25:23 - 28.11.2017 09:25:24. ОтключениебесперебойногоэлектропитанияМПЦ(резерв.комплект).ВыключательавтоматическийS201-D10NA,10А,ВыключательавтоматическийS201-C1NA,1А,ВыключательавтоматическийS201-C0.5NA,0.5А,ВыключательавтоматическийS201-C6NA,6А

28.11.2017 09:25:23 - 28.11.2017 09:25:24. ОтключениебесперебойногоэлектропитанияМПЦ(резерв.комплект).ВыключательавтоматическийS201-D10NA,10А,ВыключательавтоматическийS201-C1NA,1А,ВыключательавтоматическийS201-C0.5NA,0.5А,ВыключательавтоматическийS201-C6NA,6А

28.11.2017 09:25:23 - 28.11.2017 09:25:25. ОтключениебесперебойногоэлектропитанияМПЦ(резерв.комплект).ВыключательавтоматическийS201-D10NA,10А,ВыключательавтоматическийS201-C1NA,1А,ВыключательавтоматическийS201-C0.5NA,0.5А,ВыключательавтоматическийS201-C6NA,6А

28.11.2017 09:25:23 - 28.11.2017 09:25:25. ОтключениебесперебойногоэлектропитанияМПЦ(резерв.комплект).ВыключательавтоматическийS201-D10NA,10А,ВыключательавтоматическийS201-C1NA,1А,ВыключательавтоматическийS201-C0.5NA,0.5А,ВыключательавтоматическийS201-C6NA,6А

28.11.2017 09:25:23 - 28.11.2017 09:25:25. ОтключениегарантированноепитаниящитаЩР1.ВыключательавтоматическийS203-D40NA,40А

28.11.2017 09:25:23 - 28.11.2017 09:25:25. Отключениепитаниярабочихцепей220Впостоянноготока(входныхсветофоров,стрелки,выходныеиманевровыесветофорыирезерв1000Вт).ВыключательавтоматическийS203-D20NA,20А,ВыключательавтоматическийS202M-C20UC,20А,ВыключательавтоматическийS202M-C0.5UC,0.5А,ВыключательавтоматическийS202M-C2UC,2А,ВыключательавтоматическийS202M-C6UC,6А

28.11.2017 09:25:25. ОтключениегарантированногоэлектропитанияМПЦ.ВыключательавтоматическийS201-D10NA,10А,ВыключательавтоматическийS201-C1NA,1А

28.11.2017 09:25:25. ОтключениегарантированногоэлектропитанияМПЦ.ВыключательавтоматическийS201-D10NA,10А,ВыключательавтоматическийS201-C1NA,1А

28.11.2017 09:25:25. ОтключениегарантированногоэлектропитанияМПЦ.ВыключательавтоматическийS201-D10NA,10А,ВыключательавтоматическийS201-C1NA,1А

28.11.2017 09:25:26. Отключениеосвещениягарантированноепитание.ВыключательавтоматическийдифференциальноготокаDS202MAC-C6/0.03

28.11.2017 09:25:26. ОтключениегарантированногоэлектропитанияМПЦ.ВыключательавтоматическийS201-D10NA,10А,ВыключательавтоматическийS201-C1NA,1А

28.11.2017 09:25:26. Отключение/включениепитанияустройстваконтролясопротивленияизоляции.ВыключательавтоматическийS201-C1NA,1А

28.11.2017 09:25:26. Отключениепитаниярабочихцепей220Впостоянноготока(входныхсветофоров,стрелки,выходныеиманевровыесветофорыирезерв1000Вт).ВыключательавтоматическийS203-D20NA,20А,ВыключательавтоматическийS202M-C20UC,20А,ВыключательавтоматическийS202M-C0.5UC,0.5А,ВыключательавтоматическийS202M-C2UC,2А,ВыключательавтоматическийS202M-C6UC,6А

28.11.2017 09:25:26. ОтключениегарантированногоэлектропитанияМПЦ.ВыключательавтоматическийS201-D10NA,10А,ВыключательавтоматическийS201-C1NA,1А

28.11.2017 09:25:26. ОтключениебесперебойногоэлектропитанияМПЦ(резерв.комплект).ВыключательавтоматическийS201-D10NA,10А,ВыключательавтоматическийS201-C1NA,1А,ВыключательавтоматическийS201-C0.5NA,0.5А,ВыключательавтоматическийS201-C6NA,6А

28.11.2017 09:25:26. ОтключениебесперебойногоэлектропитанияМПЦ(резерв.комплект).ВыключательавтоматическийS201-D10NA,10А,ВыключательавтоматическийS201-C1NA,1А,ВыключательавтоматическийS201-C0.5NA,0.5А,ВыключательавтоматическийS201-C6NA,6А

28.11.2017 09:25:26. ОтключениебесперебойногоэлектропитанияМПЦ(резерв.комплект).ВыключательавтоматическийS201-D10NA,10А,ВыключательавтоматическийS201-C1NA,1А,ВыключательавтоматическийS201-C0.5NA,0.5А,ВыключательавтоматическийS201-C6NA,6А

28.11.2017 09:25:26. ОтключениебезперебойногопитаниящитаЩР1.ВыключательавтоматическийS203-D40NA,40А

28.11.2017 09:25:27. Отключениепитания24ВЩкафовМПЦДнепр.ВыключательавтоматическийS202M-C8UC,8А,ВыключательавтоматическийS202M-C1UC,1А,ВыключательавтоматическийS202M-C20UC,20А,ВыключательавтоматическийS202M-C6UC,6А,ВыключательавтоматическийS202M-C0.5UC,0.5А,

28.11.2017 09:25:27. ОтключениебесперебойногоэлектропитанияМПЦ(резерв.комплект).ВыключательавтоматическийS201-D10NA,10А,ВыключательавтоматическийS201-C1NA,1А,ВыключательавтоматическийS201-C0.5NA,0.5А,ВыключательавтоматическийS201-C6NA,6А

28.11.2017 09:25:27. ОтключениебесперебойногоэлектропитанияМПЦ(резерв.комплект).ВыключательавтоматическийS201-D10NA,10А,ВыключательавтоматическийS201-C1NA,1А,ВыключательавтоматическийS201-C0.5NA,0.5А,ВыключательавтоматическийS201-C6NA,6А

28.11.2017 09:25:27. ОтключениебесперебойногоэлектропитанияМПЦ(резерв.комплект).ВыключательавтоматическийS201-D10NA,10А,ВыключательавтоматическийS201-C1NA,1А,ВыключательавтоматическийS201-C0.5NA,0.5А,ВыключательавтоматическийS201-C6NA,6А

28.11.2017 09:25:27. ОтключениебесперебойногоэлектропитанияМПЦ(резерв.комплект).ВыключательавтоматическийS201-D10NA,10А,ВыключательавтоматическийS201-C1NA,1А,ВыключательавтоматическийS201-C0.5NA,0.5А,ВыключательавтоматическийS201-C6NA,6А

28.11.2017 09:25:27. ОтключениегарантированноепитаниящитаЩР1.ВыключательавтоматическийS203-D40NA,40А

28.11.2017 09:25:27. Отключениепитаниярабочихцепей220Впостоянноготока(входныхсветофоров,стрелки,выходныеиманевровыесветофорыирезерв1000Вт).ВыключательавтоматическийS203-D20NA,20А,ВыключательавтоматическийS202M-C20UC,20А,ВыключательавтоматическийS202M-C0.5UC,0.5А,ВыключательавтоматическийS202M-C2UC,2А,ВыключательавтоматическийS202M-C6UC,6А

28.11.2017 09:25:27. ОтключениегарантированногоэлектропитанияМПЦ.ВыключательавтоматическийS201-D10NA,10А,ВыключательавтоматическийS201-C1NA,1А

28.11.2017 09:25:28. Отключениепитаниярабочихцепей220Впостоянноготока(входныхсветофоров,стрелки,выходныеиманевровыесветофорыирезерв1000Вт).ВыключательавтоматическийS203-D20NA,20А,ВыключательавтоматическийS202M-C20UC,20А,ВыключательавтоматическийS202M-C0.5UC,0.5А,ВыключательавтоматическийS202M-C2UC,2А,ВыключательавтоматическийS202M-C6UC,6А

28.11.2017 09:25:28. Отключениеконтроляперегоранияпредохранителей.ВыключательавтоматическийS202M-C0.5UC,0.5А

28.11.2017 09:25:28. ОтключениесобственныхнуждДГАгарантированноепитание.ВыключательавтоматическийдифференциальноготокаDS202MAC-C6/0.03

28.11.2017 09:25:28. Отключениепитаниярабочихцепей220Впостоянноготока(входныхсветофоров,стрелки,выходныеиманевровыесветофорыирезерв1000Вт).ВыключательавтоматическийS203-D20NA,20А,ВыключательавтоматическийS202M-C20UC,20А,ВыключательавтоматическийS202M-C0.5UC,0.5А,ВыключательавтоматическийS202M-C2UC,2А,ВыключательавтоматическийS202M-C6UC,6А

28.11.2017 09:25:28. Отключениерезерва220В2500Втгарантированногопитяния.ВыключательавтоматическийдифференциальноготокаDS202MAC-C16/0.03

28.11.2017 09:25:28. Отключениепитаниярабочихцепей220Впостоянноготока(входныхсветофоров,стрелки,выходныеиманевровыесветофорыирезерв1000Вт).ВыключательавтоматическийS203-D20NA,20А,ВыключательавтоматическийS202M-C20UC,20А,ВыключательавтоматическийS202M-C0.5UC,0.5А,ВыключательавтоматическийS202M-C2UC,2А,ВыключательавтоматическийS202M-C6UC,6А

28.11.2017 09:25:18 - 28.11.2017 09:25:28. ЗаменавставкиузипщитаЩР1бесперебойногопитания.ОграничительимпульсныхперенапряженийVAL-CP-3C-350-VF

28.11.2017 09:25:18 - 28.11.2017 09:25:28. ЗаменавставкиузипщитаЩР1гарантированногопитания.ОграничительимпульсныхперенапряженийVAL-CP-3C-350-VF

28.11.2017 09:25:29. ОтключениеПОС,АПТгарантированногопитания.ВыключательавтоматическийдифференциальноготокаDS202MAC-C16/0.03

28.11.2017 09:25:29. ОтключениебесперебойногоэлектропитанияМПЦ(резерв.комплект).ВыключательавтоматическийS201-D10NA,10А,ВыключательавтоматическийS201-C1NA,1А,ВыключательавтоматическийS201-C0.5NA,0.5А,ВыключательавтоматическийS201-C6NA,6А

28.11.2017 09:25:29. ОтключениебесперебойногоэлектропитанияМПЦ(резерв.комплект).ВыключательавтоматическийS201-D10NA,10А,ВыключательавтоматическийS201-C1NA,1А,ВыключательавтоматическийS201-C0.5NA,0.5А,ВыключательавтоматическийS201-C6NA,6А

28.11.2017 09:25:29. ОтключениебесперебойногоэлектропитанияМПЦ(резерв.комплект).ВыключательавтоматическийS201-D10NA,10А,ВыключательавтоматическийS201-C1NA,1А,ВыключательавтоматическийS201-C0.5NA,0.5А,ВыключательавтоматическийS201-C6NA,6А

28.11.2017 09:25:29. Отключениекондиционированиерелейнойгарантированногопитания.ВыключательавтоматическийдифференциальноготокаDS202MAC-C40/0.03

28.11.2017 09:25:29. ОтключениебесперебойногоэлектропитанияМПЦ(резерв.комплект).ВыключательавтоматическийS201-D10NA,10А,ВыключательавтоматическийS201-C1NA,1А,ВыключательавтоматическийS201-C0.5NA,0.5А,ВыключательавтоматическийS201-C6NA,6А

28.11.2017 09:25:19 - 28.11.2017 09:25:48. Отключение/включениевходногорубильникаДГА.Выключатель-разъединительDPX-IS2503P

28.11.2017 09:25:48. СрабатываниезащитыФидера1.ОграничительимпульсныхперенапряженийFLASHTRABFLT-CP-PLUS-3C-350

28.11.2017 09:25:48. СрабатываниезащитыФидера2.ОграничительимпульсныхперенапряженийFLASHTRABFLT-CP-PLUS-3C-350

28.11.2017 09:25:19 - 28.11.2017 09:25:49. Отключение/включениеДГА.ВыключательавтоматическийS803C-D80,80А

28.11.2017 09:25:19 - 28.11.2017 09:25:49. Отключение/включениевходногорубильникаФидера2.Выключатель-разъединительDPX-IS2503P

28.11.2017 09:25:20 - 28.11.2017 09:25:49. Отключение/включениеФидера2.ВыключательавтоматическийS803C-D80,80А

28.11.2017 09:25:20 - 28.11.2017 09:25:49. ОтключениевходногорубильникаФидера1.Выключатель-разъединительDPX-IS2503P

28.11.2017 09:25:20 - 28.11.2017 09:25:49. ОтключениеФидера1.ВыключательавтоматическийS803C-D80,80А

28.11.2017 09:25:20 - 28.11.2017 09:25:49. Отключение/включениедоп.выводаФидера2.ВыключательавтоматическийS203-D25,25А

28.11.2017 09:25:49. ОтключениеФидера1.КонтакторAF80-30-00-13,100-250В,125А

28.11.2017 09:25:20 - 28.11.2017 09:25:50. Подачипитаниянарасцепители.КонтакторESB40-40-24AC/DC

28.11.2017 09:25:20 - 28.11.2017 09:25:50. Неисправностьвцепяхрелеконтролячастотыинапряжения.ВыключательавтоматическийS203-C0.5,0.5А

28.11.2017 09:25:20 - 28.11.2017 09:25:50. Неисправностьвцепяхрелеконтролячастотыинапряжения.ВыключательавтоматическийS203-C0.5,0.5А

28.11.2017 09:25:50. ОтключениеФидера2.КонтакторAF80-30-00-13,100-250В,125А

28.11.2017 09:25:50. ЗаменавставкизащитыФидера1.ОграничительимпульсныхперенапряженийFLASHTRABFLT-CP-PLUS-3C-350

28.11.2017 09:25:50. ЗаменавставкизащитыФидера2.ОграничительимпульсныхперенапряженийFLASHTRABFLT-CP-PLUS-3C-350

28.11.2017 09:25:50. ЗаменавставкизащитыДГА.ОграничительимпульсныхперенапряженийFLASHTRABFLT-CP-PLUS-3C-350

28.11.2017 09:25:21 - 28.11.2017 09:25:50. Неисправностьвцепяхрелеконтролячастотыинапряжения.ВыключательавтоматическийS203-C0.5,0.5А

28.11.2017 09:25:21 - 28.11.2017 09:25:51. Неисправностьвцепяхрелеконтролячастотыинапряжения.ВыключательавтоматическийS203-C0.5,0.5А

28.11.2017 09:25:51. ОтключениеДГА.КонтакторAF80-30-00-13,100-250В,125А

28.11.2017 09:25:21 - 28.11.2017 09:25:51. ОтключениеАКБисточникавторичногоэлектропитания24В.ВыключательавтоматическийS202M-C6UC,6А

28.11.2017 09:25:21 - 28.11.2017 09:25:51. Отключениепитаниявентиляторов.ВыключательавтоматическийS201-D2NA,2А

28.11.2017 09:25:21 - 28.11.2017 09:25:51. Отключение/включениепитаниясхемыАОП.ВыключательавтоматическийS202M-C50UC,50А

28.11.2017 09:25:21 - 28.11.2017 09:25:51. Отключение/включениепитаниясхемыАОП.ВыключательавтоматическийS202M-C50UC,50А

28.11.2017 09:25:25 - 28.11.2017 09:25:52. ОтключениегарантированногоэлектропитанияМПЦ.ВыключательавтоматическийS201-D10NA,10А,ВыключательавтоматическийS201-C1NA,1А

28.11.2017 09:25:25 - 28.11.2017 09:25:52. ОтключениегарантированногоэлектропитанияМПЦ.ВыключательавтоматическийS201-D10NA,10А,ВыключательавтоматическийS201-C1NA,1А

28.11.2017 09:25:25 - 28.11.2017 09:25:52. ОтключениегарантированногоэлектропитанияМПЦ.ВыключательавтоматическийS201-D10NA,10А,ВыключательавтоматическийS201-C1NA,1А

28.11.2017 09:25:26 - 28.11.2017 09:25:52. Отключениеосвещениягарантированноепитание.ВыключательавтоматическийдифференциальноготокаDS202MAC-C6/0.03

28.11.2017 09:25:26 - 28.11.2017 09:25:52. ОтключениегарантированногоэлектропитанияМПЦ.ВыключательавтоматическийS201-D10NA,10А,ВыключательавтоматическийS201-C1NA,1А

28.11.2017 09:25:26 - 28.11.2017 09:25:52. Отключение/включениепитанияустройстваконтролясопротивленияизоляции.ВыключательавтоматическийS201-C1NA,1А

28.11.2017 09:25:26 - 28.11.2017 09:25:52. Отключениепитаниярабочихцепей220Впостоянноготока(входныхсветофоров,стрелки,выходныеиманевровыесветофорыирезерв1000Вт).ВыключательавтоматическийS203-D20NA,20А,ВыключательавтоматическийS202M-C20UC,20А,ВыключательавтоматическийS202M-C0.5UC,0.5А,ВыключательавтоматическийS202M-C2UC,2А,ВыключательавтоматическийS202M-C6UC,6А

28.11.2017 09:25:26 - 28.11.2017 09:25:53. ОтключениегарантированногоэлектропитанияМПЦ.ВыключательавтоматическийS201-D10NA,10А,ВыключательавтоматическийS201-C1NA,1А

28.11.2017 09:25:26 - 28.11.2017 09:25:53. ОтключениебесперебойногоэлектропитанияМПЦ(резерв.комплект).ВыключательавтоматическийS201-D10NA,10А,ВыключательавтоматическийS201-C1NA,1А,ВыключательавтоматическийS201-C0.5NA,0.5А,ВыключательавтоматическийS201-C6NA,6А

28.11.2017 09:25:26 - 28.11.2017 09:25:53. ОтключениебесперебойногоэлектропитанияМПЦ(резерв.комплект).ВыключательавтоматическийS201-D10NA,10А,ВыключательавтоматическийS201-C1NA,1А,ВыключательавтоматическийS201-C0.5NA,0.5А,ВыключательавтоматическийS201-C6NA,6А

28.11.2017 09:25:26 - 28.11.2017 09:25:53. ОтключениебесперебойногоэлектропитанияМПЦ(резерв.комплект).ВыключательавтоматическийS201-D10NA,10А,ВыключательавтоматическийS201-C1NA,1А,ВыключательавтоматическийS201-C0.5NA,0.5А,ВыключательавтоматическийS201-C6NA,6А

28.11.2017 09:25:26 - 28.11.2017 09:25:53. ОтключениебезперебойногопитаниящитаЩР1.ВыключательавтоматическийS203-D40NA,40А

28.11.2017 09:25:27 - 28.11.2017 09:25:53. Отключениепитания24ВЩкафовМПЦДнепр.ВыключательавтоматическийS202M-C8UC,8А,ВыключательавтоматическийS202M-C1UC,1А,ВыключательавтоматическийS202M-C20UC,20А,ВыключательавтоматическийS202M-C6UC,6А,ВыключательавтоматическийS202M-C0.5UC,0.5А,

28.11.2017 09:25:27 - 28.11.2017 09:25:53. ОтключениебесперебойногоэлектропитанияМПЦ(резерв.комплект).ВыключательавтоматическийS201-D10NA,10А,ВыключательавтоматическийS201-C1NA,1А,ВыключательавтоматическийS201-C0.5NA,0.5А,ВыключательавтоматическийS201-C6NA,6А

28.11.2017 09:25:27 - 28.11.2017 09:25:54. ОтключениебесперебойногоэлектропитанияМПЦ(резерв.комплект).ВыключательавтоматическийS201-D10NA,10А,ВыключательавтоматическийS201-C1NA,1А,ВыключательавтоматическийS201-C0.5NA,0.5А,ВыключательавтоматическийS201-C6NA,6А

28.11.2017 09:25:27 - 28.11.2017 09:25:54. ОтключениебесперебойногоэлектропитанияМПЦ(резерв.комплект).ВыключательавтоматическийS201-D10NA,10А,ВыключательавтоматическийS201-C1NA,1А,ВыключательавтоматическийS201-C0.5NA,0.5А,ВыключательавтоматическийS201-C6NA,6А

28.11.2017 09:25:27 - 28.11.2017 09:25:54. ОтключениебесперебойногоэлектропитанияМПЦ(резерв.комплект).ВыключательавтоматическийS201-D10NA,10А,ВыключательавтоматическийS201-C1NA,1А,ВыключательавтоматическийS201-C0.5NA,0.5А,ВыключательавтоматическийS201-C6NA,6А

28.11.2017 09:25:27 - 28.11.2017 09:25:54. ОтключениегарантированноепитаниящитаЩР1.ВыключательавтоматическийS203-D40NA,40А

28.11.2017 09:25:27 - 28.11.2017 09:25:54. Отключениепитаниярабочихцепей220Впостоянноготока(входныхсветофоров,стрелки,выходныеиманевровыесветофорыирезерв1000Вт).ВыключательавтоматическийS203-D20NA,20А,ВыключательавтоматическийS202M-C20UC,20А,ВыключательавтоматическийS202M-C0.5UC,0.5А,ВыключательавтоматическийS202M-C2UC,2А,ВыключательавтоматическийS202M-C6UC,6А

28.11.2017 09:25:27 - 28.11.2017 09:25:54. ОтключениегарантированногоэлектропитанияМПЦ.ВыключательавтоматическийS201-D10NA,10А,ВыключательавтоматическийS201-C1NA,1А

28.11.2017 09:25:28 - 28.11.2017 09:25:54. Отключениепитаниярабочихцепей220Впостоянноготока(входныхсветофоров,стрелки,выходныеиманевровыесветофорыирезерв1000Вт).ВыключательавтоматическийS203-D20NA,20А,ВыключательавтоматическийS202M-C20UC,20А,ВыключательавтоматическийS202M-C0.5UC,0.5А,ВыключательавтоматическийS202M-C2UC,2А,ВыключательавтоматическийS202M-C6UC,6А

28.11.2017 09:25:28 - 28.11.2017 09:25:55. Отключениеконтроляперегоранияпредохранителей.ВыключательавтоматическийS202M-C0.5UC,0.5А

28.11.2017 09:25:28 - 28.11.2017 09:25:55. ОтключениесобственныхнуждДГАгарантированноепитание.ВыключательавтоматическийдифференциальноготокаDS202MAC-C6/0.03

28.11.2017 09:25:28 - 28.11.2017 09:25:55. Отключениепитаниярабочихцепей220Впостоянноготока(входныхсветофоров,стрелки,выходныеиманевровыесветофорыирезерв1000Вт).ВыключательавтоматическийS203-D20NA,20А,ВыключательавтоматическийS202M-C20UC,20А,ВыключательавтоматическийS202M-C0.5UC,0.5А,ВыключательавтоматическийS202M-C2UC,2А,ВыключательавтоматическийS202M-C6UC,6А

28.11.2017 09:25:28 - 28.11.2017 09:25:55. Отключениерезерва220В2500Втгарантированногопитяния.ВыключательавтоматическийдифференциальноготокаDS202MAC-C16/0.03

28.11.2017 09:25:28 - 28.11.2017 09:25:55. Отключениепитаниярабочихцепей220Впостоянноготока(входныхсветофоров,стрелки,выходныеиманевровыесветофорыирезерв1000Вт).ВыключательавтоматическийS203-D20NA,20А,ВыключательавтоматическийS202M-C20UC,20А,ВыключательавтоматическийS202M-C0.5UC,0.5А,ВыключательавтоматическийS202M-C2UC,2А,ВыключательавтоматическийS202M-C6UC,6А

28.11.2017 09:25:55. ЗаменавставкиузипщитаЩР1бесперебойногопитания.ОграничительимпульсныхперенапряженийVAL-CP-3C-350-VF

28.11.2017 09:25:55. ЗаменавставкиузипщитаЩР1гарантированногопитания.ОграничительимпульсныхперенапряженийVAL-CP-3C-350-VF

28.11.2017 09:25:29 - 28.11.2017 09:25:55. ОтключениеПОС,АПТгарантированногопитания.ВыключательавтоматическийдифференциальноготокаDS202MAC-C16/0.03

28.11.2017 09:25:29 - 28.11.2017 09:25:56. ОтключениебесперебойногоэлектропитанияМПЦ(резерв.комплект).ВыключательавтоматическийS201-D10NA,10А,ВыключательавтоматическийS201-C1NA,1А,ВыключательавтоматическийS201-C0.5NA,0.5А,ВыключательавтоматическийS201-C6NA,6А

28.11.2017 09:25:29 - 28.11.2017 09:25:56. ОтключениебесперебойногоэлектропитанияМПЦ(резерв.комплект).ВыключательавтоматическийS201-D10NA,10А,ВыключательавтоматическийS201-C1NA,1А,ВыключательавтоматическийS201-C0.5NA,0.5А,ВыключательавтоматическийS201-C6NA,6А

28.11.2017 09:25:29 - 28.11.2017 09:25:56. ОтключениебесперебойногоэлектропитанияМПЦ(резерв.комплект).ВыключательавтоматическийS201-D10NA,10А,ВыключательавтоматическийS201-C1NA,1А,ВыключательавтоматическийS201-C0.5NA,0.5А,ВыключательавтоматическийS201-C6NA,6А

28.11.2017 09:25:29 - 28.11.2017 09:25:56. Отключениекондиционированиерелейнойгарантированногопитания.ВыключательавтоматическийдифференциальноготокаDS202MAC-C40/0.03

28.11.2017 09:25:29 - 28.11.2017 09:25:56. ОтключениебесперебойногоэлектропитанияМПЦ(резерв.комплект).ВыключательавтоматическийS201-D10NA,10А,ВыключательавтоматическийS201-C1NA,1А,ВыключательавтоматическийS201-C0.5NA,0.5А,ВыключательавтоматическийS201-C6NA,6А

28.11.2017 09:25:49 - 28.11.2017 09:25:56. ОтключениеФидера1.КонтакторAF80-30-00-13,100-250В,125А

28.11.2017 09:25:56. Подачипитаниянарасцепители.КонтакторESB40-40-24AC/DC

28.11.2017 09:25:57. Неисправностьвцепяхрелеконтролячастотыинапряжения.ВыключательавтоматическийS203-C0.5,0.5А

28.11.2017 09:25:57. Неисправностьвцепяхрелеконтролячастотыинапряжения.ВыключательавтоматическийS203-C0.5,0.5А

28.11.2017 09:25:50 - 28.11.2017 09:25:57. ОтключениеФидера2.КонтакторAF80-30-00-13,100-250В,125А

28.11.2017 09:25:50 - 28.11.2017 09:25:57. ЗаменавставкизащитыФидера1.ОграничительимпульсныхперенапряженийFLASHTRABFLT-CP-PLUS-3C-350

28.11.2017 09:25:50 - 28.11.2017 09:25:57. ЗаменавставкизащитыФидера2.ОграничительимпульсныхперенапряженийFLASHTRABFLT-CP-PLUS-3C-350

28.11.2017 09:25:50 - 28.11.2017 09:25:57. ЗаменавставкизащитыДГА.ОграничительимпульсныхперенапряженийFLASHTRABFLT-CP-PLUS-3C-350

28.11.2017 09:25:57. Неисправностьвцепяхрелеконтролячастотыинапряжения.ВыключательавтоматическийS203-C0.5,0.5А

28.11.2017 09:25:57. Неисправностьвцепяхрелеконтролячастотыинапряжения.ВыключательавтоматическийS203-C0.5,0.5А

28.11.2017 09:25:51 - 28.11.2017 09:25:58. ОтключениеДГА.КонтакторAF80-30-00-13,100-250В,125А

28.11.2017 09:25:58. ОтключениеАКБисточникавторичногоэлектропитания24В.ВыключательавтоматическийS202M-C6UC,6А

28.11.2017 09:25:58. Отключениепитаниявентиляторов.ВыключательавтоматическийS201-D2NA,2А

28.11.2017 09:25:58. Отключение/включениепитаниясхемыАОП.ВыключательавтоматическийS202M-C50UC,50А

28.11.2017 09:25:58. Отключение/включениепитаниясхемыАОП.ВыключательавтоматическийS202M-C50UC,50А

28.11.2017 09:25:58. Отключение/включениевходногорубильникаДГА.Выключатель-разъединительDPX-IS2503P

28.11.2017 09:25:48 - 28.11.2017 09:25:59. СрабатываниезащитыФидера1.ОграничительимпульсныхперенапряженийFLASHTRABFLT-CP-PLUS-3C-350

28.11.2017 09:25:48 - 28.11.2017 09:25:59. СрабатываниезащитыФидера2.ОграничительимпульсныхперенапряженийFLASHTRABFLT-CP-PLUS-3C-350

28.11.2017 09:25:59. Отключение/включениеДГА.ВыключательавтоматическийS803C-D80,80А

28.11.2017 09:25:59. Отключение/включениевходногорубильникаФидера2.Выключатель-разъединительDPX-IS2503P

28.11.2017 09:25:59. Отключение/включениеФидера2.ВыключательавтоматическийS803C-D80,80А

28.11.2017 09:25:59. ОтключениевходногорубильникаФидера1.Выключатель-разъединительDPX-IS2503P

28.11.2017 09:25:59. ОтключениеФидера1.ВыключательавтоматическийS803C-D80,80А

28.11.2017 09:25:59. Отключение/включениедоп.выводаФидера2.ВыключательавтоматическийS203-D25,25А

28.11.2017 09:25:59. ОтключениегарантированногоэлектропитанияМПЦ.ВыключательавтоматическийS201-D10NA,10А,ВыключательавтоматическийS201-C1NA,1А

28.11.2017 09:26:00. ОтключениегарантированногоэлектропитанияМПЦ.ВыключательавтоматическийS201-D10NA,10А,ВыключательавтоматическийS201-C1NA,1А

28.11.2017 09:26:00. ОтключениегарантированногоэлектропитанияМПЦ.ВыключательавтоматическийS201-D10NA,10А,ВыключательавтоматическийS201-C1NA,1А

28.11.2017 09:26:00. Отключениеосвещениягарантированноепитание.ВыключательавтоматическийдифференциальноготокаDS202MAC-C6/0.03

28.11.2017 09:26:00. ОтключениегарантированногоэлектропитанияМПЦ.ВыключательавтоматическийS201-D10NA,10А,ВыключательавтоматическийS201-C1NA,1А

28.11.2017 09:26:00. Отключение/включениепитанияустройстваконтролясопротивленияизоляции.ВыключательавтоматическийS201-C1NA,1А

28.11.2017 09:26:00. Отключениепитаниярабочихцепей220Впостоянноготока(входныхсветофоров,стрелки,выходныеиманевровыесветофорыирезерв1000Вт).ВыключательавтоматическийS203-D20NA,20А,ВыключательавтоматическийS202M-C20UC,20А,ВыключательавтоматическийS202M-C0.5UC,0.5А,ВыключательавтоматическийS202M-C2UC,2А,ВыключательавтоматическийS202M-C6UC,6А

28.11.2017 09:26:00. ОтключениегарантированногоэлектропитанияМПЦ.ВыключательавтоматическийS201-D10NA,10А,ВыключательавтоматическийS201-C1NA,1А

28.11.2017 09:26:00. ОтключениебесперебойногоэлектропитанияМПЦ(резерв.комплект).ВыключательавтоматическийS201-D10NA,10А,ВыключательавтоматическийS201-C1NA,1А,ВыключательавтоматическийS201-C0.5NA,0.5А,ВыключательавтоматическийS201-C6NA,6А

28.11.2017 09:26:00. ОтключениебесперебойногоэлектропитанияМПЦ(резерв.комплект).ВыключательавтоматическийS201-D10NA,10А,ВыключательавтоматическийS201-C1NA,1А,ВыключательавтоматическийS201-C0.5NA,0.5А,ВыключательавтоматическийS201-C6NA,6А

28.11.2017 09:26:00. ОтключениебесперебойногоэлектропитанияМПЦ(резерв.комплект).ВыключательавтоматическийS201-D10NA,10А,ВыключательавтоматическийS201-C1NA,1А,ВыключательавтоматическийS201-C0.5NA,0.5А,ВыключательавтоматическийS201-C6NA,6А

28.11.2017 09:26:01. ОтключениебезперебойногопитаниящитаЩР1.ВыключательавтоматическийS203-D40NA,40А

28.11.2017 09:26:01. Отключениепитания24ВЩкафовМПЦДнепр.ВыключательавтоматическийS202M-C8UC,8А,ВыключательавтоматическийS202M-C1UC,1А,ВыключательавтоматическийS202M-C20UC,20А,ВыключательавтоматическийS202M-C6UC,6А,ВыключательавтоматическийS202M-C0.5UC,0.5А,

28.11.2017 09:26:01. ОтключениебесперебойногоэлектропитанияМПЦ(резерв.комплект).ВыключательавтоматическийS201-D10NA,10А,ВыключательавтоматическийS201-C1NA,1А,ВыключательавтоматическийS201-C0.5NA,0.5А,ВыключательавтоматическийS201-C6NA,6А

28.11.2017 09:26:01. ОтключениебесперебойногоэлектропитанияМПЦ(резерв.комплект).ВыключательавтоматическийS201-D10NA,10А,ВыключательавтоматическийS201-C1NA,1А,ВыключательавтоматическийS201-C0.5NA,0.5А,ВыключательавтоматическийS201-C6NA,6А

28.11.2017 09:26:01. ОтключениебесперебойногоэлектропитанияМПЦ(резерв.комплект).ВыключательавтоматическийS201-D10NA,10А,ВыключательавтоматическийS201-C1NA,1А,ВыключательавтоматическийS201-C0.5NA,0.5А,ВыключательавтоматическийS201-C6NA,6А

28.11.2017 09:26:01. ОтключениебесперебойногоэлектропитанияМПЦ(резерв.комплект).ВыключательавтоматическийS201-D10NA,10А,ВыключательавтоматическийS201-C1NA,1А,ВыключательавтоматическийS201-C0.5NA,0.5А,ВыключательавтоматическийS201-C6NA,6А

28.11.2017 09:26:01. ОтключениегарантированноепитаниящитаЩР1.ВыключательавтоматическийS203-D40NA,40А

28.11.2017 09:26:01. Отключениепитаниярабочихцепей220Впостоянноготока(входныхсветофоров,стрелки,выходныеиманевровыесветофорыирезерв1000Вт).ВыключательавтоматическийS203-D20NA,20А,ВыключательавтоматическийS202M-C20UC,20А,ВыключательавтоматическийS202M-C0.5UC,0.5А,ВыключательавтоматическийS202M-C2UC,2А,ВыключательавтоматическийS202M-C6UC,6А

28.11.2017 09:26:01. ОтключениегарантированногоэлектропитанияМПЦ.ВыключательавтоматическийS201-D10NA,10А,ВыключательавтоматическийS201-C1NA,1А

28.11.2017 09:26:02. Отключениепитаниярабочихцепей220Впостоянноготока(входныхсветофоров,стрелки,выходныеиманевровыесветофорыирезерв1000Вт).ВыключательавтоматическийS203-D20NA,20А,ВыключательавтоматическийS202M-C20UC,20А,ВыключательавтоматическийS202M-C0.5UC,0.5А,ВыключательавтоматическийS202M-C2UC,2А,ВыключательавтоматическийS202M-C6UC,6А

28.11.2017 09:26:02. Отключениеконтроляперегоранияпредохранителей.ВыключательавтоматическийS202M-C0.5UC,0.5А

28.11.2017 09:26:02. ОтключениесобственныхнуждДГАгарантированноепитание.ВыключательавтоматическийдифференциальноготокаDS202MAC-C6/0.03

28.11.2017 09:26:02. Отключениепитаниярабочихцепей220Впостоянноготока(входныхсветофоров,стрелки,выходныеиманевровыесветофорыирезерв1000Вт).ВыключательавтоматическийS203-D20NA,20А,ВыключательавтоматическийS202M-C20UC,20А,ВыключательавтоматическийS202M-C0.5UC,0.5А,ВыключательавтоматическийS202M-C2UC,2А,ВыключательавтоматическийS202M-C6UC,6А

28.11.2017 09:26:02. Отключениерезерва220В2500Втгарантированногопитяния.ВыключательавтоматическийдифференциальноготокаDS202MAC-C16/0.03

28.11.2017 09:26:02. Отключениепитаниярабочихцепей220Впостоянноготока(входныхсветофоров,стрелки,выходныеиманевровыесветофорыирезерв1000Вт).ВыключательавтоматическийS203-D20NA,20А,ВыключательавтоматическийS202M-C20UC,20А,ВыключательавтоматическийS202M-C0.5UC,0.5А,ВыключательавтоматическийS202M-C2UC,2А,ВыключательавтоматическийS202M-C6UC,6А

28.11.2017 09:25:55 - 28.11.2017 09:26:02. ЗаменавставкиузипщитаЩР1бесперебойногопитания.ОграничительимпульсныхперенапряженийVAL-CP-3C-350-VF

28.11.2017 09:25:55 - 28.11.2017 09:26:02. ЗаменавставкиузипщитаЩР1гарантированногопитания.ОграничительимпульсныхперенапряженийVAL-CP-3C-350-VF

28.11.2017 09:26:02. ОтключениеПОС,АПТгарантированногопитания.ВыключательавтоматическийдифференциальноготокаDS202MAC-C16/0.03

28.11.2017 09:26:03. ОтключениебесперебойногоэлектропитанияМПЦ(резерв.комплект).ВыключательавтоматическийS201-D10NA,10А,ВыключательавтоматическийS201-C1NA,1А,ВыключательавтоматическийS201-C0.5NA,0.5А,ВыключательавтоматическийS201-C6NA,6А

28.11.2017 09:26:03. ОтключениебесперебойногоэлектропитанияМПЦ(резерв.комплект).ВыключательавтоматическийS201-D10NA,10А,ВыключательавтоматическийS201-C1NA,1А,ВыключательавтоматическийS201-C0.5NA,0.5А,ВыключательавтоматическийS201-C6NA,6А

28.11.2017 09:26:03. ОтключениебесперебойногоэлектропитанияМПЦ(резерв.комплект).ВыключательавтоматическийS201-D10NA,10А,ВыключательавтоматическийS201-C1NA,1А,ВыключательавтоматическийS201-C0.5NA,0.5А,ВыключательавтоматическийS201-C6NA,6А

28.11.2017 09:26:03. Отключениекондиционированиерелейнойгарантированногопитания.ВыключательавтоматическийдифференциальноготокаDS202MAC-C40/0.03

28.11.2017 09:26:03. ОтключениебесперебойногоэлектропитанияМПЦ(резерв.комплект).ВыключательавтоматическийS201-D10NA,10А,ВыключательавтоматическийS201-C1NA,1А,ВыключательавтоматическийS201-C0.5NA,0.5А,ВыключательавтоматическийS201-C6NA,6А

28.11.2017 09:25:58 - 28.11.2017 09:26:22. Отключение/включениевходногорубильникаДГА.Выключатель-разъединительDPX-IS2503P

28.11.2017 09:26:22. СрабатываниезащитыФидера1.ОграничительимпульсныхперенапряженийFLASHTRABFLT-CP-PLUS-3C-350

28.11.2017 09:26:22. СрабатываниезащитыФидера2.ОграничительимпульсныхперенапряженийFLASHTRABFLT-CP-PLUS-3C-350

28.11.2017 09:25:59 - 28.11.2017 09:26:22. Отключение/включениеДГА.ВыключательавтоматическийS803C-D80,80А

28.11.2017 09:25:59 - 28.11.2017 09:26:22. Отключение/включениевходногорубильникаФидера2.Выключатель-разъединительDPX-IS2503P

28.11.2017 09:25:59 - 28.11.2017 09:26:22. Отключение/включениеФидера2.ВыключательавтоматическийS803C-D80,80А

28.11.2017 09:25:59 - 28.11.2017 09:26:22. ОтключениевходногорубильникаФидера1.Выключатель-разъединительDPX-IS2503P

28.11.2017 09:25:59 - 28.11.2017 09:26:23. ОтключениеФидера1.ВыключательавтоматическийS803C-D80,80А

28.11.2017 09:25:59 - 28.11.2017 09:26:23. Отключение/включениедоп.выводаФидера2.ВыключательавтоматическийS203-D25,25А

28.11.2017 09:26:23. ОтключениеФидера1.КонтакторAF80-30-00-13,100-250В,125А

28.11.2017 09:25:56 - 28.11.2017 09:26:23. Подачипитаниянарасцепители.КонтакторESB40-40-24AC/DC

28.11.2017 09:25:57 - 28.11.2017 09:26:23. Неисправностьвцепяхрелеконтролячастотыинапряжения.ВыключательавтоматическийS203-C0.5,0.5А

28.11.2017 09:25:57 - 28.11.2017 09:26:23. Неисправностьвцепяхрелеконтролячастотыинапряжения.ВыключательавтоматическийS203-C0.5,0.5А

28.11.2017 09:26:23. ОтключениеФидера2.КонтакторAF80-30-00-13,100-250В,125А

28.11.2017 09:26:24. ЗаменавставкизащитыФидера1.ОграничительимпульсныхперенапряженийFLASHTRABFLT-CP-PLUS-3C-350

28.11.2017 09:26:24. ЗаменавставкизащитыФидера2.ОграничительимпульсныхперенапряженийFLASHTRABFLT-CP-PLUS-3C-350

28.11.2017 09:26:24. ЗаменавставкизащитыДГА.ОграничительимпульсныхперенапряженийFLASHTRABFLT-CP-PLUS-3C-350

28.11.2017 09:25:57 - 28.11.2017 09:26:24. Неисправностьвцепяхрелеконтролячастотыинапряжения.ВыключательавтоматическийS203-C0.5,0.5А

28.11.2017 09:25:57 - 28.11.2017 09:26:24. Неисправностьвцепяхрелеконтролячастотыинапряжения.ВыключательавтоматическийS203-C0.5,0.5А

28.11.2017 09:26:24. ОтключениеДГА.КонтакторAF80-30-00-13,100-250В,125А

28.11.2017 09:25:58 - 28.11.2017 09:26:24. ОтключениеАКБисточникавторичногоэлектропитания24В.ВыключательавтоматическийS202M-C6UC,6А

28.11.2017 09:25:58 - 28.11.2017 09:26:25. Отключениепитаниявентиляторов.ВыключательавтоматическийS201-D2NA,2А

28.11.2017 09:25:58 - 28.11.2017 09:26:25. Отключение/включениепитаниясхемыАОП.ВыключательавтоматическийS202M-C50UC,50А

28.11.2017 09:25:58 - 28.11.2017 09:26:25. Отключение/включениепитаниясхемыАОП.ВыключательавтоматическийS202M-C50UC,50А

28.11.2017 09:25:59 - 28.11.2017 09:26:25. ОтключениегарантированногоэлектропитанияМПЦ.ВыключательавтоматическийS201-D10NA,10А,ВыключательавтоматическийS201-C1NA,1А

28.11.2017 09:26:00 - 28.11.2017 09:26:25. ОтключениегарантированногоэлектропитанияМПЦ.ВыключательавтоматическийS201-D10NA,10А,ВыключательавтоматическийS201-C1NA,1А

28.11.2017 09:26:00 - 28.11.2017 09:26:25. ОтключениегарантированногоэлектропитанияМПЦ.ВыключательавтоматическийS201-D10NA,10А,ВыключательавтоматическийS201-C1NA,1А

28.11.2017 09:26:00 - 28.11.2017 09:26:26. Отключениеосвещениягарантированноепитание.ВыключательавтоматическийдифференциальноготокаDS202MAC-C6/0.03

28.11.2017 09:26:00 - 28.11.2017 09:26:26. ОтключениегарантированногоэлектропитанияМПЦ.ВыключательавтоматическийS201-D10NA,10А,ВыключательавтоматическийS201-C1NA,1А

28.11.2017 09:26:00 - 28.11.2017 09:26:26. Отключение/включениепитанияустройстваконтролясопротивленияизоляции.ВыключательавтоматическийS201-C1NA,1А

28.11.2017 09:26:00 - 28.11.2017 09:26:26. Отключениепитаниярабочихцепей220Впостоянноготока(входныхсветофоров,стрелки,выходныеиманевровыесветофорыирезерв1000Вт).ВыключательавтоматическийS203-D20NA,20А,ВыключательавтоматическийS202M-C20UC,20А,ВыключательавтоматическийS202M-C0.5UC,0.5А,ВыключательавтоматическийS202M-C2UC,2А,ВыключательавтоматическийS202M-C6UC,6А

28.11.2017 09:26:00 - 28.11.2017 09:26:26. ОтключениегарантированногоэлектропитанияМПЦ.ВыключательавтоматическийS201-D10NA,10А,ВыключательавтоматическийS201-C1NA,1А

28.11.2017 09:26:00 - 28.11.2017 09:26:26. ОтключениебесперебойногоэлектропитанияМПЦ(резерв.комплект).ВыключательавтоматическийS201-D10NA,10А,ВыключательавтоматическийS201-C1NA,1А,ВыключательавтоматическийS201-C0.5NA,0.5А,ВыключательавтоматическийS201-C6NA,6А

28.11.2017 09:26:00 - 28.11.2017 09:26:26. ОтключениебесперебойногоэлектропитанияМПЦ(резерв.комплект).ВыключательавтоматическийS201-D10NA,10А,ВыключательавтоматическийS201-C1NA,1А,ВыключательавтоматическийS201-C0.5NA,0.5А,ВыключательавтоматическийS201-C6NA,6А

28.11.2017 09:26:00 - 28.11.2017 09:26:26. ОтключениебесперебойногоэлектропитанияМПЦ(резерв.комплект).ВыключательавтоматическийS201-D10NA,10А,ВыключательавтоматическийS201-C1NA,1А,ВыключательавтоматическийS201-C0.5NA,0.5А,ВыключательавтоматическийS201-C6NA,6А

28.11.2017 09:26:01 - 28.11.2017 09:26:27. ОтключениебезперебойногопитаниящитаЩР1.ВыключательавтоматическийS203-D40NA,40А

28.11.2017 09:26:01 - 28.11.2017 09:26:27. Отключениепитания24ВЩкафовМПЦДнепр.ВыключательавтоматическийS202M-C8UC,8А,ВыключательавтоматическийS202M-C1UC,1А,ВыключательавтоматическийS202M-C20UC,20А,ВыключательавтоматическийS202M-C6UC,6А,ВыключательавтоматическийS202M-C0.5UC,0.5А,

28.11.2017 09:26:01 - 28.11.2017 09:26:27. ОтключениебесперебойногоэлектропитанияМПЦ(резерв.комплект).ВыключательавтоматическийS201-D10NA,10А,ВыключательавтоматическийS201-C1NA,1А,ВыключательавтоматическийS201-C0.5NA,0.5А,ВыключательавтоматическийS201-C6NA,6А

28.11.2017 09:26:01 - 28.11.2017 09:26:27. ОтключениебесперебойногоэлектропитанияМПЦ(резерв.комплект).ВыключательавтоматическийS201-D10NA,10А,ВыключательавтоматическийS201-C1NA,1А,ВыключательавтоматическийS201-C0.5NA,0.5А,ВыключательавтоматическийS201-C6NA,6А

28.11.2017 09:26:01 - 28.11.2017 09:26:27. ОтключениебесперебойногоэлектропитанияМПЦ(резерв.комплект).ВыключательавтоматическийS201-D10NA,10А,ВыключательавтоматическийS201-C1NA,1А,ВыключательавтоматическийS201-C0.5NA,0.5А,ВыключательавтоматическийS201-C6NA,6А

28.11.2017 09:26:01 - 28.11.2017 09:26:27. ОтключениебесперебойногоэлектропитанияМПЦ(резерв.комплект).ВыключательавтоматическийS201-D10NA,10А,ВыключательавтоматическийS201-C1NA,1А,ВыключательавтоматическийS201-C0.5NA,0.5А,ВыключательавтоматическийS201-C6NA,6А

28.11.2017 09:26:01 - 28.11.2017 09:26:27. ОтключениегарантированноепитаниящитаЩР1.ВыключательавтоматическийS203-D40NA,40А

28.11.2017 09:26:01 - 28.11.2017 09:26:27. Отключениепитаниярабочихцепей220Впостоянноготока(входныхсветофоров,стрелки,выходныеиманевровыесветофорыирезерв1000Вт).ВыключательавтоматическийS203-D20NA,20А,ВыключательавтоматическийS202M-C20UC,20А,ВыключательавтоматическийS202M-C0.5UC,0.5А,ВыключательавтоматическийS202M-C2UC,2А,ВыключательавтоматическийS202M-C6UC,6А

28.11.2017 09:26:01 - 28.11.2017 09:26:27. ОтключениегарантированногоэлектропитанияМПЦ.ВыключательавтоматическийS201-D10NA,10А,ВыключательавтоматическийS201-C1NA,1А

28.11.2017 09:26:02 - 28.11.2017 09:26:28. Отключениепитаниярабочихцепей220Впостоянноготока(входныхсветофоров,стрелки,выходныеиманевровыесветофорыирезерв1000Вт).ВыключательавтоматическийS203-D20NA,20А,ВыключательавтоматическийS202M-C20UC,20А,ВыключательавтоматическийS202M-C0.5UC,0.5А,ВыключательавтоматическийS202M-C2UC,2А,ВыключательавтоматическийS202M-C6UC,6А

28.11.2017 09:26:23 - 28.11.2017 09:26:28. ОтключениеФидера1.КонтакторAF80-30-00-13,100-250В,125А

28.11.2017 09:26:28. Подачипитаниянарасцепители.КонтакторESB40-40-24AC/DC

28.11.2017 09:26:28. Неисправностьвцепяхрелеконтролячастотыинапряжения.ВыключательавтоматическийS203-C0.5,0.5А

28.11.2017 09:26:28. Неисправностьвцепяхрелеконтролячастотыинапряжения.ВыключательавтоматическийS203-C0.5,0.5А

28.11.2017 09:26:23 - 28.11.2017 09:26:28. ОтключениеФидера2.КонтакторAF80-30-00-13,100-250В,125А

28.11.2017 09:26:24 - 28.11.2017 09:26:28. ЗаменавставкизащитыФидера1.ОграничительимпульсныхперенапряженийFLASHTRABFLT-CP-PLUS-3C-350

28.11.2017 09:26:24 - 28.11.2017 09:26:28. ЗаменавставкизащитыФидера2.ОграничительимпульсныхперенапряженийFLASHTRABFLT-CP-PLUS-3C-350

28.11.2017 09:26:24 - 28.11.2017 09:26:29. ЗаменавставкизащитыДГА.ОграничительимпульсныхперенапряженийFLASHTRABFLT-CP-PLUS-3C-350

28.11.2017 09:26:29. Неисправностьвцепяхрелеконтролячастотыинапряжения.ВыключательавтоматическийS203-C0.5,0.5А

28.11.2017 09:26:29. Неисправностьвцепяхрелеконтролячастотыинапряжения.ВыключательавтоматическийS203-C0.5,0.5А

28.11.2017 09:26:24 - 28.11.2017 09:26:29. ОтключениеДГА.КонтакторAF80-30-00-13,100-250В,125А

28.11.2017 09:26:29. ОтключениеАКБисточникавторичногоэлектропитания24В.ВыключательавтоматическийS202M-C6UC,6А

28.11.2017 09:26:29. Отключениепитаниявентиляторов.ВыключательавтоматическийS201-D2NA,2А

28.11.2017 09:26:30. Отключение/включениевходногорубильникаДГА.Выключатель-разъединительDPX-IS2503P

28.11.2017 09:26:22 - 28.11.2017 09:26:30. СрабатываниезащитыФидера1.ОграничительимпульсныхперенапряженийFLASHTRABFLT-CP-PLUS-3C-350

28.11.2017 09:26:22 - 28.11.2017 09:26:30. СрабатываниезащитыФидера2.ОграничительимпульсныхперенапряженийFLASHTRABFLT-CP-PLUS-3C-350

28.11.2017 09:26:30. Отключение/включениеДГА.ВыключательавтоматическийS803C-D80,80А

28.11.2017 09:26:30. Отключение/включениевходногорубильникаФидера2.Выключатель-разъединительDPX-IS2503P

28.11.2017 09:26:30. Отключение/включениеФидера2.ВыключательавтоматическийS803C-D80,80А

28.11.2017 09:26:30. ОтключениевходногорубильникаФидера1.Выключатель-разъединительDPX-IS2503P

28.11.2017 09:26:30. Отключение/включениепитаниясхемыАОП.ВыключательавтоматическийS202M-C50UC,50А

28.11.2017 09:26:31. ОтключениеФидера1.ВыключательавтоматическийS803C-D80,80А

28.11.2017 09:26:31. Отключение/включениепитаниясхемыАОП.ВыключательавтоматическийS202M-C50UC,50А

28.11.2017 09:26:31. Отключение/включениедоп.выводаФидера2.ВыключательавтоматическийS203-D25,25А

28.11.2017 09:26:31. ОтключениегарантированногоэлектропитанияМПЦ.ВыключательавтоматическийS201-D10NA,10А,ВыключательавтоматическийS201-C1NA,1А

28.11.2017 09:26:31. ОтключениегарантированногоэлектропитанияМПЦ.ВыключательавтоматическийS201-D10NA,10А,ВыключательавтоматическийS201-C1NA,1А

28.11.2017 09:26:31. ОтключениегарантированногоэлектропитанияМПЦ.ВыключательавтоматическийS201-D10NA,10А,ВыключательавтоматическийS201-C1NA,1А

28.11.2017 09:26:31. Отключениеосвещениягарантированноепитание.ВыключательавтоматическийдифференциальноготокаDS202MAC-C6/0.03

28.11.2017 09:26:31. ОтключениегарантированногоэлектропитанияМПЦ.ВыключательавтоматическийS201-D10NA,10А,ВыключательавтоматическийS201-C1NA,1А

28.11.2017 09:26:32. Отключение/включениепитанияустройстваконтролясопротивленияизоляции.ВыключательавтоматическийS201-C1NA,1А

28.11.2017 09:26:32. Отключениепитаниярабочихцепей220Впостоянноготока(входныхсветофоров,стрелки,выходныеиманевровыесветофорыирезерв1000Вт).ВыключательавтоматическийS203-D20NA,20А,ВыключательавтоматическийS202M-C20UC,20А,ВыключательавтоматическийS202M-C0.5UC,0.5А,ВыключательавтоматическийS202M-C2UC,2А,ВыключательавтоматическийS202M-C6UC,6А

28.11.2017 09:26:32. ОтключениегарантированногоэлектропитанияМПЦ.ВыключательавтоматическийS201-D10NA,10А,ВыключательавтоматическийS201-C1NA,1А

28.11.2017 09:26:32. ОтключениебесперебойногоэлектропитанияМПЦ(резерв.комплект).ВыключательавтоматическийS201-D10NA,10А,ВыключательавтоматическийS201-C1NA,1А,ВыключательавтоматическийS201-C0.5NA,0.5А,ВыключательавтоматическийS201-C6NA,6А

28.11.2017 09:26:32. ОтключениебесперебойногоэлектропитанияМПЦ(резерв.комплект).ВыключательавтоматическийS201-D10NA,10А,ВыключательавтоматическийS201-C1NA,1А,ВыключательавтоматическийS201-C0.5NA,0.5А,ВыключательавтоматическийS201-C6NA,6А

28.11.2017 09:26:32. ОтключениебесперебойногоэлектропитанияМПЦ(резерв.комплект).ВыключательавтоматическийS201-D10NA,10А,ВыключательавтоматическийS201-C1NA,1А,ВыключательавтоматическийS201-C0.5NA,0.5А,ВыключательавтоматическийS201-C6NA,6А

28.11.2017 09:26:32. ОтключениебезперебойногопитаниящитаЩР1.ВыключательавтоматическийS203-D40NA,40А

28.11.2017 09:26:32. Отключениепитания24ВЩкафовМПЦДнепр.ВыключательавтоматическийS202M-C8UC,8А,ВыключательавтоматическийS202M-C1UC,1А,ВыключательавтоматическийS202M-C20UC,20А,ВыключательавтоматическийS202M-C6UC,6А,ВыключательавтоматическийS202M-C0.5UC,0.5А,

28.11.2017 09:26:32. ОтключениебесперебойногоэлектропитанияМПЦ(резерв.комплект).ВыключательавтоматическийS201-D10NA,10А,ВыключательавтоматическийS201-C1NA,1А,ВыключательавтоматическийS201-C0.5NA,0.5А,ВыключательавтоматическийS201-C6NA,6А

28.11.2017 09:26:33. ОтключениебесперебойногоэлектропитанияМПЦ(резерв.комплект).ВыключательавтоматическийS201-D10NA,10А,ВыключательавтоматическийS201-C1NA,1А,ВыключательавтоматическийS201-C0.5NA,0.5А,ВыключательавтоматическийS201-C6NA,6А

28.11.2017 09:26:33. ОтключениебесперебойногоэлектропитанияМПЦ(резерв.комплект).ВыключательавтоматическийS201-D10NA,10А,ВыключательавтоматическийS201-C1NA,1А,ВыключательавтоматическийS201-C0.5NA,0.5А,ВыключательавтоматическийS201-C6NA,6А

28.11.2017 09:26:33. ОтключениебесперебойногоэлектропитанияМПЦ(резерв.комплект).ВыключательавтоматическийS201-D10NA,10А,ВыключательавтоматическийS201-C1NA,1А,ВыключательавтоматическийS201-C0.5NA,0.5А,ВыключательавтоматическийS201-C6NA,6А

28.11.2017 09:26:33. ОтключениегарантированноепитаниящитаЩР1.ВыключательавтоматическийS203-D40NA,40А

28.11.2017 09:26:33. Отключениепитаниярабочихцепей220Впостоянноготока(входныхсветофоров,стрелки,выходныеиманевровыесветофорыирезерв1000Вт).ВыключательавтоматическийS203-D20NA,20А,ВыключательавтоматическийS202M-C20UC,20А,ВыключательавтоматическийS202M-C0.5UC,0.5А,ВыключательавтоматическийS202M-C2UC,2А,ВыключательавтоматическийS202M-C6UC,6А

28.11.2017 09:26:33. ОтключениегарантированногоэлектропитанияМПЦ.ВыключательавтоматическийS201-D10NA,10А,ВыключательавтоматическийS201-C1NA,1А

28.11.2017 09:26:33. Отключениепитаниярабочихцепей220Впостоянноготока(входныхсветофоров,стрелки,выходныеиманевровыесветофорыирезерв1000Вт).ВыключательавтоматическийS203-D20NA,20А,ВыключательавтоматическийS202M-C20UC,20А,ВыключательавтоматическийS202M-C0.5UC,0.5А,ВыключательавтоматическийS202M-C2UC,2А,ВыключательавтоматическийS202M-C6UC,6А

28.11.2017 09:26:30 - 28.11.2017 09:26:40. Отключение/включениевходногорубильникаДГА.Выключатель-разъединительDPX-IS2503P

28.11.2017 09:26:40. СрабатываниезащитыФидера1.ОграничительимпульсныхперенапряженийFLASHTRABFLT-CP-PLUS-3C-350

28.11.2017 09:26:40. СрабатываниезащитыФидера2.ОграничительимпульсныхперенапряженийFLASHTRABFLT-CP-PLUS-3C-350

28.11.2017 09:26:30 - 28.11.2017 09:26:40. Отключение/включениеДГА.ВыключательавтоматическийS803C-D80,80А

28.11.2017 09:26:30 - 28.11.2017 09:26:40. Отключение/включениевходногорубильникаФидера2.Выключатель-разъединительDPX-IS2503P

28.11.2017 09:26:30 - 28.11.2017 09:26:41. Отключение/включениеФидера2.ВыключательавтоматическийS803C-D80,80А

28.11.2017 09:26:30 - 28.11.2017 09:26:41. ОтключениевходногорубильникаФидера1.Выключатель-разъединительDPX-IS2503P

28.11.2017 09:26:31 - 28.11.2017 09:26:41. ОтключениеФидера1.ВыключательавтоматическийS803C-D80,80А

28.11.2017 09:26:31 - 28.11.2017 09:26:41. Отключение/включениедоп.выводаФидера2.ВыключательавтоматическийS203-D25,25А

28.11.2017 09:26:41. ОтключениеФидера1.КонтакторAF80-30-00-13,100-250В,125А

28.11.2017 09:26:28 - 28.11.2017 09:26:41. Подачипитаниянарасцепители.КонтакторESB40-40-24AC/DC

28.11.2017 09:26:28 - 28.11.2017 09:26:41. Неисправностьвцепяхрелеконтролячастотыинапряжения.ВыключательавтоматическийS203-C0.5,0.5А

28.11.2017 09:26:28 - 28.11.2017 09:26:41. Неисправностьвцепяхрелеконтролячастотыинапряжения.ВыключательавтоматическийS203-C0.5,0.5А

28.11.2017 09:26:42. ОтключениеФидера2.КонтакторAF80-30-00-13,100-250В,125А

28.11.2017 09:26:42. ЗаменавставкизащитыФидера1.ОграничительимпульсныхперенапряженийFLASHTRABFLT-CP-PLUS-3C-350

28.11.2017 09:26:42. ЗаменавставкизащитыФидера2.ОграничительимпульсныхперенапряженийFLASHTRABFLT-CP-PLUS-3C-350

28.11.2017 09:26:42. ЗаменавставкизащитыДГА.ОграничительимпульсныхперенапряженийFLASHTRABFLT-CP-PLUS-3C-350

28.11.2017 09:26:29 - 28.11.2017 09:26:42. Неисправностьвцепяхрелеконтролячастотыинапряжения.ВыключательавтоматическийS203-C0.5,0.5А

28.11.2017 09:26:29 - 28.11.2017 09:26:42. Неисправностьвцепяхрелеконтролячастотыинапряжения.ВыключательавтоматическийS203-C0.5,0.5А

28.11.2017 09:26:42. ОтключениеДГА.КонтакторAF80-30-00-13,100-250В,125А

28.11.2017 09:26:29 - 28.11.2017 09:26:42. ОтключениеАКБисточникавторичногоэлектропитания24В.ВыключательавтоматическийS202M-C6UC,6А

28.11.2017 09:26:29 - 28.11.2017 09:26:43. Отключениепитаниявентиляторов.ВыключательавтоматическийS201-D2NA,2А

28.11.2017 09:26:30 - 28.11.2017 09:26:43. Отключение/включениепитаниясхемыАОП.ВыключательавтоматическийS202M-C50UC,50А

28.11.2017 09:26:31 - 28.11.2017 09:26:43. Отключение/включениепитаниясхемыАОП.ВыключательавтоматическийS202M-C50UC,50А

28.11.2017 09:26:31 - 28.11.2017 09:26:43. ОтключениегарантированногоэлектропитанияМПЦ.ВыключательавтоматическийS201-D10NA,10А,ВыключательавтоматическийS201-C1NA,1А

28.11.2017 09:26:31 - 28.11.2017 09:26:43. ОтключениегарантированногоэлектропитанияМПЦ.ВыключательавтоматическийS201-D10NA,10А,ВыключательавтоматическийS201-C1NA,1А

28.11.2017 09:26:31 - 28.11.2017 09:26:43. ОтключениегарантированногоэлектропитанияМПЦ.ВыключательавтоматическийS201-D10NA,10А,ВыключательавтоматическийS201-C1NA,1А

28.11.2017 09:26:31 - 28.11.2017 09:26:43. Отключениеосвещениягарантированноепитание.ВыключательавтоматическийдифференциальноготокаDS202MAC-C6/0.03

28.11.2017 09:26:31 - 28.11.2017 09:26:44. ОтключениегарантированногоэлектропитанияМПЦ.ВыключательавтоматическийS201-D10NA,10А,ВыключательавтоматическийS201-C1NA,1А

28.11.2017 09:26:32 - 28.11.2017 09:26:44. Отключение/включениепитанияустройстваконтролясопротивленияизоляции.ВыключательавтоматическийS201-C1NA,1А

28.11.2017 09:26:32 - 28.11.2017 09:26:44. Отключениепитаниярабочихцепей220Впостоянноготока(входныхсветофоров,стрелки,выходныеиманевровыесветофорыирезерв1000Вт).ВыключательавтоматическийS203-D20NA,20А,ВыключательавтоматическийS202M-C20UC,20А,ВыключательавтоматическийS202M-C0.5UC,0.5А,ВыключательавтоматическийS202M-C2UC,2А,ВыключательавтоматическийS202M-C6UC,6А

28.11.2017 09:26:32 - 28.11.2017 09:26:44. ОтключениегарантированногоэлектропитанияМПЦ.ВыключательавтоматическийS201-D10NA,10А,ВыключательавтоматическийS201-C1NA,1А

28.11.2017 09:26:32 - 28.11.2017 09:26:44. ОтключениебесперебойногоэлектропитанияМПЦ(резерв.комплект).ВыключательавтоматическийS201-D10NA,10А,ВыключательавтоматическийS201-C1NA,1А,ВыключательавтоматическийS201-C0.5NA,0.5А,ВыключательавтоматическийS201-C6NA,6А

28.11.2017 09:26:32 - 28.11.2017 09:26:44. ОтключениебесперебойногоэлектропитанияМПЦ(резерв.комплект).ВыключательавтоматическийS201-D10NA,10А,ВыключательавтоматическийS201-C1NA,1А,ВыключательавтоматическийS201-C0.5NA,0.5А,ВыключательавтоматическийS201-C6NA,6А

28.11.2017 09:26:32 - 28.11.2017 09:26:44. ОтключениебесперебойногоэлектропитанияМПЦ(резерв.комплект).ВыключательавтоматическийS201-D10NA,10А,ВыключательавтоматическийS201-C1NA,1А,ВыключательавтоматическийS201-C0.5NA,0.5А,ВыключательавтоматическийS201-C6NA,6А

28.11.2017 09:26:32 - 28.11.2017 09:26:44. ОтключениебезперебойногопитаниящитаЩР1.ВыключательавтоматическийS203-D40NA,40А

28.11.2017 09:26:32 - 28.11.2017 09:26:45. Отключениепитания24ВЩкафовМПЦДнепр.ВыключательавтоматическийS202M-C8UC,8А,ВыключательавтоматическийS202M-C1UC,1А,ВыключательавтоматическийS202M-C20UC,20А,ВыключательавтоматическийS202M-C6UC,6А,ВыключательавтоматическийS202M-C0.5UC,0.5А,

28.11.2017 09:26:32 - 28.11.2017 09:26:45. ОтключениебесперебойногоэлектропитанияМПЦ(резерв.комплект).ВыключательавтоматическийS201-D10NA,10А,ВыключательавтоматическийS201-C1NA,1А,ВыключательавтоматическийS201-C0.5NA,0.5А,ВыключательавтоматическийS201-C6NA,6А

28.11.2017 09:26:33 - 28.11.2017 09:26:45. ОтключениебесперебойногоэлектропитанияМПЦ(резерв.комплект).ВыключательавтоматическийS201-D10NA,10А,ВыключательавтоматическийS201-C1NA,1А,ВыключательавтоматическийS201-C0.5NA,0.5А,ВыключательавтоматическийS201-C6NA,6А

28.11.2017 09:26:33 - 28.11.2017 09:26:45. ОтключениебесперебойногоэлектропитанияМПЦ(резерв.комплект).ВыключательавтоматическийS201-D10NA,10А,ВыключательавтоматическийS201-C1NA,1А,ВыключательавтоматическийS201-C0.5NA,0.5А,ВыключательавтоматическийS201-C6NA,6А

28.11.2017 09:26:33 - 28.11.2017 09:26:45. ОтключениебесперебойногоэлектропитанияМПЦ(резерв.комплект).ВыключательавтоматическийS201-D10NA,10А,ВыключательавтоматическийS201-C1NA,1А,ВыключательавтоматическийS201-C0.5NA,0.5А,ВыключательавтоматическийS201-C6NA,6А

28.11.2017 09:26:33 - 28.11.2017 09:26:45. ОтключениегарантированноепитаниящитаЩР1.ВыключательавтоматическийS203-D40NA,40А

28.11.2017 09:26:33 - 28.11.2017 09:26:45. Отключениепитаниярабочихцепей220Впостоянноготока(входныхсветофоров,стрелки,выходныеиманевровыесветофорыирезерв1000Вт).ВыключательавтоматическийS203-D20NA,20А,ВыключательавтоматическийS202M-C20UC,20А,ВыключательавтоматическийS202M-C0.5UC,0.5А,ВыключательавтоматическийS202M-C2UC,2А,ВыключательавтоматическийS202M-C6UC,6А

28.11.2017 09:26:33 - 28.11.2017 09:26:45. ОтключениегарантированногоэлектропитанияМПЦ.ВыключательавтоматическийS201-D10NA,10А,ВыключательавтоматическийS201-C1NA,1А

28.11.2017 09:26:33 - 28.11.2017 09:26:46. Отключениепитаниярабочихцепей220Впостоянноготока(входныхсветофоров,стрелки,выходныеиманевровыесветофорыирезерв1000Вт).ВыключательавтоматическийS203-D20NA,20А,ВыключательавтоматическийS202M-C20UC,20А,ВыключательавтоматическийS202M-C0.5UC,0.5А,ВыключательавтоматическийS202M-C2UC,2А,ВыключательавтоматическийS202M-C6UC,6А

28.11.2017 09:26:02 - 28.11.2017 09:26:46. Отключениеконтроляперегоранияпредохранителей.ВыключательавтоматическийS202M-C0.5UC,0.5А

28.11.2017 09:26:02 - 28.11.2017 09:26:46. ОтключениесобственныхнуждДГАгарантированноепитание.ВыключательавтоматическийдифференциальноготокаDS202MAC-C6/0.03

28.11.2017 09:26:02 - 28.11.2017 09:26:46. Отключениепитаниярабочихцепей220Впостоянноготока(входныхсветофоров,стрелки,выходныеиманевровыесветофорыирезерв1000Вт).ВыключательавтоматическийS203-D20NA,20А,ВыключательавтоматическийS202M-C20UC,20А,ВыключательавтоматическийS202M-C0.5UC,0.5А,ВыключательавтоматическийS202M-C2UC,2А,ВыключательавтоматическийS202M-C6UC,6А

28.11.2017 09:26:02 - 28.11.2017 09:26:46. Отключениерезерва220В2500Втгарантированногопитяния.ВыключательавтоматическийдифференциальноготокаDS202MAC-C16/0.03

28.11.2017 09:26:02 - 28.11.2017 09:26:46. Отключениепитаниярабочихцепей220Впостоянноготока(входныхсветофоров,стрелки,выходныеиманевровыесветофорыирезерв1000Вт).ВыключательавтоматическийS203-D20NA,20А,ВыключательавтоматическийS202M-C20UC,20А,ВыключательавтоматическийS202M-C0.5UC,0.5А,ВыключательавтоматическийS202M-C2UC,2А,ВыключательавтоматическийS202M-C6UC,6А

28.11.2017 09:26:46. ЗаменавставкиузипщитаЩР1бесперебойногопитания.ОграничительимпульсныхперенапряженийVAL-CP-3C-350-VF

28.11.2017 09:26:46. ЗаменавставкиузипщитаЩР1гарантированногопитания.ОграничительимпульсныхперенапряженийVAL-CP-3C-350-VF

28.11.2017 09:26:02 - 28.11.2017 09:26:47. ОтключениеПОС,АПТгарантированногопитания.ВыключательавтоматическийдифференциальноготокаDS202MAC-C16/0.03

28.11.2017 09:26:03 - 28.11.2017 09:26:47. ОтключениебесперебойногоэлектропитанияМПЦ(резерв.комплект).ВыключательавтоматическийS201-D10NA,10А,ВыключательавтоматическийS201-C1NA,1А,ВыключательавтоматическийS201-C0.5NA,0.5А,ВыключательавтоматическийS201-C6NA,6А

28.11.2017 09:26:03 - 28.11.2017 09:26:47. ОтключениебесперебойногоэлектропитанияМПЦ(резерв.комплект).ВыключательавтоматическийS201-D10NA,10А,ВыключательавтоматическийS201-C1NA,1А,ВыключательавтоматическийS201-C0.5NA,0.5А,ВыключательавтоматическийS201-C6NA,6А

28.11.2017 09:26:03 - 28.11.2017 09:26:47. ОтключениебесперебойногоэлектропитанияМПЦ(резерв.комплект).ВыключательавтоматическийS201-D10NA,10А,ВыключательавтоматическийS201-C1NA,1А,ВыключательавтоматическийS201-C0.5NA,0.5А,ВыключательавтоматическийS201-C6NA,6А

28.11.2017 09:26:03 - 28.11.2017 09:26:47. Отключениекондиционированиерелейнойгарантированногопитания.ВыключательавтоматическийдифференциальноготокаDS202MAC-C40/0.03

28.11.2017 09:26:03 - 28.11.2017 09:26:47. ОтключениебесперебойногоэлектропитанияМПЦ(резерв.комплект).ВыключательавтоматическийS201-D10NA,10А,ВыключательавтоматическийS201-C1NA,1А,ВыключательавтоматическийS201-C0.5NA,0.5А,ВыключательавтоматическийS201-C6NA,6А

28.11.2017 09:26:56. Отключение/включениевходногорубильникаДГА.Выключатель-разъединительDPX-IS2503P

28.11.2017 09:26:40 - 28.11.2017 09:26:56. СрабатываниезащитыФидера1.ОграничительимпульсныхперенапряженийFLASHTRABFLT-CP-PLUS-3C-350

28.11.2017 09:26:40 - 28.11.2017 09:26:56. СрабатываниезащитыФидера2.ОграничительимпульсныхперенапряженийFLASHTRABFLT-CP-PLUS-3C-350

28.11.2017 09:26:56. Отключение/включениеДГА.ВыключательавтоматическийS803C-D80,80А

28.11.2017 09:26:57. Отключение/включениевходногорубильникаФидера2.Выключатель-разъединительDPX-IS2503P

28.11.2017 09:26:57. Отключение/включениеФидера2.ВыключательавтоматическийS803C-D80,80А

28.11.2017 09:26:57. ОтключениевходногорубильникаФидера1.Выключатель-разъединительDPX-IS2503P

28.11.2017 09:26:57. ОтключениеФидера1.ВыключательавтоматическийS803C-D80,80А

28.11.2017 09:26:57. Отключение/включениедоп.выводаФидера2.ВыключательавтоматическийS203-D25,25А

28.11.2017 09:26:41 - 28.11.2017 09:26:57. ОтключениеФидера1.КонтакторAF80-30-00-13,100-250В,125А

28.11.2017 09:26:57. Подачипитаниянарасцепители.КонтакторESB40-40-24AC/DC

28.11.2017 09:26:57. Неисправностьвцепяхрелеконтролячастотыинапряжения.ВыключательавтоматическийS203-C0.5,0.5А

28.11.2017 09:26:58. Неисправностьвцепяхрелеконтролячастотыинапряжения.ВыключательавтоматическийS203-C0.5,0.5А

28.11.2017 09:26:42 - 28.11.2017 09:26:58. ОтключениеФидера2.КонтакторAF80-30-00-13,100-250В,125А

28.11.2017 09:26:42 - 28.11.2017 09:26:58. ЗаменавставкизащитыФидера1.ОграничительимпульсныхперенапряженийFLASHTRABFLT-CP-PLUS-3C-350

28.11.2017 09:26:42 - 28.11.2017 09:26:58. ЗаменавставкизащитыФидера2.ОграничительимпульсныхперенапряженийFLASHTRABFLT-CP-PLUS-3C-350

28.11.2017 09:26:42 - 28.11.2017 09:26:58. ЗаменавставкизащитыДГА.ОграничительимпульсныхперенапряженийFLASHTRABFLT-CP-PLUS-3C-350

28.11.2017 09:26:58. Неисправностьвцепяхрелеконтролячастотыинапряжения.ВыключательавтоматическийS203-C0.5,0.5А

28.11.2017 09:26:58. Неисправностьвцепяхрелеконтролячастотыинапряжения.ВыключательавтоматическийS203-C0.5,0.5А

28.11.2017 09:26:42 - 28.11.2017 09:26:58. ОтключениеДГА.КонтакторAF80-30-00-13,100-250В,125А

28.11.2017 09:26:58. ОтключениеАКБисточникавторичногоэлектропитания24В.ВыключательавтоматическийS202M-C6UC,6А

28.11.2017 09:26:59. Отключениепитаниявентиляторов.ВыключательавтоматическийS201-D2NA,2А

28.11.2017 09:26:59. Отключение/включениепитаниясхемыАОП.ВыключательавтоматическийS202M-C50UC,50А

28.11.2017 09:26:59. Отключение/включениепитаниясхемыАОП.ВыключательавтоматическийS202M-C50UC,50А

28.11.2017 09:26:59. ОтключениегарантированногоэлектропитанияМПЦ.ВыключательавтоматическийS201-D10NA,10А,ВыключательавтоматическийS201-C1NA,1А

28.11.2017 09:26:59. ОтключениегарантированногоэлектропитанияМПЦ.ВыключательавтоматическийS201-D10NA,10А,ВыключательавтоматическийS201-C1NA,1А

28.11.2017 09:26:59. ОтключениегарантированногоэлектропитанияМПЦ.ВыключательавтоматическийS201-D10NA,10А,ВыключательавтоматическийS201-C1NA,1А

28.11.2017 09:26:59. Отключениеосвещениягарантированноепитание.ВыключательавтоматическийдифференциальноготокаDS202MAC-C6/0.03

28.11.2017 09:27:00. ОтключениегарантированногоэлектропитанияМПЦ.ВыключательавтоматическийS201-D10NA,10А,ВыключательавтоматическийS201-C1NA,1А

28.11.2017 09:27:00. Отключение/включениепитанияустройстваконтролясопротивленияизоляции.ВыключательавтоматическийS201-C1NA,1А

28.11.2017 09:27:00. Отключениепитаниярабочихцепей220Впостоянноготока(входныхсветофоров,стрелки,выходныеиманевровыесветофорыирезерв1000Вт).ВыключательавтоматическийS203-D20NA,20А,ВыключательавтоматическийS202M-C20UC,20А,ВыключательавтоматическийS202M-C0.5UC,0.5А,ВыключательавтоматическийS202M-C2UC,2А,ВыключательавтоматическийS202M-C6UC,6А

28.11.2017 09:27:00. ОтключениегарантированногоэлектропитанияМПЦ.ВыключательавтоматическийS201-D10NA,10А,ВыключательавтоматическийS201-C1NA,1А

28.11.2017 09:27:00. ОтключениебесперебойногоэлектропитанияМПЦ(резерв.комплект).ВыключательавтоматическийS201-D10NA,10А,ВыключательавтоматическийS201-C1NA,1А,ВыключательавтоматическийS201-C0.5NA,0.5А,ВыключательавтоматическийS201-C6NA,6А

28.11.2017 09:27:00. ОтключениебесперебойногоэлектропитанияМПЦ(резерв.комплект).ВыключательавтоматическийS201-D10NA,10А,ВыключательавтоматическийS201-C1NA,1А,ВыключательавтоматическийS201-C0.5NA,0.5А,ВыключательавтоматическийS201-C6NA,6А

28.11.2017 09:27:00. ОтключениебесперебойногоэлектропитанияМПЦ(резерв.комплект).ВыключательавтоматическийS201-D10NA,10А,ВыключательавтоматическийS201-C1NA,1А,ВыключательавтоматическийS201-C0.5NA,0.5А,ВыключательавтоматическийS201-C6NA,6А

28.11.2017 09:27:00. ОтключениебезперебойногопитаниящитаЩР1.ВыключательавтоматическийS203-D40NA,40А

28.11.2017 09:27:00. Отключениепитания24ВЩкафовМПЦДнепр.ВыключательавтоматическийS202M-C8UC,8А,ВыключательавтоматическийS202M-C1UC,1А,ВыключательавтоматическийS202M-C20UC,20А,ВыключательавтоматическийS202M-C6UC,6А,ВыключательавтоматическийS202M-C0.5UC,0.5А,

28.11.2017 09:27:01. ОтключениебесперебойногоэлектропитанияМПЦ(резерв.комплект).ВыключательавтоматическийS201-D10NA,10А,ВыключательавтоматическийS201-C1NA,1А,ВыключательавтоматическийS201-C0.5NA,0.5А,ВыключательавтоматическийS201-C6NA,6А

28.11.2017 09:27:01. ОтключениебесперебойногоэлектропитанияМПЦ(резерв.комплект).ВыключательавтоматическийS201-D10NA,10А,ВыключательавтоматическийS201-C1NA,1А,ВыключательавтоматическийS201-C0.5NA,0.5А,ВыключательавтоматическийS201-C6NA,6А

28.11.2017 09:27:01. ОтключениебесперебойногоэлектропитанияМПЦ(резерв.комплект).ВыключательавтоматическийS201-D10NA,10А,ВыключательавтоматическийS201-C1NA,1А,ВыключательавтоматическийS201-C0.5NA,0.5А,ВыключательавтоматическийS201-C6NA,6А

28.11.2017 09:27:01. ОтключениебесперебойногоэлектропитанияМПЦ(резерв.комплект).ВыключательавтоматическийS201-D10NA,10А,ВыключательавтоматическийS201-C1NA,1А,ВыключательавтоматическийS201-C0.5NA,0.5А,ВыключательавтоматическийS201-C6NA,6А

28.11.2017 09:27:01. ОтключениегарантированноепитаниящитаЩР1.ВыключательавтоматическийS203-D40NA,40А

28.11.2017 09:27:01. Отключениепитаниярабочихцепей220Впостоянноготока(входныхсветофоров,стрелки,выходныеиманевровыесветофорыирезерв1000Вт).ВыключательавтоматическийS203-D20NA,20А,ВыключательавтоматическийS202M-C20UC,20А,ВыключательавтоматическийS202M-C0.5UC,0.5А,ВыключательавтоматическийS202M-C2UC,2А,ВыключательавтоматическийS202M-C6UC,6А

28.11.2017 09:27:01. ОтключениегарантированногоэлектропитанияМПЦ.ВыключательавтоматическийS201-D10NA,10А,ВыключательавтоматическийS201-C1NA,1А

28.11.2017 09:27:01. Отключениепитаниярабочихцепей220Впостоянноготока(входныхсветофоров,стрелки,выходныеиманевровыесветофорыирезерв1000Вт).ВыключательавтоматическийS203-D20NA,20А,ВыключательавтоматическийS202M-C20UC,20А,ВыключательавтоматическийS202M-C0.5UC,0.5А,ВыключательавтоматическийS202M-C2UC,2А,ВыключательавтоматическийS202M-C6UC,6А

28.11.2017 09:27:01. Отключениеконтроляперегоранияпредохранителей.ВыключательавтоматическийS202M-C0.5UC,0.5А

28.11.2017 09:27:02. ОтключениесобственныхнуждДГАгарантированноепитание.ВыключательавтоматическийдифференциальноготокаDS202MAC-C6/0.03

28.11.2017 09:27:02. Отключениепитаниярабочихцепей220Впостоянноготока(входныхсветофоров,стрелки,выходныеиманевровыесветофорыирезерв1000Вт).ВыключательавтоматическийS203-D20NA,20А,ВыключательавтоматическийS202M-C20UC,20А,ВыключательавтоматическийS202M-C0.5UC,0.5А,ВыключательавтоматическийS202M-C2UC,2А,ВыключательавтоматическийS202M-C6UC,6А

28.11.2017 09:27:02. Отключениерезерва220В2500Втгарантированногопитяния.ВыключательавтоматическийдифференциальноготокаDS202MAC-C16/0.03

28.11.2017 09:27:02. Отключениепитаниярабочихцепей220Впостоянноготока(входныхсветофоров,стрелки,выходныеиманевровыесветофорыирезерв1000Вт).ВыключательавтоматическийS203-D20NA,20А,ВыключательавтоматическийS202M-C20UC,20А,ВыключательавтоматическийS202M-C0.5UC,0.5А,ВыключательавтоматическийS202M-C2UC,2А,ВыключательавтоматическийS202M-C6UC,6А

28.11.2017 09:26:46 - 28.11.2017 09:27:02. ЗаменавставкиузипщитаЩР1бесперебойногопитания.ОграничительимпульсныхперенапряженийVAL-CP-3C-350-VF

28.11.2017 09:26:46 - 28.11.2017 09:27:02. ЗаменавставкиузипщитаЩР1гарантированногопитания.ОграничительимпульсныхперенапряженийVAL-CP-3C-350-VF

28.11.2017 09:27:02. ОтключениеПОС,АПТгарантированногопитания.ВыключательавтоматическийдифференциальноготокаDS202MAC-C16/0.03

28.11.2017 09:27:02. ОтключениебесперебойногоэлектропитанияМПЦ(резерв.комплект).ВыключательавтоматическийS201-D10NA,10А,ВыключательавтоматическийS201-C1NA,1А,ВыключательавтоматическийS201-C0.5NA,0.5А,ВыключательавтоматическийS201-C6NA,6А

28.11.2017 09:27:03. ОтключениебесперебойногоэлектропитанияМПЦ(резерв.комплект).ВыключательавтоматическийS201-D10NA,10А,ВыключательавтоматическийS201-C1NA,1А,ВыключательавтоматическийS201-C0.5NA,0.5А,ВыключательавтоматическийS201-C6NA,6А

28.11.2017 09:27:03. ОтключениебесперебойногоэлектропитанияМПЦ(резерв.комплект).ВыключательавтоматическийS201-D10NA,10А,ВыключательавтоматическийS201-C1NA,1А,ВыключательавтоматическийS201-C0.5NA,0.5А,ВыключательавтоматическийS201-C6NA,6А

28.11.2017 09:27:03. Отключениекондиционированиерелейнойгарантированногопитания.ВыключательавтоматическийдифференциальноготокаDS202MAC-C40/0.03

28.11.2017 09:27:03. ОтключениебесперебойногоэлектропитанияМПЦ(резерв.комплект).ВыключательавтоматическийS201-D10NA,10А,ВыключательавтоматическийS201-C1NA,1А,ВыключательавтоматическийS201-C0.5NA,0.5А,ВыключательавтоматическийS201-C6NA,6А

