23.11.2017 16:32:26. Отключение/включениевходногорубильникаДГА.Выключатель-разъединительDPX-IS2503P

23.11.2017 16:32:28. Отключение/включениеДГА.ВыключательавтоматическийS803C-D80,80А

23.11.2017 16:32:26. Отключение/включениевходногорубильникаДГА.Выключатель-разъединительDPX-IS2503P

23.11.2017 16:32:28. Отключение/включениеДГА.ВыключательавтоматическийS803C-D80,80А

23.11.2017 16:32:26. Отключение/включениевходногорубильникаДГА.Выключатель-разъединительDPX-IS2503P

23.11.2017 16:32:26. Отключение/включениевходногорубильникаДГА.Выключатель-разъединительDPX-IS2503P

23.11.2017 16:32:28. Отключение/включениеДГА.ВыключательавтоматическийS803C-D80,80А

23.11.2017 16:32:26. Отключение/включениевходногорубильникаДГА.Выключатель-разъединительDPX-IS2503P

23.11.2017 16:32:26. Отключение/включениевходногорубильникаДГА.Выключатель-разъединительDPX-IS2503P

23.11.2017 16:32:28. Отключение/включениеДГА.ВыключательавтоматическийS803C-D80,80А

23.11.2017 16:32:26. Отключение/включениевходногорубильникаДГА.Выключатель-разъединительDPX-IS2503P

23.11.2017 16:32:26. Отключение/включениевходногорубильникаДГА.Выключатель-разъединительDPX-IS2503P

23.11.2017 16:32:28. Отключение/включениеДГА.ВыключательавтоматическийS803C-D80,80А

23.11.2017 16:32:26. Отключение/включениевходногорубильникаДГА.Выключатель-разъединительDPX-IS2503P

23.11.2017 16:32:28. Отключение/включениеДГА.ВыключательавтоматическийS803C-D80,80А

23.11.2017 16:32:26. Отключение/включениевходногорубильникаДГА.Выключатель-разъединительDPX-IS2503P

23.11.2017 16:32:28. Отключение/включениеДГА.ВыключательавтоматическийS803C-D80,80А

23.11.2017 16:32:26. Отключение/включениевходногорубильникаДГА.Выключатель-разъединительDPX-IS2503P

23.11.2017 16:32:26. Отключение/включениевходногорубильникаДГА.Выключатель-разъединительDPX-IS2503P

23.11.2017 16:32:28. Отключение/включениеДГА.ВыключательавтоматическийS803C-D80,80А

23.11.2017 16:32:26. Отключение/включениевходногорубильникаДГА.Выключатель-разъединительDPX-IS2503P

23.11.2017 16:32:26. Отключение/включениевходногорубильникаДГА.Выключатель-разъединительDPX-IS2503P

23.11.2017 16:32:28. Отключение/включениеДГА.ВыключательавтоматическийS803C-D80,80А

23.11.2017 16:32:26. Отключение/включениевходногорубильникаДГА.Выключатель-разъединительDPX-IS2503P

23.11.2017 16:32:26. Отключение/включениевходногорубильникаДГА.Выключатель-разъединительDPX-IS2503P

23.11.2017 16:32:28. Отключение/включениеДГА.ВыключательавтоматическийS803C-D80,80А

23.11.2017 16:43:20. Отключение/включениевходногорубильникаДГА.Выключатель-разъединительDPX-IS2503P

23.11.2017 16:43:20. Отключение/включениеДГА.ВыключательавтоматическийS803C-D80,80А

23.11.2017 16:43:20. Отключение/включениевходногорубильникаФидера2.Выключатель-разъединительDPX-IS2503P

23.11.2017 16:43:20. Отключение/включениеФидера2.ВыключательавтоматическийS803C-D80,80А

23.11.2017 16:43:20. ОтключениевходногорубильникаФидера1.Выключатель-разъединительDPX-IS2503P

23.11.2017 16:43:20. ОтключениеФидера1.ВыключательавтоматическийS803C-D80,80А

23.11.2017 16:43:20. Отключение/включениедоп.выводаФидера2.ВыключательавтоматическийS203-D25,25А

23.11.2017 16:43:20. Подачипитаниянарасцепители.КонтакторESB40-40-24AC/DC

23.11.2017 16:43:20. Неисправностьвцепяхрелеконтролячастотыинапряжения.ВыключательавтоматическийS203-C0.5,0.5А

23.11.2017 16:43:20. Неисправностьвцепяхрелеконтролячастотыинапряжения.ВыключательавтоматическийS203-C0.5,0.5А

23.11.2017 16:43:20. Неисправностьвцепяхрелеконтролячастотыинапряжения.ВыключательавтоматическийS203-C0.5,0.5А

23.11.2017 16:43:20. Неисправностьвцепяхрелеконтролячастотыинапряжения.ВыключательавтоматическийS203-C0.5,0.5А

23.11.2017 16:43:20. ОтключениеАКБисточникавторичногоэлектропитания24В.ВыключательавтоматическийS202M-C6UC,6А

23.11.2017 16:43:20. Отключение/включениепитаниясхемыАОП.ВыключательавтоматическийS202M-C50UC,50А

23.11.2017 16:43:20. Отключение/включениепитаниясхемыАОП.ВыключательавтоматическийS202M-C50UC,50А

23.11.2017 16:43:20. ОтключениегарантированногоэлектропитанияМПЦ.ВыключательавтоматическийS201-D10NA,10А,ВыключательавтоматическийS201-C1NA,1А

23.11.2017 16:43:20. ОтключениегарантированногоэлектропитанияМПЦ.ВыключательавтоматическийS201-D10NA,10А,ВыключательавтоматическийS201-C1NA,1А

23.11.2017 16:43:20. ОтключениегарантированногоэлектропитанияМПЦ.ВыключательавтоматическийS201-D10NA,10А,ВыключательавтоматическийS201-C1NA,1А

23.11.2017 16:43:20. Отключениеосвещениягарантированноепитание.ВыключательавтоматическийдифференциальноготокаDS202MAC-C6/0.03

23.11.2017 16:43:20. ОтключениегарантированногоэлектропитанияМПЦ.ВыключательавтоматическийS201-D10NA,10А,ВыключательавтоматическийS201-C1NA,1А

23.11.2017 16:43:20. Отключение/включениепитанияустройстваконтролясопротивленияизоляции.ВыключательавтоматическийS201-C1NA,1А

23.11.2017 16:43:20. Отключениепитаниярабочихцепей220Впостоянноготока(входныхсветофоров,стрелки,выходныеиманевровыесветофорыирезерв1000Вт).ВыключательавтоматическийS203-D20NA,20А,ВыключательавтоматическийS202M-C20UC,20А,ВыключательавтоматическийS202M-C0.5UC,0.5А,ВыключательавтоматическийS202M-C2UC,2А,ВыключательавтоматическийS202M-C6UC,6А

23.11.2017 16:43:20. ОтключениегарантированногоэлектропитанияМПЦ.ВыключательавтоматическийS201-D10NA,10А,ВыключательавтоматическийS201-C1NA,1А

23.11.2017 16:43:20. ОтключениебесперебойногоэлектропитанияМПЦ(резерв.комплект).ВыключательавтоматическийS201-D10NA,10А,ВыключательавтоматическийS201-C1NA,1А,ВыключательавтоматическийS201-C0.5NA,0.5А,ВыключательавтоматическийS201-C6NA,6А

23.11.2017 16:43:20. ОтключениебесперебойногоэлектропитанияМПЦ(резерв.комплект).ВыключательавтоматическийS201-D10NA,10А,ВыключательавтоматическийS201-C1NA,1А,ВыключательавтоматическийS201-C0.5NA,0.5А,ВыключательавтоматическийS201-C6NA,6А

23.11.2017 16:43:20. ОтключениебесперебойногоэлектропитанияМПЦ(резерв.комплект).ВыключательавтоматическийS201-D10NA,10А,ВыключательавтоматическийS201-C1NA,1А,ВыключательавтоматическийS201-C0.5NA,0.5А,ВыключательавтоматическийS201-C6NA,6А

23.11.2017 16:43:20. ОтключениебезперебойногопитаниящитаЩР1.ВыключательавтоматическийS203-D40NA,40А

23.11.2017 16:43:20. ОтключениебесперебойногоэлектропитанияМПЦ(резерв.комплект).ВыключательавтоматическийS201-D10NA,10А,ВыключательавтоматическийS201-C1NA,1А,ВыключательавтоматическийS201-C0.5NA,0.5А,ВыключательавтоматическийS201-C6NA,6А

23.11.2017 16:43:20. ОтключениебесперебойногоэлектропитанияМПЦ(резерв.комплект).ВыключательавтоматическийS201-D10NA,10А,ВыключательавтоматическийS201-C1NA,1А,ВыключательавтоматическийS201-C0.5NA,0.5А,ВыключательавтоматическийS201-C6NA,6А

23.11.2017 16:43:20. ОтключениебесперебойногоэлектропитанияМПЦ(резерв.комплект).ВыключательавтоматическийS201-D10NA,10А,ВыключательавтоматическийS201-C1NA,1А,ВыключательавтоматическийS201-C0.5NA,0.5А,ВыключательавтоматическийS201-C6NA,6А

23.11.2017 16:43:20. ОтключениебесперебойногоэлектропитанияМПЦ(резерв.комплект).ВыключательавтоматическийS201-D10NA,10А,ВыключательавтоматическийS201-C1NA,1А,ВыключательавтоматическийS201-C0.5NA,0.5А,ВыключательавтоматическийS201-C6NA,6А

23.11.2017 16:43:20. ОтключениегарантированноепитаниящитаЩР1.ВыключательавтоматическийS203-D40NA,40А

23.11.2017 16:43:20. Отключениепитаниярабочихцепей220Впостоянноготока(входныхсветофоров,стрелки,выходныеиманевровыесветофорыирезерв1000Вт).ВыключательавтоматическийS203-D20NA,20А,ВыключательавтоматическийS202M-C20UC,20А,ВыключательавтоматическийS202M-C0.5UC,0.5А,ВыключательавтоматическийS202M-C2UC,2А,ВыключательавтоматическийS202M-C6UC,6А

23.11.2017 16:43:20. ОтключениегарантированногоэлектропитанияМПЦ.ВыключательавтоматическийS201-D10NA,10А,ВыключательавтоматическийS201-C1NA,1А

23.11.2017 16:43:20. Отключениепитаниярабочихцепей220Впостоянноготока(входныхсветофоров,стрелки,выходныеиманевровыесветофорыирезерв1000Вт).ВыключательавтоматическийS203-D20NA,20А,ВыключательавтоматическийS202M-C20UC,20А,ВыключательавтоматическийS202M-C0.5UC,0.5А,ВыключательавтоматическийS202M-C2UC,2А,ВыключательавтоматическийS202M-C6UC,6А

23.11.2017 16:43:20. ОтключениесобственныхнуждДГАгарантированноепитание.ВыключательавтоматическийдифференциальноготокаDS202MAC-C6/0.03

23.11.2017 16:43:20. Отключениепитаниярабочихцепей220Впостоянноготока(входныхсветофоров,стрелки,выходныеиманевровыесветофорыирезерв1000Вт).ВыключательавтоматическийS203-D20NA,20А,ВыключательавтоматическийS202M-C20UC,20А,ВыключательавтоматическийS202M-C0.5UC,0.5А,ВыключательавтоматическийS202M-C2UC,2А,ВыключательавтоматическийS202M-C6UC,6А

23.11.2017 16:43:20. Отключениерезерва220В2500Втгарантированногопитяния.ВыключательавтоматическийдифференциальноготокаDS202MAC-C16/0.03

23.11.2017 16:43:20. Отключениепитаниярабочихцепей220Впостоянноготока(входныхсветофоров,стрелки,выходныеиманевровыесветофорыирезерв1000Вт).ВыключательавтоматическийS203-D20NA,20А,ВыключательавтоматическийS202M-C20UC,20А,ВыключательавтоматическийS202M-C0.5UC,0.5А,ВыключательавтоматическийS202M-C2UC,2А,ВыключательавтоматическийS202M-C6UC,6А

23.11.2017 16:43:20. ОтключениеПОС,АПТгарантированногопитания.ВыключательавтоматическийдифференциальноготокаDS202MAC-C16/0.03

23.11.2017 16:43:20. ОтключениебесперебойногоэлектропитанияМПЦ(резерв.комплект).ВыключательавтоматическийS201-D10NA,10А,ВыключательавтоматическийS201-C1NA,1А,ВыключательавтоматическийS201-C0.5NA,0.5А,ВыключательавтоматическийS201-C6NA,6А

23.11.2017 16:43:20. ОтключениебесперебойногоэлектропитанияМПЦ(резерв.комплект).ВыключательавтоматическийS201-D10NA,10А,ВыключательавтоматическийS201-C1NA,1А,ВыключательавтоматическийS201-C0.5NA,0.5А,ВыключательавтоматическийS201-C6NA,6А

23.11.2017 16:43:20. ОтключениебесперебойногоэлектропитанияМПЦ(резерв.комплект).ВыключательавтоматическийS201-D10NA,10А,ВыключательавтоматическийS201-C1NA,1А,ВыключательавтоматическийS201-C0.5NA,0.5А,ВыключательавтоматическийS201-C6NA,6А

23.11.2017 16:43:20. Отключениекондиционированиерелейнойгарантированногопитания.ВыключательавтоматическийдифференциальноготокаDS202MAC-C40/0.03

23.11.2017 16:43:20. ОтключениебесперебойногоэлектропитанияМПЦ(резерв.комплект).ВыключательавтоматическийS201-D10NA,10А,ВыключательавтоматическийS201-C1NA,1А,ВыключательавтоматическийS201-C0.5NA,0.5А,ВыключательавтоматическийS201-C6NA,6А

