23.11.2017 16:32:26. Отключение/включениевходногорубильникаДГА.Выключатель-разъединительDPX-IS2503P

23.11.2017 16:32:28. Отключение/включениеДГА.ВыключательавтоматическийS803C-D80,80А

23.11.2017 16:32:26. Отключение/включениевходногорубильникаДГА.Выключатель-разъединительDPX-IS2503P

23.11.2017 16:32:28. Отключение/включениеДГА.ВыключательавтоматическийS803C-D80,80А

23.11.2017 16:32:26. Отключение/включениевходногорубильникаДГА.Выключатель-разъединительDPX-IS2503P

23.11.2017 16:32:26. Отключение/включениевходногорубильникаДГА.Выключатель-разъединительDPX-IS2503P

23.11.2017 16:32:28. Отключение/включениеДГА.ВыключательавтоматическийS803C-D80,80А

23.11.2017 16:32:26. Отключение/включениевходногорубильникаДГА.Выключатель-разъединительDPX-IS2503P

23.11.2017 16:32:26. Отключение/включениевходногорубильникаДГА.Выключатель-разъединительDPX-IS2503P

23.11.2017 16:32:28. Отключение/включениеДГА.ВыключательавтоматическийS803C-D80,80А

23.11.2017 16:32:26. Отключение/включениевходногорубильникаДГА.Выключатель-разъединительDPX-IS2503P

23.11.2017 16:32:26. Отключение/включениевходногорубильникаДГА.Выключатель-разъединительDPX-IS2503P

23.11.2017 16:32:28. Отключение/включениеДГА.ВыключательавтоматическийS803C-D80,80А

23.11.2017 16:32:26. Отключение/включениевходногорубильникаДГА.Выключатель-разъединительDPX-IS2503P

23.11.2017 16:32:28. Отключение/включениеДГА.ВыключательавтоматическийS803C-D80,80А

23.11.2017 16:32:26. Отключение/включениевходногорубильникаДГА.Выключатель-разъединительDPX-IS2503P

23.11.2017 16:32:28. Отключение/включениеДГА.ВыключательавтоматическийS803C-D80,80А

23.11.2017 16:32:26. Отключение/включениевходногорубильникаДГА.Выключатель-разъединительDPX-IS2503P

23.11.2017 16:32:26. Отключение/включениевходногорубильникаДГА.Выключатель-разъединительDPX-IS2503P

23.11.2017 16:32:28. Отключение/включениеДГА.ВыключательавтоматическийS803C-D80,80А

23.11.2017 16:32:26. Отключение/включениевходногорубильникаДГА.Выключатель-разъединительDPX-IS2503P

23.11.2017 16:32:26. Отключение/включениевходногорубильникаДГА.Выключатель-разъединительDPX-IS2503P

23.11.2017 16:32:28. Отключение/включениеДГА.ВыключательавтоматическийS803C-D80,80А

23.11.2017 16:32:26. Отключение/включениевходногорубильникаДГА.Выключатель-разъединительDPX-IS2503P

23.11.2017 16:32:26. Отключение/включениевходногорубильникаДГА.Выключатель-разъединительDPX-IS2503P

23.11.2017 16:32:28. Отключение/включениеДГА.ВыключательавтоматическийS803C-D80,80А

23.11.2017 16:32:26. Отключение/включениевходногорубильникаДГА.Выключатель-разъединительDPX-IS2503P

23.11.2017 16:32:28. Отключение/включениеДГА.ВыключательавтоматическийS803C-D80,80А

23.11.2017 16:32:26. Отключение/включениевходногорубильникаДГА.Выключатель-разъединительDPX-IS2503P

23.11.2017 16:32:28. Отключение/включениеДГА.ВыключательавтоматическийS803C-D80,80А

23.11.2017 16:32:26. Отключение/включениевходногорубильникаДГА.Выключатель-разъединительDPX-IS2503P

23.11.2017 16:32:26. Отключение/включениевходногорубильникаДГА.Выключатель-разъединительDPX-IS2503P

23.11.2017 16:32:28. Отключение/включениеДГА.ВыключательавтоматическийS803C-D80,80А

23.11.2017 16:32:26. Отключение/включениевходногорубильникаДГА.Выключатель-разъединительDPX-IS2503P

23.11.2017 16:32:26. Отключение/включениевходногорубильникаДГА.Выключатель-разъединительDPX-IS2503P

23.11.2017 16:32:28. Отключение/включениеДГА.ВыключательавтоматическийS803C-D80,80А

23.11.2017 16:32:26. Отключение/включениевходногорубильникаДГА.Выключатель-разъединительDPX-IS2503P

23.11.2017 16:32:26. Отключение/включениевходногорубильникаДГА.Выключатель-разъединительDPX-IS2503P

23.11.2017 16:32:28. Отключение/включениеДГА.ВыключательавтоматическийS803C-D80,80А

23.11.2017 16:32:26. Отключение/включениевходногорубильникаДГА.Выключатель-разъединительDPX-IS2503P

23.11.2017 16:32:28. Отключение/включениеДГА.ВыключательавтоматическийS803C-D80,80А

23.11.2017 16:32:26. Отключение/включениевходногорубильникаДГА.Выключатель-разъединительDPX-IS2503P

23.11.2017 16:32:28. Отключение/включениеДГА.ВыключательавтоматическийS803C-D80,80А

23.11.2017 16:32:26. Отключение/включениевходногорубильникаДГА.Выключатель-разъединительDPX-IS2503P

23.11.2017 16:32:26. Отключение/включениевходногорубильникаДГА.Выключатель-разъединительDPX-IS2503P

23.11.2017 16:32:28. Отключение/включениеДГА.ВыключательавтоматическийS803C-D80,80А

23.11.2017 16:32:26. Отключение/включениевходногорубильникаДГА.Выключатель-разъединительDPX-IS2503P

23.11.2017 16:32:26. Отключение/включениевходногорубильникаДГА.Выключатель-разъединительDPX-IS2503P

23.11.2017 16:32:28. Отключение/включениеДГА.ВыключательавтоматическийS803C-D80,80А

23.11.2017 16:32:26. Отключение/включениевходногорубильникаДГА.Выключатель-разъединительDPX-IS2503P

23.11.2017 16:32:26. Отключение/включениевходногорубильникаДГА.Выключатель-разъединительDPX-IS2503P

23.11.2017 16:32:28. Отключение/включениеДГА.ВыключательавтоматическийS803C-D80,80А

23.11.2017 16:43:20. Отключение/включениевходногорубильникаДГА.Выключатель-разъединительDPX-IS2503P

23.11.2017 16:43:20. Отключение/включениеДГА.ВыключательавтоматическийS803C-D80,80А

23.11.2017 16:43:20. Отключение/включениевходногорубильникаФидера2.Выключатель-разъединительDPX-IS2503P

23.11.2017 16:43:20. Отключение/включениеФидера2.ВыключательавтоматическийS803C-D80,80А

23.11.2017 16:43:20. ОтключениевходногорубильникаФидера1.Выключатель-разъединительDPX-IS2503P

23.11.2017 16:43:20. ОтключениеФидера1.ВыключательавтоматическийS803C-D80,80А

23.11.2017 16:43:20. Отключение/включениедоп.выводаФидера2.ВыключательавтоматическийS203-D25,25А

23.11.2017 16:43:20. Подачипитаниянарасцепители.КонтакторESB40-40-24AC/DC

23.11.2017 16:43:20. Неисправностьвцепяхрелеконтролячастотыинапряжения.ВыключательавтоматическийS203-C0.5,0.5А

23.11.2017 16:43:20. Неисправностьвцепяхрелеконтролячастотыинапряжения.ВыключательавтоматическийS203-C0.5,0.5А

23.11.2017 16:43:20. Неисправностьвцепяхрелеконтролячастотыинапряжения.ВыключательавтоматическийS203-C0.5,0.5А

23.11.2017 16:43:20. Неисправностьвцепяхрелеконтролячастотыинапряжения.ВыключательавтоматическийS203-C0.5,0.5А

23.11.2017 16:43:20. ОтключениеАКБисточникавторичногоэлектропитания24В.ВыключательавтоматическийS202M-C6UC,6А

23.11.2017 16:43:20. Отключение/включениепитаниясхемыАОП.ВыключательавтоматическийS202M-C50UC,50А

23.11.2017 16:43:20. Отключение/включениепитаниясхемыАОП.ВыключательавтоматическийS202M-C50UC,50А

23.11.2017 16:43:20. ОтключениегарантированногоэлектропитанияМПЦ.ВыключательавтоматическийS201-D10NA,10А,ВыключательавтоматическийS201-C1NA,1А

23.11.2017 16:43:20. ОтключениегарантированногоэлектропитанияМПЦ.ВыключательавтоматическийS201-D10NA,10А,ВыключательавтоматическийS201-C1NA,1А

23.11.2017 16:43:20. ОтключениегарантированногоэлектропитанияМПЦ.ВыключательавтоматическийS201-D10NA,10А,ВыключательавтоматическийS201-C1NA,1А

23.11.2017 16:43:20. Отключениеосвещениягарантированноепитание.ВыключательавтоматическийдифференциальноготокаDS202MAC-C6/0.03

23.11.2017 16:43:20. ОтключениегарантированногоэлектропитанияМПЦ.ВыключательавтоматическийS201-D10NA,10А,ВыключательавтоматическийS201-C1NA,1А

23.11.2017 16:43:20. Отключение/включениепитанияустройстваконтролясопротивленияизоляции.ВыключательавтоматическийS201-C1NA,1А

23.11.2017 16:43:20. Отключениепитаниярабочихцепей220Впостоянноготока(входныхсветофоров,стрелки,выходныеиманевровыесветофорыирезерв1000Вт).ВыключательавтоматическийS203-D20NA,20А,ВыключательавтоматическийS202M-C20UC,20А,ВыключательавтоматическийS202M-C0.5UC,0.5А,ВыключательавтоматическийS202M-C2UC,2А,ВыключательавтоматическийS202M-C6UC,6А

23.11.2017 16:43:20. ОтключениегарантированногоэлектропитанияМПЦ.ВыключательавтоматическийS201-D10NA,10А,ВыключательавтоматическийS201-C1NA,1А

23.11.2017 16:43:20. ОтключениебесперебойногоэлектропитанияМПЦ(резерв.комплект).ВыключательавтоматическийS201-D10NA,10А,ВыключательавтоматическийS201-C1NA,1А,ВыключательавтоматическийS201-C0.5NA,0.5А,ВыключательавтоматическийS201-C6NA,6А

23.11.2017 16:43:20. ОтключениебесперебойногоэлектропитанияМПЦ(резерв.комплект).ВыключательавтоматическийS201-D10NA,10А,ВыключательавтоматическийS201-C1NA,1А,ВыключательавтоматическийS201-C0.5NA,0.5А,ВыключательавтоматическийS201-C6NA,6А

23.11.2017 16:43:20. ОтключениебесперебойногоэлектропитанияМПЦ(резерв.комплект).ВыключательавтоматическийS201-D10NA,10А,ВыключательавтоматическийS201-C1NA,1А,ВыключательавтоматическийS201-C0.5NA,0.5А,ВыключательавтоматическийS201-C6NA,6А

23.11.2017 16:43:20. ОтключениебезперебойногопитаниящитаЩР1.ВыключательавтоматическийS203-D40NA,40А

23.11.2017 16:43:20. ОтключениебесперебойногоэлектропитанияМПЦ(резерв.комплект).ВыключательавтоматическийS201-D10NA,10А,ВыключательавтоматическийS201-C1NA,1А,ВыключательавтоматическийS201-C0.5NA,0.5А,ВыключательавтоматическийS201-C6NA,6А

23.11.2017 16:43:20. ОтключениебесперебойногоэлектропитанияМПЦ(резерв.комплект).ВыключательавтоматическийS201-D10NA,10А,ВыключательавтоматическийS201-C1NA,1А,ВыключательавтоматическийS201-C0.5NA,0.5А,ВыключательавтоматическийS201-C6NA,6А

23.11.2017 16:43:20. ОтключениебесперебойногоэлектропитанияМПЦ(резерв.комплект).ВыключательавтоматическийS201-D10NA,10А,ВыключательавтоматическийS201-C1NA,1А,ВыключательавтоматическийS201-C0.5NA,0.5А,ВыключательавтоматическийS201-C6NA,6А

23.11.2017 16:43:20. ОтключениебесперебойногоэлектропитанияМПЦ(резерв.комплект).ВыключательавтоматическийS201-D10NA,10А,ВыключательавтоматическийS201-C1NA,1А,ВыключательавтоматическийS201-C0.5NA,0.5А,ВыключательавтоматическийS201-C6NA,6А

23.11.2017 16:43:20. ОтключениегарантированноепитаниящитаЩР1.ВыключательавтоматическийS203-D40NA,40А

23.11.2017 16:43:20. Отключениепитаниярабочихцепей220Впостоянноготока(входныхсветофоров,стрелки,выходныеиманевровыесветофорыирезерв1000Вт).ВыключательавтоматическийS203-D20NA,20А,ВыключательавтоматическийS202M-C20UC,20А,ВыключательавтоматическийS202M-C0.5UC,0.5А,ВыключательавтоматическийS202M-C2UC,2А,ВыключательавтоматическийS202M-C6UC,6А

23.11.2017 16:43:20. ОтключениегарантированногоэлектропитанияМПЦ.ВыключательавтоматическийS201-D10NA,10А,ВыключательавтоматическийS201-C1NA,1А

23.11.2017 16:43:20. Отключениепитаниярабочихцепей220Впостоянноготока(входныхсветофоров,стрелки,выходныеиманевровыесветофорыирезерв1000Вт).ВыключательавтоматическийS203-D20NA,20А,ВыключательавтоматическийS202M-C20UC,20А,ВыключательавтоматическийS202M-C0.5UC,0.5А,ВыключательавтоматическийS202M-C2UC,2А,ВыключательавтоматическийS202M-C6UC,6А

23.11.2017 16:43:20. ОтключениесобственныхнуждДГАгарантированноепитание.ВыключательавтоматическийдифференциальноготокаDS202MAC-C6/0.03

23.11.2017 16:43:20. Отключениепитаниярабочихцепей220Впостоянноготока(входныхсветофоров,стрелки,выходныеиманевровыесветофорыирезерв1000Вт).ВыключательавтоматическийS203-D20NA,20А,ВыключательавтоматическийS202M-C20UC,20А,ВыключательавтоматическийS202M-C0.5UC,0.5А,ВыключательавтоматическийS202M-C2UC,2А,ВыключательавтоматическийS202M-C6UC,6А

23.11.2017 16:43:20. Отключениерезерва220В2500Втгарантированногопитяния.ВыключательавтоматическийдифференциальноготокаDS202MAC-C16/0.03

23.11.2017 16:43:20. Отключениепитаниярабочихцепей220Впостоянноготока(входныхсветофоров,стрелки,выходныеиманевровыесветофорыирезерв1000Вт).ВыключательавтоматическийS203-D20NA,20А,ВыключательавтоматическийS202M-C20UC,20А,ВыключательавтоматическийS202M-C0.5UC,0.5А,ВыключательавтоматическийS202M-C2UC,2А,ВыключательавтоматическийS202M-C6UC,6А

23.11.2017 16:43:20. ОтключениеПОС,АПТгарантированногопитания.ВыключательавтоматическийдифференциальноготокаDS202MAC-C16/0.03

23.11.2017 16:43:20. ОтключениебесперебойногоэлектропитанияМПЦ(резерв.комплект).ВыключательавтоматическийS201-D10NA,10А,ВыключательавтоматическийS201-C1NA,1А,ВыключательавтоматическийS201-C0.5NA,0.5А,ВыключательавтоматическийS201-C6NA,6А

23.11.2017 16:43:20. ОтключениебесперебойногоэлектропитанияМПЦ(резерв.комплект).ВыключательавтоматическийS201-D10NA,10А,ВыключательавтоматическийS201-C1NA,1А,ВыключательавтоматическийS201-C0.5NA,0.5А,ВыключательавтоматическийS201-C6NA,6А

23.11.2017 16:43:20. ОтключениебесперебойногоэлектропитанияМПЦ(резерв.комплект).ВыключательавтоматическийS201-D10NA,10А,ВыключательавтоматическийS201-C1NA,1А,ВыключательавтоматическийS201-C0.5NA,0.5А,ВыключательавтоматическийS201-C6NA,6А

23.11.2017 16:43:20. Отключениекондиционированиерелейнойгарантированногопитания.ВыключательавтоматическийдифференциальноготокаDS202MAC-C40/0.03

23.11.2017 16:43:20. ОтключениебесперебойногоэлектропитанияМПЦ(резерв.комплект).ВыключательавтоматическийS201-D10NA,10А,ВыключательавтоматическийS201-C1NA,1А,ВыключательавтоматическийS201-C0.5NA,0.5А,ВыключательавтоматическийS201-C6NA,6А

23.11.2017 16:44:17. Отключение/включениевходногорубильникаДГА.Выключатель-разъединительDPX-IS2503P

23.11.2017 16:44:17. Отключение/включениеДГА.ВыключательавтоматическийS803C-D80,80А

23.11.2017 16:44:17. ОтключениевходногорубильникаФидера1.Выключатель-разъединительDPX-IS2503P

23.11.2017 16:44:17. ОтключениеФидера1.ВыключательавтоматическийS803C-D80,80А

23.11.2017 16:44:17. Отключение/включениедоп.выводаФидера2.ВыключательавтоматическийS203-D25,25А

23.11.2017 16:44:17. Подачипитаниянарасцепители.КонтакторESB40-40-24AC/DC

23.11.2017 16:44:17. Неисправностьвцепяхрелеконтролячастотыинапряжения.ВыключательавтоматическийS203-C0.5,0.5А

23.11.2017 16:44:17. Неисправностьвцепяхрелеконтролячастотыинапряжения.ВыключательавтоматическийS203-C0.5,0.5А

23.11.2017 16:44:17. Неисправностьвцепяхрелеконтролячастотыинапряжения.ВыключательавтоматическийS203-C0.5,0.5А

23.11.2017 16:44:17. Неисправностьвцепяхрелеконтролячастотыинапряжения.ВыключательавтоматическийS203-C0.5,0.5А

23.11.2017 16:44:17. ОтключениеАКБисточникавторичногоэлектропитания24В.ВыключательавтоматическийS202M-C6UC,6А

23.11.2017 16:44:17. Отключение/включениепитаниясхемыАОП.ВыключательавтоматическийS202M-C50UC,50А

23.11.2017 16:44:17. Отключение/включениепитаниясхемыАОП.ВыключательавтоматическийS202M-C50UC,50А

23.11.2017 16:44:17. ОтключениегарантированногоэлектропитанияМПЦ.ВыключательавтоматическийS201-D10NA,10А,ВыключательавтоматическийS201-C1NA,1А

23.11.2017 16:44:17. ОтключениегарантированногоэлектропитанияМПЦ.ВыключательавтоматическийS201-D10NA,10А,ВыключательавтоматическийS201-C1NA,1А

23.11.2017 16:44:17. ОтключениегарантированногоэлектропитанияМПЦ.ВыключательавтоматическийS201-D10NA,10А,ВыключательавтоматическийS201-C1NA,1А

23.11.2017 16:44:17. Отключениеосвещениягарантированноепитание.ВыключательавтоматическийдифференциальноготокаDS202MAC-C6/0.03

23.11.2017 16:44:17. ОтключениегарантированногоэлектропитанияМПЦ.ВыключательавтоматическийS201-D10NA,10А,ВыключательавтоматическийS201-C1NA,1А

23.11.2017 16:44:17. Отключение/включениепитанияустройстваконтролясопротивленияизоляции.ВыключательавтоматическийS201-C1NA,1А

23.11.2017 16:44:17. Отключениепитаниярабочихцепей220Впостоянноготока(входныхсветофоров,стрелки,выходныеиманевровыесветофорыирезерв1000Вт).ВыключательавтоматическийS203-D20NA,20А,ВыключательавтоматическийS202M-C20UC,20А,ВыключательавтоматическийS202M-C0.5UC,0.5А,ВыключательавтоматическийS202M-C2UC,2А,ВыключательавтоматическийS202M-C6UC,6А

23.11.2017 16:44:17. ОтключениегарантированногоэлектропитанияМПЦ.ВыключательавтоматическийS201-D10NA,10А,ВыключательавтоматическийS201-C1NA,1А

23.11.2017 16:44:17. ОтключениебесперебойногоэлектропитанияМПЦ(резерв.комплект).ВыключательавтоматическийS201-D10NA,10А,ВыключательавтоматическийS201-C1NA,1А,ВыключательавтоматическийS201-C0.5NA,0.5А,ВыключательавтоматическийS201-C6NA,6А

23.11.2017 16:44:17. ОтключениебесперебойногоэлектропитанияМПЦ(резерв.комплект).ВыключательавтоматическийS201-D10NA,10А,ВыключательавтоматическийS201-C1NA,1А,ВыключательавтоматическийS201-C0.5NA,0.5А,ВыключательавтоматическийS201-C6NA,6А

23.11.2017 16:44:17. ОтключениебесперебойногоэлектропитанияМПЦ(резерв.комплект).ВыключательавтоматическийS201-D10NA,10А,ВыключательавтоматическийS201-C1NA,1А,ВыключательавтоматическийS201-C0.5NA,0.5А,ВыключательавтоматическийS201-C6NA,6А

23.11.2017 16:44:18. ОтключениебезперебойногопитаниящитаЩР1.ВыключательавтоматическийS203-D40NA,40А

23.11.2017 16:44:18. ОтключениебесперебойногоэлектропитанияМПЦ(резерв.комплект).ВыключательавтоматическийS201-D10NA,10А,ВыключательавтоматическийS201-C1NA,1А,ВыключательавтоматическийS201-C0.5NA,0.5А,ВыключательавтоматическийS201-C6NA,6А

23.11.2017 16:44:18. ОтключениебесперебойногоэлектропитанияМПЦ(резерв.комплект).ВыключательавтоматическийS201-D10NA,10А,ВыключательавтоматическийS201-C1NA,1А,ВыключательавтоматическийS201-C0.5NA,0.5А,ВыключательавтоматическийS201-C6NA,6А

23.11.2017 16:44:18. ОтключениебесперебойногоэлектропитанияМПЦ(резерв.комплект).ВыключательавтоматическийS201-D10NA,10А,ВыключательавтоматическийS201-C1NA,1А,ВыключательавтоматическийS201-C0.5NA,0.5А,ВыключательавтоматическийS201-C6NA,6А

23.11.2017 16:44:18. ОтключениебесперебойногоэлектропитанияМПЦ(резерв.комплект).ВыключательавтоматическийS201-D10NA,10А,ВыключательавтоматическийS201-C1NA,1А,ВыключательавтоматическийS201-C0.5NA,0.5А,ВыключательавтоматическийS201-C6NA,6А

23.11.2017 16:44:18. ОтключениегарантированноепитаниящитаЩР1.ВыключательавтоматическийS203-D40NA,40А

23.11.2017 16:44:18. Отключениепитаниярабочихцепей220Впостоянноготока(входныхсветофоров,стрелки,выходныеиманевровыесветофорыирезерв1000Вт).ВыключательавтоматическийS203-D20NA,20А,ВыключательавтоматическийS202M-C20UC,20А,ВыключательавтоматическийS202M-C0.5UC,0.5А,ВыключательавтоматическийS202M-C2UC,2А,ВыключательавтоматическийS202M-C6UC,6А

23.11.2017 16:44:18. ОтключениегарантированногоэлектропитанияМПЦ.ВыключательавтоматическийS201-D10NA,10А,ВыключательавтоматическийS201-C1NA,1А

23.11.2017 16:44:18. Отключениепитаниярабочихцепей220Впостоянноготока(входныхсветофоров,стрелки,выходныеиманевровыесветофорыирезерв1000Вт).ВыключательавтоматическийS203-D20NA,20А,ВыключательавтоматическийS202M-C20UC,20А,ВыключательавтоматическийS202M-C0.5UC,0.5А,ВыключательавтоматическийS202M-C2UC,2А,ВыключательавтоматическийS202M-C6UC,6А

23.11.2017 16:44:18. ОтключениесобственныхнуждДГАгарантированноепитание.ВыключательавтоматическийдифференциальноготокаDS202MAC-C6/0.03

23.11.2017 16:44:18. Отключениепитаниярабочихцепей220Впостоянноготока(входныхсветофоров,стрелки,выходныеиманевровыесветофорыирезерв1000Вт).ВыключательавтоматическийS203-D20NA,20А,ВыключательавтоматическийS202M-C20UC,20А,ВыключательавтоматическийS202M-C0.5UC,0.5А,ВыключательавтоматическийS202M-C2UC,2А,ВыключательавтоматическийS202M-C6UC,6А

23.11.2017 16:44:18. Отключениерезерва220В2500Втгарантированногопитяния.ВыключательавтоматическийдифференциальноготокаDS202MAC-C16/0.03

23.11.2017 16:44:18. Отключениепитаниярабочихцепей220Впостоянноготока(входныхсветофоров,стрелки,выходныеиманевровыесветофорыирезерв1000Вт).ВыключательавтоматическийS203-D20NA,20А,ВыключательавтоматическийS202M-C20UC,20А,ВыключательавтоматическийS202M-C0.5UC,0.5А,ВыключательавтоматическийS202M-C2UC,2А,ВыключательавтоматическийS202M-C6UC,6А

23.11.2017 16:44:18. ОтключениеПОС,АПТгарантированногопитания.ВыключательавтоматическийдифференциальноготокаDS202MAC-C16/0.03

23.11.2017 16:44:18. ОтключениебесперебойногоэлектропитанияМПЦ(резерв.комплект).ВыключательавтоматическийS201-D10NA,10А,ВыключательавтоматическийS201-C1NA,1А,ВыключательавтоматическийS201-C0.5NA,0.5А,ВыключательавтоматическийS201-C6NA,6А

23.11.2017 16:44:18. ОтключениебесперебойногоэлектропитанияМПЦ(резерв.комплект).ВыключательавтоматическийS201-D10NA,10А,ВыключательавтоматическийS201-C1NA,1А,ВыключательавтоматическийS201-C0.5NA,0.5А,ВыключательавтоматическийS201-C6NA,6А

23.11.2017 16:44:18. ОтключениебесперебойногоэлектропитанияМПЦ(резерв.комплект).ВыключательавтоматическийS201-D10NA,10А,ВыключательавтоматическийS201-C1NA,1А,ВыключательавтоматическийS201-C0.5NA,0.5А,ВыключательавтоматическийS201-C6NA,6А

23.11.2017 16:44:18. Отключениекондиционированиерелейнойгарантированногопитания.ВыключательавтоматическийдифференциальноготокаDS202MAC-C40/0.03

23.11.2017 16:44:18. ОтключениебесперебойногоэлектропитанияМПЦ(резерв.комплект).ВыключательавтоматическийS201-D10NA,10А,ВыключательавтоматическийS201-C1NA,1А,ВыключательавтоматическийS201-C0.5NA,0.5А,ВыключательавтоматическийS201-C6NA,6А

23.11.2017 16:44:17 - 23.11.2017 16:44:36. Отключение/включениевходногорубильникаДГА.Выключатель-разъединительDPX-IS2503P

23.11.2017 16:44:36. СрабатываниезащитыФидера1.ОграничительимпульсныхперенапряженийFLASHTRABFLT-CP-PLUS-3C-350

23.11.2017 16:44:36. СрабатываниезащитыФидера2.ОграничительимпульсныхперенапряженийFLASHTRABFLT-CP-PLUS-3C-350

23.11.2017 16:44:17 - 23.11.2017 16:44:36. Отключение/включениеДГА.ВыключательавтоматическийS803C-D80,80А

23.11.2017 16:44:17 - 23.11.2017 16:44:36. Отключение/включениевходногорубильникаФидера2.Выключатель-разъединительDPX-IS2503P

23.11.2017 16:44:17 - 23.11.2017 16:44:36. Отключение/включениеФидера2.ВыключательавтоматическийS803C-D80,80А

23.11.2017 16:44:17 - 23.11.2017 16:44:36. ОтключениевходногорубильникаФидера1.Выключатель-разъединительDPX-IS2503P

23.11.2017 16:44:17 - 23.11.2017 16:44:37. ОтключениеФидера1.ВыключательавтоматическийS803C-D80,80А

23.11.2017 16:44:17 - 23.11.2017 16:44:37. Отключение/включениедоп.выводаФидера2.ВыключательавтоматическийS203-D25,25А

23.11.2017 16:44:37. ОтключениеФидера1.КонтакторAF80-30-00-13,100-250В,125А

23.11.2017 16:44:17 - 23.11.2017 16:44:37. Подачипитаниянарасцепители.КонтакторESB40-40-24AC/DC

23.11.2017 16:44:17 - 23.11.2017 16:44:37. Неисправностьвцепяхрелеконтролячастотыинапряжения.ВыключательавтоматическийS203-C0.5,0.5А

23.11.2017 16:44:17 - 23.11.2017 16:44:37. Неисправностьвцепяхрелеконтролячастотыинапряжения.ВыключательавтоматическийS203-C0.5,0.5А

23.11.2017 16:44:37. ОтключениеФидера2.КонтакторAF80-30-00-13,100-250В,125А

23.11.2017 16:44:37. ЗаменавставкизащитыФидера1.ОграничительимпульсныхперенапряженийFLASHTRABFLT-CP-PLUS-3C-350

23.11.2017 16:44:38. ЗаменавставкизащитыФидера2.ОграничительимпульсныхперенапряженийFLASHTRABFLT-CP-PLUS-3C-350

23.11.2017 16:44:38. ЗаменавставкизащитыДГА.ОграничительимпульсныхперенапряженийFLASHTRABFLT-CP-PLUS-3C-350

23.11.2017 16:44:17 - 23.11.2017 16:44:38. Неисправностьвцепяхрелеконтролячастотыинапряжения.ВыключательавтоматическийS203-C0.5,0.5А

23.11.2017 16:44:17 - 23.11.2017 16:44:38. Неисправностьвцепяхрелеконтролячастотыинапряжения.ВыключательавтоматическийS203-C0.5,0.5А

23.11.2017 16:44:38. ОтключениеДГА.КонтакторAF80-30-00-13,100-250В,125А

23.11.2017 16:44:17 - 23.11.2017 16:44:38. ОтключениеАКБисточникавторичногоэлектропитания24В.ВыключательавтоматическийS202M-C6UC,6А

23.11.2017 16:44:17 - 23.11.2017 16:44:39. Отключение/включениепитаниясхемыАОП.ВыключательавтоматическийS202M-C50UC,50А

23.11.2017 16:44:17 - 23.11.2017 16:44:39. Отключение/включениепитаниясхемыАОП.ВыключательавтоматическийS202M-C50UC,50А

23.11.2017 16:44:17 - 23.11.2017 16:44:39. ОтключениегарантированногоэлектропитанияМПЦ.ВыключательавтоматическийS201-D10NA,10А,ВыключательавтоматическийS201-C1NA,1А

23.11.2017 16:44:17 - 23.11.2017 16:44:39. ОтключениегарантированногоэлектропитанияМПЦ.ВыключательавтоматическийS201-D10NA,10А,ВыключательавтоматическийS201-C1NA,1А

23.11.2017 16:44:17 - 23.11.2017 16:44:39. ОтключениегарантированногоэлектропитанияМПЦ.ВыключательавтоматическийS201-D10NA,10А,ВыключательавтоматическийS201-C1NA,1А

23.11.2017 16:44:17 - 23.11.2017 16:44:39. Отключениеосвещениягарантированноепитание.ВыключательавтоматическийдифференциальноготокаDS202MAC-C6/0.03

23.11.2017 16:44:17 - 23.11.2017 16:44:40. ОтключениегарантированногоэлектропитанияМПЦ.ВыключательавтоматическийS201-D10NA,10А,ВыключательавтоматическийS201-C1NA,1А

23.11.2017 16:44:17 - 23.11.2017 16:44:40. Отключение/включениепитанияустройстваконтролясопротивленияизоляции.ВыключательавтоматическийS201-C1NA,1А

23.11.2017 16:44:17 - 23.11.2017 16:44:40. Отключениепитаниярабочихцепей220Впостоянноготока(входныхсветофоров,стрелки,выходныеиманевровыесветофорыирезерв1000Вт).ВыключательавтоматическийS203-D20NA,20А,ВыключательавтоматическийS202M-C20UC,20А,ВыключательавтоматическийS202M-C0.5UC,0.5А,ВыключательавтоматическийS202M-C2UC,2А,ВыключательавтоматическийS202M-C6UC,6А

23.11.2017 16:44:17 - 23.11.2017 16:44:40. ОтключениегарантированногоэлектропитанияМПЦ.ВыключательавтоматическийS201-D10NA,10А,ВыключательавтоматическийS201-C1NA,1А

23.11.2017 16:44:17 - 23.11.2017 16:44:40. ОтключениебесперебойногоэлектропитанияМПЦ(резерв.комплект).ВыключательавтоматическийS201-D10NA,10А,ВыключательавтоматическийS201-C1NA,1А,ВыключательавтоматическийS201-C0.5NA,0.5А,ВыключательавтоматическийS201-C6NA,6А

23.11.2017 16:44:17 - 23.11.2017 16:44:40. ОтключениебесперебойногоэлектропитанияМПЦ(резерв.комплект).ВыключательавтоматическийS201-D10NA,10А,ВыключательавтоматическийS201-C1NA,1А,ВыключательавтоматическийS201-C0.5NA,0.5А,ВыключательавтоматическийS201-C6NA,6А

23.11.2017 16:44:17 - 23.11.2017 16:44:40. ОтключениебесперебойногоэлектропитанияМПЦ(резерв.комплект).ВыключательавтоматическийS201-D10NA,10А,ВыключательавтоматическийS201-C1NA,1А,ВыключательавтоматическийS201-C0.5NA,0.5А,ВыключательавтоматическийS201-C6NA,6А

23.11.2017 16:44:18 - 23.11.2017 16:44:40. ОтключениебезперебойногопитаниящитаЩР1.ВыключательавтоматическийS203-D40NA,40А

23.11.2017 16:44:18 - 23.11.2017 16:44:41. ОтключениебесперебойногоэлектропитанияМПЦ(резерв.комплект).ВыключательавтоматическийS201-D10NA,10А,ВыключательавтоматическийS201-C1NA,1А,ВыключательавтоматическийS201-C0.5NA,0.5А,ВыключательавтоматическийS201-C6NA,6А

23.11.2017 16:44:18 - 23.11.2017 16:44:41. ОтключениебесперебойногоэлектропитанияМПЦ(резерв.комплект).ВыключательавтоматическийS201-D10NA,10А,ВыключательавтоматическийS201-C1NA,1А,ВыключательавтоматическийS201-C0.5NA,0.5А,ВыключательавтоматическийS201-C6NA,6А

23.11.2017 16:44:18 - 23.11.2017 16:44:41. ОтключениебесперебойногоэлектропитанияМПЦ(резерв.комплект).ВыключательавтоматическийS201-D10NA,10А,ВыключательавтоматическийS201-C1NA,1А,ВыключательавтоматическийS201-C0.5NA,0.5А,ВыключательавтоматическийS201-C6NA,6А

23.11.2017 16:44:18 - 23.11.2017 16:44:41. ОтключениебесперебойногоэлектропитанияМПЦ(резерв.комплект).ВыключательавтоматическийS201-D10NA,10А,ВыключательавтоматическийS201-C1NA,1А,ВыключательавтоматическийS201-C0.5NA,0.5А,ВыключательавтоматическийS201-C6NA,6А

23.11.2017 16:44:18 - 23.11.2017 16:44:41. ОтключениегарантированноепитаниящитаЩР1.ВыключательавтоматическийS203-D40NA,40А

23.11.2017 16:44:18 - 23.11.2017 16:44:41. Отключениепитаниярабочихцепей220Впостоянноготока(входныхсветофоров,стрелки,выходныеиманевровыесветофорыирезерв1000Вт).ВыключательавтоматическийS203-D20NA,20А,ВыключательавтоматическийS202M-C20UC,20А,ВыключательавтоматическийS202M-C0.5UC,0.5А,ВыключательавтоматическийS202M-C2UC,2А,ВыключательавтоматическийS202M-C6UC,6А

23.11.2017 16:44:18 - 23.11.2017 16:44:41. ОтключениегарантированногоэлектропитанияМПЦ.ВыключательавтоматическийS201-D10NA,10А,ВыключательавтоматическийS201-C1NA,1А

23.11.2017 16:44:18 - 23.11.2017 16:44:42. Отключениепитаниярабочихцепей220Впостоянноготока(входныхсветофоров,стрелки,выходныеиманевровыесветофорыирезерв1000Вт).ВыключательавтоматическийS203-D20NA,20А,ВыключательавтоматическийS202M-C20UC,20А,ВыключательавтоматическийS202M-C0.5UC,0.5А,ВыключательавтоматическийS202M-C2UC,2А,ВыключательавтоматическийS202M-C6UC,6А

23.11.2017 16:44:42. ОтключениегарантированногоэлектропитанияМПЦ.ВыключательавтоматическийS201-D10NA,10А,ВыключательавтоматическийS201-C1NA,1А

23.11.2017 16:44:42. ОтключениегарантированногоэлектропитанияМПЦ.ВыключательавтоматическийS201-D10NA,10А,ВыключательавтоматическийS201-C1NA,1А

23.11.2017 16:44:42. ОтключениегарантированногоэлектропитанияМПЦ.ВыключательавтоматическийS201-D10NA,10А,ВыключательавтоматическийS201-C1NA,1А

23.11.2017 16:44:42. Отключениеосвещениягарантированноепитание.ВыключательавтоматическийдифференциальноготокаDS202MAC-C6/0.03

23.11.2017 16:44:42. ОтключениегарантированногоэлектропитанияМПЦ.ВыключательавтоматическийS201-D10NA,10А,ВыключательавтоматическийS201-C1NA,1А

23.11.2017 16:44:42. Отключение/включениепитанияустройстваконтролясопротивленияизоляции.ВыключательавтоматическийS201-C1NA,1А

23.11.2017 16:44:42. Отключениепитаниярабочихцепей220Впостоянноготока(входныхсветофоров,стрелки,выходныеиманевровыесветофорыирезерв1000Вт).ВыключательавтоматическийS203-D20NA,20А,ВыключательавтоматическийS202M-C20UC,20А,ВыключательавтоматическийS202M-C0.5UC,0.5А,ВыключательавтоматическийS202M-C2UC,2А,ВыключательавтоматическийS202M-C6UC,6А

23.11.2017 16:44:43. ОтключениегарантированногоэлектропитанияМПЦ.ВыключательавтоматическийS201-D10NA,10А,ВыключательавтоматическийS201-C1NA,1А

23.11.2017 16:44:43. ОтключениебесперебойногоэлектропитанияМПЦ(резерв.комплект).ВыключательавтоматическийS201-D10NA,10А,ВыключательавтоматическийS201-C1NA,1А,ВыключательавтоматическийS201-C0.5NA,0.5А,ВыключательавтоматическийS201-C6NA,6А

23.11.2017 16:44:43. ОтключениебесперебойногоэлектропитанияМПЦ(резерв.комплект).ВыключательавтоматическийS201-D10NA,10А,ВыключательавтоматическийS201-C1NA,1А,ВыключательавтоматическийS201-C0.5NA,0.5А,ВыключательавтоматическийS201-C6NA,6А

23.11.2017 16:44:43. ОтключениебесперебойногоэлектропитанияМПЦ(резерв.комплект).ВыключательавтоматическийS201-D10NA,10А,ВыключательавтоматическийS201-C1NA,1А,ВыключательавтоматическийS201-C0.5NA,0.5А,ВыключательавтоматическийS201-C6NA,6А

23.11.2017 16:44:43. ОтключениебезперебойногопитаниящитаЩР1.ВыключательавтоматическийS203-D40NA,40А

23.11.2017 16:44:43. ОтключениебесперебойногоэлектропитанияМПЦ(резерв.комплект).ВыключательавтоматическийS201-D10NA,10А,ВыключательавтоматическийS201-C1NA,1А,ВыключательавтоматическийS201-C0.5NA,0.5А,ВыключательавтоматическийS201-C6NA,6А

23.11.2017 16:44:43. ОтключениебесперебойногоэлектропитанияМПЦ(резерв.комплект).ВыключательавтоматическийS201-D10NA,10А,ВыключательавтоматическийS201-C1NA,1А,ВыключательавтоматическийS201-C0.5NA,0.5А,ВыключательавтоматическийS201-C6NA,6А

23.11.2017 16:44:43. ОтключениебесперебойногоэлектропитанияМПЦ(резерв.комплект).ВыключательавтоматическийS201-D10NA,10А,ВыключательавтоматическийS201-C1NA,1А,ВыключательавтоматическийS201-C0.5NA,0.5А,ВыключательавтоматическийS201-C6NA,6А

23.11.2017 16:44:44. ОтключениебесперебойногоэлектропитанияМПЦ(резерв.комплект).ВыключательавтоматическийS201-D10NA,10А,ВыключательавтоматическийS201-C1NA,1А,ВыключательавтоматическийS201-C0.5NA,0.5А,ВыключательавтоматическийS201-C6NA,6А

23.11.2017 16:44:44. ОтключениегарантированноепитаниящитаЩР1.ВыключательавтоматическийS203-D40NA,40А

23.11.2017 16:44:44. Отключениепитаниярабочихцепей220Впостоянноготока(входныхсветофоров,стрелки,выходныеиманевровыесветофорыирезерв1000Вт).ВыключательавтоматическийS203-D20NA,20А,ВыключательавтоматическийS202M-C20UC,20А,ВыключательавтоматическийS202M-C0.5UC,0.5А,ВыключательавтоматическийS202M-C2UC,2А,ВыключательавтоматическийS202M-C6UC,6А

23.11.2017 16:44:44. ОтключениегарантированногоэлектропитанияМПЦ.ВыключательавтоматическийS201-D10NA,10А,ВыключательавтоматическийS201-C1NA,1А

23.11.2017 16:44:44. Отключениепитаниярабочихцепей220Впостоянноготока(входныхсветофоров,стрелки,выходныеиманевровыесветофорыирезерв1000Вт).ВыключательавтоматическийS203-D20NA,20А,ВыключательавтоматическийS202M-C20UC,20А,ВыключательавтоматическийS202M-C0.5UC,0.5А,ВыключательавтоматическийS202M-C2UC,2А,ВыключательавтоматическийS202M-C6UC,6А

23.11.2017 16:44:44. Отключение/включениевходногорубильникаДГА.Выключатель-разъединительDPX-IS2503P

23.11.2017 16:44:36 - 23.11.2017 16:44:44. СрабатываниезащитыФидера1.ОграничительимпульсныхперенапряженийFLASHTRABFLT-CP-PLUS-3C-350

23.11.2017 16:44:36 - 23.11.2017 16:44:45. СрабатываниезащитыФидера2.ОграничительимпульсныхперенапряженийFLASHTRABFLT-CP-PLUS-3C-350

23.11.2017 16:44:45. Отключение/включениеДГА.ВыключательавтоматическийS803C-D80,80А

23.11.2017 16:44:45. Отключение/включениевходногорубильникаФидера2.Выключатель-разъединительDPX-IS2503P

23.11.2017 16:44:45. Отключение/включениеФидера2.ВыключательавтоматическийS803C-D80,80А

23.11.2017 16:44:45. ОтключениевходногорубильникаФидера1.Выключатель-разъединительDPX-IS2503P

23.11.2017 16:44:45. ОтключениеФидера1.ВыключательавтоматическийS803C-D80,80А

23.11.2017 16:44:45. Отключение/включениедоп.выводаФидера2.ВыключательавтоматическийS203-D25,25А

23.11.2017 16:44:37 - 23.11.2017 16:44:46. ОтключениеФидера1.КонтакторAF80-30-00-13,100-250В,125А

23.11.2017 16:44:46. Подачипитаниянарасцепители.КонтакторESB40-40-24AC/DC

23.11.2017 16:44:46. Неисправностьвцепяхрелеконтролячастотыинапряжения.ВыключательавтоматическийS203-C0.5,0.5А

23.11.2017 16:44:46. Неисправностьвцепяхрелеконтролячастотыинапряжения.ВыключательавтоматическийS203-C0.5,0.5А

23.11.2017 16:44:37 - 23.11.2017 16:44:46. ОтключениеФидера2.КонтакторAF80-30-00-13,100-250В,125А

23.11.2017 16:44:37 - 23.11.2017 16:44:46. ЗаменавставкизащитыФидера1.ОграничительимпульсныхперенапряженийFLASHTRABFLT-CP-PLUS-3C-350

23.11.2017 16:44:38 - 23.11.2017 16:44:46. ЗаменавставкизащитыФидера2.ОграничительимпульсныхперенапряженийFLASHTRABFLT-CP-PLUS-3C-350

23.11.2017 16:44:38 - 23.11.2017 16:44:47. ЗаменавставкизащитыДГА.ОграничительимпульсныхперенапряженийFLASHTRABFLT-CP-PLUS-3C-350

23.11.2017 16:44:47. Неисправностьвцепяхрелеконтролячастотыинапряжения.ВыключательавтоматическийS203-C0.5,0.5А

23.11.2017 16:44:47. Неисправностьвцепяхрелеконтролячастотыинапряжения.ВыключательавтоматическийS203-C0.5,0.5А

23.11.2017 16:44:38 - 23.11.2017 16:44:47. ОтключениеДГА.КонтакторAF80-30-00-13,100-250В,125А

23.11.2017 16:44:47. ОтключениеАКБисточникавторичногоэлектропитания24В.ВыключательавтоматическийS202M-C6UC,6А

23.11.2017 16:44:47. Отключение/включениепитаниясхемыАОП.ВыключательавтоматическийS202M-C50UC,50А

23.11.2017 16:44:47. Отключение/включениепитаниясхемыАОП.ВыключательавтоматическийS202M-C50UC,50А

23.11.2017 16:44:44 - 23.11.2017 16:44:52. Отключение/включениевходногорубильникаДГА.Выключатель-разъединительDPX-IS2503P

23.11.2017 16:44:52. СрабатываниезащитыФидера1.ОграничительимпульсныхперенапряженийFLASHTRABFLT-CP-PLUS-3C-350

23.11.2017 16:44:52. СрабатываниезащитыФидера2.ОграничительимпульсныхперенапряженийFLASHTRABFLT-CP-PLUS-3C-350

23.11.2017 16:44:45 - 23.11.2017 16:44:53. Отключение/включениеДГА.ВыключательавтоматическийS803C-D80,80А

23.11.2017 16:44:45 - 23.11.2017 16:44:53. Отключение/включениевходногорубильникаФидера2.Выключатель-разъединительDPX-IS2503P

23.11.2017 16:44:45 - 23.11.2017 16:44:53. Отключение/включениеФидера2.ВыключательавтоматическийS803C-D80,80А

23.11.2017 16:44:45 - 23.11.2017 16:44:53. ОтключениевходногорубильникаФидера1.Выключатель-разъединительDPX-IS2503P

23.11.2017 16:44:45 - 23.11.2017 16:44:53. ОтключениеФидера1.ВыключательавтоматическийS803C-D80,80А

23.11.2017 16:44:45 - 23.11.2017 16:44:53. Отключение/включениедоп.выводаФидера2.ВыключательавтоматическийS203-D25,25А

23.11.2017 16:44:53. ОтключениеФидера1.КонтакторAF80-30-00-13,100-250В,125А

23.11.2017 16:44:46 - 23.11.2017 16:44:53. Подачипитаниянарасцепители.КонтакторESB40-40-24AC/DC

23.11.2017 16:44:46 - 23.11.2017 16:44:53. Неисправностьвцепяхрелеконтролячастотыинапряжения.ВыключательавтоматическийS203-C0.5,0.5А

23.11.2017 16:44:46 - 23.11.2017 16:44:53. Неисправностьвцепяхрелеконтролячастотыинапряжения.ВыключательавтоматическийS203-C0.5,0.5А

23.11.2017 16:44:54. ОтключениеФидера2.КонтакторAF80-30-00-13,100-250В,125А

23.11.2017 16:44:54. ЗаменавставкизащитыФидера1.ОграничительимпульсныхперенапряженийFLASHTRABFLT-CP-PLUS-3C-350

23.11.2017 16:44:54. ЗаменавставкизащитыФидера2.ОграничительимпульсныхперенапряженийFLASHTRABFLT-CP-PLUS-3C-350

23.11.2017 16:44:54. ЗаменавставкизащитыДГА.ОграничительимпульсныхперенапряженийFLASHTRABFLT-CP-PLUS-3C-350

23.11.2017 16:44:47 - 23.11.2017 16:44:54. Неисправностьвцепяхрелеконтролячастотыинапряжения.ВыключательавтоматическийS203-C0.5,0.5А

23.11.2017 16:44:47 - 23.11.2017 16:44:54. Неисправностьвцепяхрелеконтролячастотыинапряжения.ВыключательавтоматическийS203-C0.5,0.5А

23.11.2017 16:44:54. ОтключениеДГА.КонтакторAF80-30-00-13,100-250В,125А

23.11.2017 16:44:47 - 23.11.2017 16:44:54. ОтключениеАКБисточникавторичногоэлектропитания24В.ВыключательавтоматическийS202M-C6UC,6А

23.11.2017 16:44:47 - 23.11.2017 16:44:55. Отключение/включениепитаниясхемыАОП.ВыключательавтоматическийS202M-C50UC,50А

23.11.2017 16:44:47 - 23.11.2017 16:44:55. Отключение/включениепитаниясхемыАОП.ВыключательавтоматическийS202M-C50UC,50А

23.11.2017 16:44:42 - 23.11.2017 16:44:55. ОтключениегарантированногоэлектропитанияМПЦ.ВыключательавтоматическийS201-D10NA,10А,ВыключательавтоматическийS201-C1NA,1А

23.11.2017 16:44:42 - 23.11.2017 16:44:55. ОтключениегарантированногоэлектропитанияМПЦ.ВыключательавтоматическийS201-D10NA,10А,ВыключательавтоматическийS201-C1NA,1А

23.11.2017 16:44:42 - 23.11.2017 16:44:55. ОтключениегарантированногоэлектропитанияМПЦ.ВыключательавтоматическийS201-D10NA,10А,ВыключательавтоматическийS201-C1NA,1А

23.11.2017 16:44:42 - 23.11.2017 16:44:55. Отключениеосвещениягарантированноепитание.ВыключательавтоматическийдифференциальноготокаDS202MAC-C6/0.03

23.11.2017 16:44:42 - 23.11.2017 16:44:55. ОтключениегарантированногоэлектропитанияМПЦ.ВыключательавтоматическийS201-D10NA,10А,ВыключательавтоматическийS201-C1NA,1А

23.11.2017 16:44:42 - 23.11.2017 16:44:56. Отключение/включениепитанияустройстваконтролясопротивленияизоляции.ВыключательавтоматическийS201-C1NA,1А

23.11.2017 16:44:42 - 23.11.2017 16:44:56. Отключениепитаниярабочихцепей220Впостоянноготока(входныхсветофоров,стрелки,выходныеиманевровыесветофорыирезерв1000Вт).ВыключательавтоматическийS203-D20NA,20А,ВыключательавтоматическийS202M-C20UC,20А,ВыключательавтоматическийS202M-C0.5UC,0.5А,ВыключательавтоматическийS202M-C2UC,2А,ВыключательавтоматическийS202M-C6UC,6А

23.11.2017 16:44:43 - 23.11.2017 16:44:56. ОтключениегарантированногоэлектропитанияМПЦ.ВыключательавтоматическийS201-D10NA,10А,ВыключательавтоматическийS201-C1NA,1А

23.11.2017 16:44:43 - 23.11.2017 16:44:56. ОтключениебесперебойногоэлектропитанияМПЦ(резерв.комплект).ВыключательавтоматическийS201-D10NA,10А,ВыключательавтоматическийS201-C1NA,1А,ВыключательавтоматическийS201-C0.5NA,0.5А,ВыключательавтоматическийS201-C6NA,6А

23.11.2017 16:44:43 - 23.11.2017 16:44:56. ОтключениебесперебойногоэлектропитанияМПЦ(резерв.комплект).ВыключательавтоматическийS201-D10NA,10А,ВыключательавтоматическийS201-C1NA,1А,ВыключательавтоматическийS201-C0.5NA,0.5А,ВыключательавтоматическийS201-C6NA,6А

23.11.2017 16:44:43 - 23.11.2017 16:44:56. ОтключениебесперебойногоэлектропитанияМПЦ(резерв.комплект).ВыключательавтоматическийS201-D10NA,10А,ВыключательавтоматическийS201-C1NA,1А,ВыключательавтоматическийS201-C0.5NA,0.5А,ВыключательавтоматическийS201-C6NA,6А

23.11.2017 16:44:43 - 23.11.2017 16:44:56. ОтключениебезперебойногопитаниящитаЩР1.ВыключательавтоматическийS203-D40NA,40А

23.11.2017 16:44:43 - 23.11.2017 16:44:56. ОтключениебесперебойногоэлектропитанияМПЦ(резерв.комплект).ВыключательавтоматическийS201-D10NA,10А,ВыключательавтоматическийS201-C1NA,1А,ВыключательавтоматическийS201-C0.5NA,0.5А,ВыключательавтоматическийS201-C6NA,6А

23.11.2017 16:44:43 - 23.11.2017 16:44:56. ОтключениебесперебойногоэлектропитанияМПЦ(резерв.комплект).ВыключательавтоматическийS201-D10NA,10А,ВыключательавтоматическийS201-C1NA,1А,ВыключательавтоматическийS201-C0.5NA,0.5А,ВыключательавтоматическийS201-C6NA,6А

23.11.2017 16:44:43 - 23.11.2017 16:44:57. ОтключениебесперебойногоэлектропитанияМПЦ(резерв.комплект).ВыключательавтоматическийS201-D10NA,10А,ВыключательавтоматическийS201-C1NA,1А,ВыключательавтоматическийS201-C0.5NA,0.5А,ВыключательавтоматическийS201-C6NA,6А

23.11.2017 16:44:44 - 23.11.2017 16:44:57. ОтключениебесперебойногоэлектропитанияМПЦ(резерв.комплект).ВыключательавтоматическийS201-D10NA,10А,ВыключательавтоматическийS201-C1NA,1А,ВыключательавтоматическийS201-C0.5NA,0.5А,ВыключательавтоматическийS201-C6NA,6А

23.11.2017 16:44:44 - 23.11.2017 16:44:57. ОтключениегарантированноепитаниящитаЩР1.ВыключательавтоматическийS203-D40NA,40А

23.11.2017 16:44:44 - 23.11.2017 16:44:57. Отключениепитаниярабочихцепей220Впостоянноготока(входныхсветофоров,стрелки,выходныеиманевровыесветофорыирезерв1000Вт).ВыключательавтоматическийS203-D20NA,20А,ВыключательавтоматическийS202M-C20UC,20А,ВыключательавтоматическийS202M-C0.5UC,0.5А,ВыключательавтоматическийS202M-C2UC,2А,ВыключательавтоматическийS202M-C6UC,6А

23.11.2017 16:44:44 - 23.11.2017 16:44:57. ОтключениегарантированногоэлектропитанияМПЦ.ВыключательавтоматическийS201-D10NA,10А,ВыключательавтоматическийS201-C1NA,1А

23.11.2017 16:44:44 - 23.11.2017 16:44:57. Отключениепитаниярабочихцепей220Впостоянноготока(входныхсветофоров,стрелки,выходныеиманевровыесветофорыирезерв1000Вт).ВыключательавтоматическийS203-D20NA,20А,ВыключательавтоматическийS202M-C20UC,20А,ВыключательавтоматическийS202M-C0.5UC,0.5А,ВыключательавтоматическийS202M-C2UC,2А,ВыключательавтоматическийS202M-C6UC,6А

23.11.2017 16:44:18 - 23.11.2017 16:44:57. ОтключениесобственныхнуждДГАгарантированноепитание.ВыключательавтоматическийдифференциальноготокаDS202MAC-C6/0.03

23.11.2017 16:44:18 - 23.11.2017 16:44:58. Отключениепитаниярабочихцепей220Впостоянноготока(входныхсветофоров,стрелки,выходныеиманевровыесветофорыирезерв1000Вт).ВыключательавтоматическийS203-D20NA,20А,ВыключательавтоматическийS202M-C20UC,20А,ВыключательавтоматическийS202M-C0.5UC,0.5А,ВыключательавтоматическийS202M-C2UC,2А,ВыключательавтоматическийS202M-C6UC,6А

23.11.2017 16:44:18 - 23.11.2017 16:44:58. Отключениерезерва220В2500Втгарантированногопитяния.ВыключательавтоматическийдифференциальноготокаDS202MAC-C16/0.03

23.11.2017 16:44:18 - 23.11.2017 16:44:58. Отключениепитаниярабочихцепей220Впостоянноготока(входныхсветофоров,стрелки,выходныеиманевровыесветофорыирезерв1000Вт).ВыключательавтоматическийS203-D20NA,20А,ВыключательавтоматическийS202M-C20UC,20А,ВыключательавтоматическийS202M-C0.5UC,0.5А,ВыключательавтоматическийS202M-C2UC,2А,ВыключательавтоматическийS202M-C6UC,6А

23.11.2017 16:44:58. ЗаменавставкиузипщитаЩР1бесперебойногопитания.ОграничительимпульсныхперенапряженийVAL-CP-3C-350-VF

23.11.2017 16:44:58. ЗаменавставкиузипщитаЩР1гарантированногопитания.ОграничительимпульсныхперенапряженийVAL-CP-3C-350-VF

23.11.2017 16:44:18 - 23.11.2017 16:44:58. ОтключениеПОС,АПТгарантированногопитания.ВыключательавтоматическийдифференциальноготокаDS202MAC-C16/0.03

23.11.2017 16:44:58. Отключение/включениевходногорубильникаДГА.Выключатель-разъединительDPX-IS2503P

23.11.2017 16:44:52 - 23.11.2017 16:44:58. СрабатываниезащитыФидера1.ОграничительимпульсныхперенапряженийFLASHTRABFLT-CP-PLUS-3C-350

23.11.2017 16:44:52 - 23.11.2017 16:44:59. СрабатываниезащитыФидера2.ОграничительимпульсныхперенапряженийFLASHTRABFLT-CP-PLUS-3C-350

23.11.2017 16:44:59. Отключение/включениеДГА.ВыключательавтоматическийS803C-D80,80А

23.11.2017 16:44:59. Отключение/включениевходногорубильникаФидера2.Выключатель-разъединительDPX-IS2503P

23.11.2017 16:44:59. Отключение/включениеФидера2.ВыключательавтоматическийS803C-D80,80А

23.11.2017 16:44:59. ОтключениевходногорубильникаФидера1.Выключатель-разъединительDPX-IS2503P

23.11.2017 16:44:59. ОтключениеФидера1.ВыключательавтоматическийS803C-D80,80А

23.11.2017 16:44:59. Отключение/включениедоп.выводаФидера2.ВыключательавтоматическийS203-D25,25А

23.11.2017 16:44:53 - 23.11.2017 16:44:59. ОтключениеФидера1.КонтакторAF80-30-00-13,100-250В,125А

23.11.2017 16:45:00. Подачипитаниянарасцепители.КонтакторESB40-40-24AC/DC

23.11.2017 16:45:00. Неисправностьвцепяхрелеконтролячастотыинапряжения.ВыключательавтоматическийS203-C0.5,0.5А

23.11.2017 16:45:00. Неисправностьвцепяхрелеконтролячастотыинапряжения.ВыключательавтоматическийS203-C0.5,0.5А

23.11.2017 16:44:54 - 23.11.2017 16:45:00. ОтключениеФидера2.КонтакторAF80-30-00-13,100-250В,125А

23.11.2017 16:44:54 - 23.11.2017 16:45:00. ЗаменавставкизащитыФидера1.ОграничительимпульсныхперенапряженийFLASHTRABFLT-CP-PLUS-3C-350

23.11.2017 16:44:54 - 23.11.2017 16:45:00. ЗаменавставкизащитыФидера2.ОграничительимпульсныхперенапряженийFLASHTRABFLT-CP-PLUS-3C-350

23.11.2017 16:44:54 - 23.11.2017 16:45:00. ЗаменавставкизащитыДГА.ОграничительимпульсныхперенапряженийFLASHTRABFLT-CP-PLUS-3C-350

23.11.2017 16:45:00. Неисправностьвцепяхрелеконтролячастотыинапряжения.ВыключательавтоматическийS203-C0.5,0.5А

23.11.2017 16:45:00. Неисправностьвцепяхрелеконтролячастотыинапряжения.ВыключательавтоматическийS203-C0.5,0.5А

23.11.2017 16:44:54 - 23.11.2017 16:45:00. ОтключениеДГА.КонтакторAF80-30-00-13,100-250В,125А

23.11.2017 16:45:00. ОтключениеАКБисточникавторичногоэлектропитания24В.ВыключательавтоматическийS202M-C6UC,6А

23.11.2017 16:45:01. Отключение/включениепитаниясхемыАОП.ВыключательавтоматическийS202M-C50UC,50А

23.11.2017 16:45:01. Отключение/включениепитаниясхемыАОП.ВыключательавтоматическийS202M-C50UC,50А

23.11.2017 16:45:01. ОтключениегарантированногоэлектропитанияМПЦ.ВыключательавтоматическийS201-D10NA,10А,ВыключательавтоматическийS201-C1NA,1А

23.11.2017 16:45:01. ОтключениегарантированногоэлектропитанияМПЦ.ВыключательавтоматическийS201-D10NA,10А,ВыключательавтоматическийS201-C1NA,1А

23.11.2017 16:45:01. ОтключениегарантированногоэлектропитанияМПЦ.ВыключательавтоматическийS201-D10NA,10А,ВыключательавтоматическийS201-C1NA,1А

23.11.2017 16:45:01. Отключениеосвещениягарантированноепитание.ВыключательавтоматическийдифференциальноготокаDS202MAC-C6/0.03

23.11.2017 16:45:01. ОтключениегарантированногоэлектропитанияМПЦ.ВыключательавтоматическийS201-D10NA,10А,ВыключательавтоматическийS201-C1NA,1А

23.11.2017 16:45:02. Отключение/включениепитанияустройстваконтролясопротивленияизоляции.ВыключательавтоматическийS201-C1NA,1А

23.11.2017 16:45:02. Отключениепитаниярабочихцепей220Впостоянноготока(входныхсветофоров,стрелки,выходныеиманевровыесветофорыирезерв1000Вт).ВыключательавтоматическийS203-D20NA,20А,ВыключательавтоматическийS202M-C20UC,20А,ВыключательавтоматическийS202M-C0.5UC,0.5А,ВыключательавтоматическийS202M-C2UC,2А,ВыключательавтоматическийS202M-C6UC,6А

23.11.2017 16:45:02. ОтключениегарантированногоэлектропитанияМПЦ.ВыключательавтоматическийS201-D10NA,10А,ВыключательавтоматическийS201-C1NA,1А

23.11.2017 16:45:02. ОтключениебесперебойногоэлектропитанияМПЦ(резерв.комплект).ВыключательавтоматическийS201-D10NA,10А,ВыключательавтоматическийS201-C1NA,1А,ВыключательавтоматическийS201-C0.5NA,0.5А,ВыключательавтоматическийS201-C6NA,6А

23.11.2017 16:45:02. ОтключениебесперебойногоэлектропитанияМПЦ(резерв.комплект).ВыключательавтоматическийS201-D10NA,10А,ВыключательавтоматическийS201-C1NA,1А,ВыключательавтоматическийS201-C0.5NA,0.5А,ВыключательавтоматическийS201-C6NA,6А

23.11.2017 16:45:02. ОтключениебесперебойногоэлектропитанияМПЦ(резерв.комплект).ВыключательавтоматическийS201-D10NA,10А,ВыключательавтоматическийS201-C1NA,1А,ВыключательавтоматическийS201-C0.5NA,0.5А,ВыключательавтоматическийS201-C6NA,6А

23.11.2017 16:45:02. ОтключениебезперебойногопитаниящитаЩР1.ВыключательавтоматическийS203-D40NA,40А

23.11.2017 16:45:02. ОтключениебесперебойногоэлектропитанияМПЦ(резерв.комплект).ВыключательавтоматическийS201-D10NA,10А,ВыключательавтоматическийS201-C1NA,1А,ВыключательавтоматическийS201-C0.5NA,0.5А,ВыключательавтоматическийS201-C6NA,6А

23.11.2017 16:45:02. ОтключениебесперебойногоэлектропитанияМПЦ(резерв.комплект).ВыключательавтоматическийS201-D10NA,10А,ВыключательавтоматическийS201-C1NA,1А,ВыключательавтоматическийS201-C0.5NA,0.5А,ВыключательавтоматическийS201-C6NA,6А

23.11.2017 16:45:03. ОтключениебесперебойногоэлектропитанияМПЦ(резерв.комплект).ВыключательавтоматическийS201-D10NA,10А,ВыключательавтоматическийS201-C1NA,1А,ВыключательавтоматическийS201-C0.5NA,0.5А,ВыключательавтоматическийS201-C6NA,6А

23.11.2017 16:45:03. ОтключениебесперебойногоэлектропитанияМПЦ(резерв.комплект).ВыключательавтоматическийS201-D10NA,10А,ВыключательавтоматическийS201-C1NA,1А,ВыключательавтоматическийS201-C0.5NA,0.5А,ВыключательавтоматическийS201-C6NA,6А

23.11.2017 16:45:03. ОтключениегарантированноепитаниящитаЩР1.ВыключательавтоматическийS203-D40NA,40А

23.11.2017 16:45:03. Отключениепитаниярабочихцепей220Впостоянноготока(входныхсветофоров,стрелки,выходныеиманевровыесветофорыирезерв1000Вт).ВыключательавтоматическийS203-D20NA,20А,ВыключательавтоматическийS202M-C20UC,20А,ВыключательавтоматическийS202M-C0.5UC,0.5А,ВыключательавтоматическийS202M-C2UC,2А,ВыключательавтоматическийS202M-C6UC,6А

23.11.2017 16:45:03. ОтключениегарантированногоэлектропитанияМПЦ.ВыключательавтоматическийS201-D10NA,10А,ВыключательавтоматическийS201-C1NA,1А

23.11.2017 16:45:03. Отключениепитаниярабочихцепей220Впостоянноготока(входныхсветофоров,стрелки,выходныеиманевровыесветофорыирезерв1000Вт).ВыключательавтоматическийS203-D20NA,20А,ВыключательавтоматическийS202M-C20UC,20А,ВыключательавтоматическийS202M-C0.5UC,0.5А,ВыключательавтоматическийS202M-C2UC,2А,ВыключательавтоматическийS202M-C6UC,6А

23.11.2017 16:45:03. ОтключениесобственныхнуждДГАгарантированноепитание.ВыключательавтоматическийдифференциальноготокаDS202MAC-C6/0.03

23.11.2017 16:45:03. Отключениепитаниярабочихцепей220Впостоянноготока(входныхсветофоров,стрелки,выходныеиманевровыесветофорыирезерв1000Вт).ВыключательавтоматическийS203-D20NA,20А,ВыключательавтоматическийS202M-C20UC,20А,ВыключательавтоматическийS202M-C0.5UC,0.5А,ВыключательавтоматическийS202M-C2UC,2А,ВыключательавтоматическийS202M-C6UC,6А

23.11.2017 16:45:03. Отключениерезерва220В2500Втгарантированногопитяния.ВыключательавтоматическийдифференциальноготокаDS202MAC-C16/0.03

23.11.2017 16:45:04. Отключениепитаниярабочихцепей220Впостоянноготока(входныхсветофоров,стрелки,выходныеиманевровыесветофорыирезерв1000Вт).ВыключательавтоматическийS203-D20NA,20А,ВыключательавтоматическийS202M-C20UC,20А,ВыключательавтоматическийS202M-C0.5UC,0.5А,ВыключательавтоматическийS202M-C2UC,2А,ВыключательавтоматическийS202M-C6UC,6А

23.11.2017 16:44:58 - 23.11.2017 16:45:04. ЗаменавставкиузипщитаЩР1бесперебойногопитания.ОграничительимпульсныхперенапряженийVAL-CP-3C-350-VF

23.11.2017 16:44:58 - 23.11.2017 16:45:04. ЗаменавставкиузипщитаЩР1гарантированногопитания.ОграничительимпульсныхперенапряженийVAL-CP-3C-350-VF

23.11.2017 16:45:04. ОтключениеПОС,АПТгарантированногопитания.ВыключательавтоматическийдифференциальноготокаDS202MAC-C16/0.03

23.11.2017 16:44:58 - 23.11.2017 16:45:04. Отключение/включениевходногорубильникаДГА.Выключатель-разъединительDPX-IS2503P

23.11.2017 16:45:04. СрабатываниезащитыФидера1.ОграничительимпульсныхперенапряженийFLASHTRABFLT-CP-PLUS-3C-350

23.11.2017 16:45:05. СрабатываниезащитыФидера2.ОграничительимпульсныхперенапряженийFLASHTRABFLT-CP-PLUS-3C-350

23.11.2017 16:44:59 - 23.11.2017 16:45:05. Отключение/включениеДГА.ВыключательавтоматическийS803C-D80,80А

23.11.2017 16:44:59 - 23.11.2017 16:45:05. Отключение/включениевходногорубильникаФидера2.Выключатель-разъединительDPX-IS2503P

23.11.2017 16:44:59 - 23.11.2017 16:45:05. Отключение/включениеФидера2.ВыключательавтоматическийS803C-D80,80А

23.11.2017 16:44:59 - 23.11.2017 16:45:05. ОтключениевходногорубильникаФидера1.Выключатель-разъединительDPX-IS2503P

23.11.2017 16:44:59 - 23.11.2017 16:45:05. ОтключениеФидера1.ВыключательавтоматическийS803C-D80,80А

23.11.2017 16:44:59 - 23.11.2017 16:45:05. Отключение/включениедоп.выводаФидера2.ВыключательавтоматическийS203-D25,25А

23.11.2017 16:45:05. ОтключениеФидера1.КонтакторAF80-30-00-13,100-250В,125А

23.11.2017 16:45:00 - 23.11.2017 16:45:06. Подачипитаниянарасцепители.КонтакторESB40-40-24AC/DC

23.11.2017 16:45:00 - 23.11.2017 16:45:06. Неисправностьвцепяхрелеконтролячастотыинапряжения.ВыключательавтоматическийS203-C0.5,0.5А

23.11.2017 16:45:00 - 23.11.2017 16:45:06. Неисправностьвцепяхрелеконтролячастотыинапряжения.ВыключательавтоматическийS203-C0.5,0.5А

23.11.2017 16:45:06. ОтключениеФидера2.КонтакторAF80-30-00-13,100-250В,125А

23.11.2017 16:45:06. ЗаменавставкизащитыФидера1.ОграничительимпульсныхперенапряженийFLASHTRABFLT-CP-PLUS-3C-350

23.11.2017 16:45:06. ЗаменавставкизащитыФидера2.ОграничительимпульсныхперенапряженийFLASHTRABFLT-CP-PLUS-3C-350

23.11.2017 16:45:06. ЗаменавставкизащитыДГА.ОграничительимпульсныхперенапряженийFLASHTRABFLT-CP-PLUS-3C-350

23.11.2017 16:45:00 - 23.11.2017 16:45:06. Неисправностьвцепяхрелеконтролячастотыинапряжения.ВыключательавтоматическийS203-C0.5,0.5А

23.11.2017 16:45:00 - 23.11.2017 16:45:06. Неисправностьвцепяхрелеконтролячастотыинапряжения.ВыключательавтоматическийS203-C0.5,0.5А

23.11.2017 16:45:06. ОтключениеДГА.КонтакторAF80-30-00-13,100-250В,125А

23.11.2017 16:45:00 - 23.11.2017 16:45:07. ОтключениеАКБисточникавторичногоэлектропитания24В.ВыключательавтоматическийS202M-C6UC,6А

23.11.2017 16:45:01 - 23.11.2017 16:45:07. Отключение/включениепитаниясхемыАОП.ВыключательавтоматическийS202M-C50UC,50А

23.11.2017 16:45:01 - 23.11.2017 16:45:07. Отключение/включениепитаниясхемыАОП.ВыключательавтоматическийS202M-C50UC,50А

23.11.2017 16:45:01 - 23.11.2017 16:45:07. ОтключениегарантированногоэлектропитанияМПЦ.ВыключательавтоматическийS201-D10NA,10А,ВыключательавтоматическийS201-C1NA,1А

23.11.2017 16:45:01 - 23.11.2017 16:45:07. ОтключениегарантированногоэлектропитанияМПЦ.ВыключательавтоматическийS201-D10NA,10А,ВыключательавтоматическийS201-C1NA,1А

23.11.2017 16:45:01 - 23.11.2017 16:45:08. ОтключениегарантированногоэлектропитанияМПЦ.ВыключательавтоматическийS201-D10NA,10А,ВыключательавтоматическийS201-C1NA,1А

23.11.2017 16:45:01 - 23.11.2017 16:45:08. Отключениеосвещениягарантированноепитание.ВыключательавтоматическийдифференциальноготокаDS202MAC-C6/0.03

23.11.2017 16:45:01 - 23.11.2017 16:45:08. ОтключениегарантированногоэлектропитанияМПЦ.ВыключательавтоматическийS201-D10NA,10А,ВыключательавтоматическийS201-C1NA,1А

23.11.2017 16:45:02 - 23.11.2017 16:45:08. Отключение/включениепитанияустройстваконтролясопротивленияизоляции.ВыключательавтоматическийS201-C1NA,1А

23.11.2017 16:45:02 - 23.11.2017 16:45:08. Отключениепитаниярабочихцепей220Впостоянноготока(входныхсветофоров,стрелки,выходныеиманевровыесветофорыирезерв1000Вт).ВыключательавтоматическийS203-D20NA,20А,ВыключательавтоматическийS202M-C20UC,20А,ВыключательавтоматическийS202M-C0.5UC,0.5А,ВыключательавтоматическийS202M-C2UC,2А,ВыключательавтоматическийS202M-C6UC,6А

23.11.2017 16:45:02 - 23.11.2017 16:45:08. ОтключениегарантированногоэлектропитанияМПЦ.ВыключательавтоматическийS201-D10NA,10А,ВыключательавтоматическийS201-C1NA,1А

23.11.2017 16:45:02 - 23.11.2017 16:45:08. ОтключениебесперебойногоэлектропитанияМПЦ(резерв.комплект).ВыключательавтоматическийS201-D10NA,10А,ВыключательавтоматическийS201-C1NA,1А,ВыключательавтоматическийS201-C0.5NA,0.5А,ВыключательавтоматическийS201-C6NA,6А

23.11.2017 16:45:02 - 23.11.2017 16:45:08. ОтключениебесперебойногоэлектропитанияМПЦ(резерв.комплект).ВыключательавтоматическийS201-D10NA,10А,ВыключательавтоматическийS201-C1NA,1А,ВыключательавтоматическийS201-C0.5NA,0.5А,ВыключательавтоматическийS201-C6NA,6А

23.11.2017 16:45:02 - 23.11.2017 16:45:08. ОтключениебесперебойногоэлектропитанияМПЦ(резерв.комплект).ВыключательавтоматическийS201-D10NA,10А,ВыключательавтоматическийS201-C1NA,1А,ВыключательавтоматическийS201-C0.5NA,0.5А,ВыключательавтоматическийS201-C6NA,6А

23.11.2017 16:45:02 - 23.11.2017 16:45:09. ОтключениебезперебойногопитаниящитаЩР1.ВыключательавтоматическийS203-D40NA,40А

23.11.2017 16:45:02 - 23.11.2017 16:45:09. ОтключениебесперебойногоэлектропитанияМПЦ(резерв.комплект).ВыключательавтоматическийS201-D10NA,10А,ВыключательавтоматическийS201-C1NA,1А,ВыключательавтоматическийS201-C0.5NA,0.5А,ВыключательавтоматическийS201-C6NA,6А

23.11.2017 16:45:02 - 23.11.2017 16:45:09. ОтключениебесперебойногоэлектропитанияМПЦ(резерв.комплект).ВыключательавтоматическийS201-D10NA,10А,ВыключательавтоматическийS201-C1NA,1А,ВыключательавтоматическийS201-C0.5NA,0.5А,ВыключательавтоматическийS201-C6NA,6А

23.11.2017 16:45:03 - 23.11.2017 16:45:09. ОтключениебесперебойногоэлектропитанияМПЦ(резерв.комплект).ВыключательавтоматическийS201-D10NA,10А,ВыключательавтоматическийS201-C1NA,1А,ВыключательавтоматическийS201-C0.5NA,0.5А,ВыключательавтоматическийS201-C6NA,6А

23.11.2017 16:45:03 - 23.11.2017 16:45:09. ОтключениебесперебойногоэлектропитанияМПЦ(резерв.комплект).ВыключательавтоматическийS201-D10NA,10А,ВыключательавтоматическийS201-C1NA,1А,ВыключательавтоматическийS201-C0.5NA,0.5А,ВыключательавтоматическийS201-C6NA,6А

23.11.2017 16:45:03 - 23.11.2017 16:45:09. ОтключениегарантированноепитаниящитаЩР1.ВыключательавтоматическийS203-D40NA,40А

23.11.2017 16:45:03 - 23.11.2017 16:45:09. Отключениепитаниярабочихцепей220Впостоянноготока(входныхсветофоров,стрелки,выходныеиманевровыесветофорыирезерв1000Вт).ВыключательавтоматическийS203-D20NA,20А,ВыключательавтоматическийS202M-C20UC,20А,ВыключательавтоматическийS202M-C0.5UC,0.5А,ВыключательавтоматическийS202M-C2UC,2А,ВыключательавтоматическийS202M-C6UC,6А

23.11.2017 16:45:03 - 23.11.2017 16:45:09. ОтключениегарантированногоэлектропитанияМПЦ.ВыключательавтоматическийS201-D10NA,10А,ВыключательавтоматическийS201-C1NA,1А

23.11.2017 16:45:03 - 23.11.2017 16:45:09. Отключениепитаниярабочихцепей220Впостоянноготока(входныхсветофоров,стрелки,выходныеиманевровыесветофорыирезерв1000Вт).ВыключательавтоматическийS203-D20NA,20А,ВыключательавтоматическийS202M-C20UC,20А,ВыключательавтоматическийS202M-C0.5UC,0.5А,ВыключательавтоматическийS202M-C2UC,2А,ВыключательавтоматическийS202M-C6UC,6А

23.11.2017 16:45:03 - 23.11.2017 16:45:09. ОтключениесобственныхнуждДГАгарантированноепитание.ВыключательавтоматическийдифференциальноготокаDS202MAC-C6/0.03

23.11.2017 16:45:03 - 23.11.2017 16:45:10. Отключениепитаниярабочихцепей220Впостоянноготока(входныхсветофоров,стрелки,выходныеиманевровыесветофорыирезерв1000Вт).ВыключательавтоматическийS203-D20NA,20А,ВыключательавтоматическийS202M-C20UC,20А,ВыключательавтоматическийS202M-C0.5UC,0.5А,ВыключательавтоматическийS202M-C2UC,2А,ВыключательавтоматическийS202M-C6UC,6А

23.11.2017 16:45:03 - 23.11.2017 16:45:10. Отключениерезерва220В2500Втгарантированногопитяния.ВыключательавтоматическийдифференциальноготокаDS202MAC-C16/0.03

23.11.2017 16:45:04 - 23.11.2017 16:45:10. Отключениепитаниярабочихцепей220Впостоянноготока(входныхсветофоров,стрелки,выходныеиманевровыесветофорыирезерв1000Вт).ВыключательавтоматическийS203-D20NA,20А,ВыключательавтоматическийS202M-C20UC,20А,ВыключательавтоматическийS202M-C0.5UC,0.5А,ВыключательавтоматическийS202M-C2UC,2А,ВыключательавтоматическийS202M-C6UC,6А

23.11.2017 16:45:10. ЗаменавставкиузипщитаЩР1бесперебойногопитания.ОграничительимпульсныхперенапряженийVAL-CP-3C-350-VF

23.11.2017 16:45:10. ЗаменавставкиузипщитаЩР1гарантированногопитания.ОграничительимпульсныхперенапряженийVAL-CP-3C-350-VF

23.11.2017 16:45:04 - 23.11.2017 16:45:10. ОтключениеПОС,АПТгарантированногопитания.ВыключательавтоматическийдифференциальноготокаDS202MAC-C16/0.03

23.11.2017 16:44:18 - 23.11.2017 16:45:10. ОтключениебесперебойногоэлектропитанияМПЦ(резерв.комплект).ВыключательавтоматическийS201-D10NA,10А,ВыключательавтоматическийS201-C1NA,1А,ВыключательавтоматическийS201-C0.5NA,0.5А,ВыключательавтоматическийS201-C6NA,6А

23.11.2017 16:44:18 - 23.11.2017 16:45:10. ОтключениебесперебойногоэлектропитанияМПЦ(резерв.комплект).ВыключательавтоматическийS201-D10NA,10А,ВыключательавтоматическийS201-C1NA,1А,ВыключательавтоматическийS201-C0.5NA,0.5А,ВыключательавтоматическийS201-C6NA,6А

23.11.2017 16:44:18 - 23.11.2017 16:45:10. ОтключениебесперебойногоэлектропитанияМПЦ(резерв.комплект).ВыключательавтоматическийS201-D10NA,10А,ВыключательавтоматическийS201-C1NA,1А,ВыключательавтоматическийS201-C0.5NA,0.5А,ВыключательавтоматическийS201-C6NA,6А

23.11.2017 16:44:18 - 23.11.2017 16:45:11. Отключениекондиционированиерелейнойгарантированногопитания.ВыключательавтоматическийдифференциальноготокаDS202MAC-C40/0.03

23.11.2017 16:44:18 - 23.11.2017 16:45:11. ОтключениебесперебойногоэлектропитанияМПЦ(резерв.комплект).ВыключательавтоматическийS201-D10NA,10А,ВыключательавтоматическийS201-C1NA,1А,ВыключательавтоматическийS201-C0.5NA,0.5А,ВыключательавтоматическийS201-C6NA,6А

23.11.2017 16:47:30. Отключение/включениевходногорубильникаДГА.Выключатель-разъединительDPX-IS2503P

23.11.2017 16:45:04 - 23.11.2017 16:47:31. СрабатываниезащитыФидера1.ОграничительимпульсныхперенапряженийFLASHTRABFLT-CP-PLUS-3C-350

23.11.2017 16:45:05 - 23.11.2017 16:47:31. СрабатываниезащитыФидера2.ОграничительимпульсныхперенапряженийFLASHTRABFLT-CP-PLUS-3C-350

23.11.2017 16:47:31. Отключение/включениеДГА.ВыключательавтоматическийS803C-D80,80А

23.11.2017 16:47:31. Отключение/включениевходногорубильникаФидера2.Выключатель-разъединительDPX-IS2503P

23.11.2017 16:47:31. Отключение/включениеФидера2.ВыключательавтоматическийS803C-D80,80А

23.11.2017 16:47:31. ОтключениевходногорубильникаФидера1.Выключатель-разъединительDPX-IS2503P

23.11.2017 16:47:31. ОтключениеФидера1.ВыключательавтоматическийS803C-D80,80А

23.11.2017 16:47:31. Отключение/включениедоп.выводаФидера2.ВыключательавтоматическийS203-D25,25А

23.11.2017 16:45:05 - 23.11.2017 16:47:32. ОтключениеФидера1.КонтакторAF80-30-00-13,100-250В,125А

23.11.2017 16:47:32. Подачипитаниянарасцепители.КонтакторESB40-40-24AC/DC

23.11.2017 16:47:32. Неисправностьвцепяхрелеконтролячастотыинапряжения.ВыключательавтоматическийS203-C0.5,0.5А

23.11.2017 16:47:32. Неисправностьвцепяхрелеконтролячастотыинапряжения.ВыключательавтоматическийS203-C0.5,0.5А

23.11.2017 16:45:06 - 23.11.2017 16:47:32. ОтключениеФидера2.КонтакторAF80-30-00-13,100-250В,125А

23.11.2017 16:45:06 - 23.11.2017 16:47:32. ЗаменавставкизащитыФидера1.ОграничительимпульсныхперенапряженийFLASHTRABFLT-CP-PLUS-3C-350

23.11.2017 16:45:06 - 23.11.2017 16:47:32. ЗаменавставкизащитыФидера2.ОграничительимпульсныхперенапряженийFLASHTRABFLT-CP-PLUS-3C-350

23.11.2017 16:45:06 - 23.11.2017 16:47:32. ЗаменавставкизащитыДГА.ОграничительимпульсныхперенапряженийFLASHTRABFLT-CP-PLUS-3C-350

23.11.2017 16:47:33. Неисправностьвцепяхрелеконтролячастотыинапряжения.ВыключательавтоматическийS203-C0.5,0.5А

23.11.2017 16:47:33. Неисправностьвцепяхрелеконтролячастотыинапряжения.ВыключательавтоматическийS203-C0.5,0.5А

23.11.2017 16:45:06 - 23.11.2017 16:47:33. ОтключениеДГА.КонтакторAF80-30-00-13,100-250В,125А

23.11.2017 16:47:33. ОтключениеАКБисточникавторичногоэлектропитания24В.ВыключательавтоматическийS202M-C6UC,6А

23.11.2017 16:47:33. Отключение/включениепитаниясхемыАОП.ВыключательавтоматическийS202M-C50UC,50А

23.11.2017 16:47:33. Отключение/включениепитаниясхемыАОП.ВыключательавтоматическийS202M-C50UC,50А

23.11.2017 16:47:34. ОтключениегарантированногоэлектропитанияМПЦ.ВыключательавтоматическийS201-D10NA,10А,ВыключательавтоматическийS201-C1NA,1А

23.11.2017 16:47:34. ОтключениегарантированногоэлектропитанияМПЦ.ВыключательавтоматическийS201-D10NA,10А,ВыключательавтоматическийS201-C1NA,1А

23.11.2017 16:47:34. ОтключениегарантированногоэлектропитанияМПЦ.ВыключательавтоматическийS201-D10NA,10А,ВыключательавтоматическийS201-C1NA,1А

23.11.2017 16:47:34. Отключениеосвещениягарантированноепитание.ВыключательавтоматическийдифференциальноготокаDS202MAC-C6/0.03

23.11.2017 16:47:34. ОтключениегарантированногоэлектропитанияМПЦ.ВыключательавтоматическийS201-D10NA,10А,ВыключательавтоматическийS201-C1NA,1А

23.11.2017 16:47:34. Отключение/включениепитанияустройстваконтролясопротивленияизоляции.ВыключательавтоматическийS201-C1NA,1А

23.11.2017 16:47:34. Отключениепитаниярабочихцепей220Впостоянноготока(входныхсветофоров,стрелки,выходныеиманевровыесветофорыирезерв1000Вт).ВыключательавтоматическийS203-D20NA,20А,ВыключательавтоматическийS202M-C20UC,20А,ВыключательавтоматическийS202M-C0.5UC,0.5А,ВыключательавтоматическийS202M-C2UC,2А,ВыключательавтоматическийS202M-C6UC,6А

23.11.2017 16:47:34. ОтключениегарантированногоэлектропитанияМПЦ.ВыключательавтоматическийS201-D10NA,10А,ВыключательавтоматическийS201-C1NA,1А

23.11.2017 16:47:34. ОтключениебесперебойногоэлектропитанияМПЦ(резерв.комплект).ВыключательавтоматическийS201-D10NA,10А,ВыключательавтоматическийS201-C1NA,1А,ВыключательавтоматическийS201-C0.5NA,0.5А,ВыключательавтоматическийS201-C6NA,6А

23.11.2017 16:47:35. ОтключениебесперебойногоэлектропитанияМПЦ(резерв.комплект).ВыключательавтоматическийS201-D10NA,10А,ВыключательавтоматическийS201-C1NA,1А,ВыключательавтоматическийS201-C0.5NA,0.5А,ВыключательавтоматическийS201-C6NA,6А

23.11.2017 16:47:35. ОтключениебесперебойногоэлектропитанияМПЦ(резерв.комплект).ВыключательавтоматическийS201-D10NA,10А,ВыключательавтоматическийS201-C1NA,1А,ВыключательавтоматическийS201-C0.5NA,0.5А,ВыключательавтоматическийS201-C6NA,6А

23.11.2017 16:47:35. ОтключениебезперебойногопитаниящитаЩР1.ВыключательавтоматическийS203-D40NA,40А

23.11.2017 16:47:35. ОтключениебесперебойногоэлектропитанияМПЦ(резерв.комплект).ВыключательавтоматическийS201-D10NA,10А,ВыключательавтоматическийS201-C1NA,1А,ВыключательавтоматическийS201-C0.5NA,0.5А,ВыключательавтоматическийS201-C6NA,6А

23.11.2017 16:47:35. ОтключениебесперебойногоэлектропитанияМПЦ(резерв.комплект).ВыключательавтоматическийS201-D10NA,10А,ВыключательавтоматическийS201-C1NA,1А,ВыключательавтоматическийS201-C0.5NA,0.5А,ВыключательавтоматическийS201-C6NA,6А

23.11.2017 16:47:35. ОтключениебесперебойногоэлектропитанияМПЦ(резерв.комплект).ВыключательавтоматическийS201-D10NA,10А,ВыключательавтоматическийS201-C1NA,1А,ВыключательавтоматическийS201-C0.5NA,0.5А,ВыключательавтоматическийS201-C6NA,6А

23.11.2017 16:47:35. ОтключениебесперебойногоэлектропитанияМПЦ(резерв.комплект).ВыключательавтоматическийS201-D10NA,10А,ВыключательавтоматическийS201-C1NA,1А,ВыключательавтоматическийS201-C0.5NA,0.5А,ВыключательавтоматическийS201-C6NA,6А

23.11.2017 16:47:35. ОтключениегарантированноепитаниящитаЩР1.ВыключательавтоматическийS203-D40NA,40А

23.11.2017 16:47:35. Отключениепитаниярабочихцепей220Впостоянноготока(входныхсветофоров,стрелки,выходныеиманевровыесветофорыирезерв1000Вт).ВыключательавтоматическийS203-D20NA,20А,ВыключательавтоматическийS202M-C20UC,20А,ВыключательавтоматическийS202M-C0.5UC,0.5А,ВыключательавтоматическийS202M-C2UC,2А,ВыключательавтоматическийS202M-C6UC,6А

23.11.2017 16:47:36. ОтключениегарантированногоэлектропитанияМПЦ.ВыключательавтоматическийS201-D10NA,10А,ВыключательавтоматическийS201-C1NA,1А

23.11.2017 16:47:36. Отключениепитаниярабочихцепей220Впостоянноготока(входныхсветофоров,стрелки,выходныеиманевровыесветофорыирезерв1000Вт).ВыключательавтоматическийS203-D20NA,20А,ВыключательавтоматическийS202M-C20UC,20А,ВыключательавтоматическийS202M-C0.5UC,0.5А,ВыключательавтоматическийS202M-C2UC,2А,ВыключательавтоматическийS202M-C6UC,6А

23.11.2017 16:47:36. ОтключениесобственныхнуждДГАгарантированноепитание.ВыключательавтоматическийдифференциальноготокаDS202MAC-C6/0.03

23.11.2017 16:47:36. Отключениепитаниярабочихцепей220Впостоянноготока(входныхсветофоров,стрелки,выходныеиманевровыесветофорыирезерв1000Вт).ВыключательавтоматическийS203-D20NA,20А,ВыключательавтоматическийS202M-C20UC,20А,ВыключательавтоматическийS202M-C0.5UC,0.5А,ВыключательавтоматическийS202M-C2UC,2А,ВыключательавтоматическийS202M-C6UC,6А

23.11.2017 16:47:36. Отключениерезерва220В2500Втгарантированногопитяния.ВыключательавтоматическийдифференциальноготокаDS202MAC-C16/0.03

23.11.2017 16:47:36. Отключениепитаниярабочихцепей220Впостоянноготока(входныхсветофоров,стрелки,выходныеиманевровыесветофорыирезерв1000Вт).ВыключательавтоматическийS203-D20NA,20А,ВыключательавтоматическийS202M-C20UC,20А,ВыключательавтоматическийS202M-C0.5UC,0.5А,ВыключательавтоматическийS202M-C2UC,2А,ВыключательавтоматическийS202M-C6UC,6А

23.11.2017 16:45:10 - 23.11.2017 16:47:36. ЗаменавставкиузипщитаЩР1бесперебойногопитания.ОграничительимпульсныхперенапряженийVAL-CP-3C-350-VF

23.11.2017 16:45:10 - 23.11.2017 16:47:36. ЗаменавставкиузипщитаЩР1гарантированногопитания.ОграничительимпульсныхперенапряженийVAL-CP-3C-350-VF

23.11.2017 16:47:37. ОтключениеПОС,АПТгарантированногопитания.ВыключательавтоматическийдифференциальноготокаDS202MAC-C16/0.03

23.11.2017 16:47:37. ОтключениебесперебойногоэлектропитанияМПЦ(резерв.комплект).ВыключательавтоматическийS201-D10NA,10А,ВыключательавтоматическийS201-C1NA,1А,ВыключательавтоматическийS201-C0.5NA,0.5А,ВыключательавтоматическийS201-C6NA,6А

23.11.2017 16:47:37. ОтключениеФидера1.КонтакторAF80-30-00-13,100-250В,125А

23.11.2017 16:47:32 - 23.11.2017 16:47:37. Подачипитаниянарасцепители.КонтакторESB40-40-24AC/DC

23.11.2017 16:47:32 - 23.11.2017 16:47:37. Неисправностьвцепяхрелеконтролячастотыинапряжения.ВыключательавтоматическийS203-C0.5,0.5А

23.11.2017 16:47:32 - 23.11.2017 16:47:37. Неисправностьвцепяхрелеконтролячастотыинапряжения.ВыключательавтоматическийS203-C0.5,0.5А

23.11.2017 16:47:37. ОтключениеФидера2.КонтакторAF80-30-00-13,100-250В,125А

23.11.2017 16:47:37. ЗаменавставкизащитыФидера1.ОграничительимпульсныхперенапряженийFLASHTRABFLT-CP-PLUS-3C-350

23.11.2017 16:47:37. ЗаменавставкизащитыФидера2.ОграничительимпульсныхперенапряженийFLASHTRABFLT-CP-PLUS-3C-350

23.11.2017 16:47:38. ЗаменавставкизащитыДГА.ОграничительимпульсныхперенапряженийFLASHTRABFLT-CP-PLUS-3C-350

23.11.2017 16:47:33 - 23.11.2017 16:47:38. Неисправностьвцепяхрелеконтролячастотыинапряжения.ВыключательавтоматическийS203-C0.5,0.5А

23.11.2017 16:47:33 - 23.11.2017 16:47:38. Неисправностьвцепяхрелеконтролячастотыинапряжения.ВыключательавтоматическийS203-C0.5,0.5А

23.11.2017 16:47:38. ОтключениеДГА.КонтакторAF80-30-00-13,100-250В,125А

23.11.2017 16:47:33 - 23.11.2017 16:47:38. ОтключениеАКБисточникавторичногоэлектропитания24В.ВыключательавтоматическийS202M-C6UC,6А

23.11.2017 16:47:33 - 23.11.2017 16:47:38. Отключение/включениепитаниясхемыАОП.ВыключательавтоматическийS202M-C50UC,50А

23.11.2017 16:47:33 - 23.11.2017 16:47:39. Отключение/включениепитаниясхемыАОП.ВыключательавтоматическийS202M-C50UC,50А

23.11.2017 16:47:30 - 23.11.2017 16:47:39. Отключение/включениевходногорубильникаДГА.Выключатель-разъединительDPX-IS2503P

23.11.2017 16:47:39. СрабатываниезащитыФидера1.ОграничительимпульсныхперенапряженийFLASHTRABFLT-CP-PLUS-3C-350

23.11.2017 16:47:39. СрабатываниезащитыФидера2.ОграничительимпульсныхперенапряженийFLASHTRABFLT-CP-PLUS-3C-350

23.11.2017 16:47:31 - 23.11.2017 16:47:39. Отключение/включениеДГА.ВыключательавтоматическийS803C-D80,80А

23.11.2017 16:47:31 - 23.11.2017 16:47:39. Отключение/включениевходногорубильникаФидера2.Выключатель-разъединительDPX-IS2503P

23.11.2017 16:47:31 - 23.11.2017 16:47:39. Отключение/включениеФидера2.ВыключательавтоматическийS803C-D80,80А

23.11.2017 16:47:31 - 23.11.2017 16:47:39. ОтключениевходногорубильникаФидера1.Выключатель-разъединительDPX-IS2503P

23.11.2017 16:47:31 - 23.11.2017 16:47:40. ОтключениеФидера1.ВыключательавтоматическийS803C-D80,80А

23.11.2017 16:47:31 - 23.11.2017 16:47:40. Отключение/включениедоп.выводаФидера2.ВыключательавтоматическийS203-D25,25А

23.11.2017 16:47:34 - 23.11.2017 16:47:40. ОтключениегарантированногоэлектропитанияМПЦ.ВыключательавтоматическийS201-D10NA,10А,ВыключательавтоматическийS201-C1NA,1А

23.11.2017 16:47:34 - 23.11.2017 16:47:40. ОтключениегарантированногоэлектропитанияМПЦ.ВыключательавтоматическийS201-D10NA,10А,ВыключательавтоматическийS201-C1NA,1А

23.11.2017 16:47:34 - 23.11.2017 16:47:40. ОтключениегарантированногоэлектропитанияМПЦ.ВыключательавтоматическийS201-D10NA,10А,ВыключательавтоматическийS201-C1NA,1А

23.11.2017 16:47:34 - 23.11.2017 16:47:40. Отключениеосвещениягарантированноепитание.ВыключательавтоматическийдифференциальноготокаDS202MAC-C6/0.03

23.11.2017 16:47:34 - 23.11.2017 16:47:40. ОтключениегарантированногоэлектропитанияМПЦ.ВыключательавтоматическийS201-D10NA,10А,ВыключательавтоматическийS201-C1NA,1А

23.11.2017 16:47:34 - 23.11.2017 16:47:40. Отключение/включениепитанияустройстваконтролясопротивленияизоляции.ВыключательавтоматическийS201-C1NA,1А

23.11.2017 16:47:34 - 23.11.2017 16:47:41. Отключениепитаниярабочихцепей220Впостоянноготока(входныхсветофоров,стрелки,выходныеиманевровыесветофорыирезерв1000Вт).ВыключательавтоматическийS203-D20NA,20А,ВыключательавтоматическийS202M-C20UC,20А,ВыключательавтоматическийS202M-C0.5UC,0.5А,ВыключательавтоматическийS202M-C2UC,2А,ВыключательавтоматическийS202M-C6UC,6А

23.11.2017 16:47:34 - 23.11.2017 16:47:41. ОтключениегарантированногоэлектропитанияМПЦ.ВыключательавтоматическийS201-D10NA,10А,ВыключательавтоматическийS201-C1NA,1А

23.11.2017 16:47:34 - 23.11.2017 16:47:41. ОтключениебесперебойногоэлектропитанияМПЦ(резерв.комплект).ВыключательавтоматическийS201-D10NA,10А,ВыключательавтоматическийS201-C1NA,1А,ВыключательавтоматическийS201-C0.5NA,0.5А,ВыключательавтоматическийS201-C6NA,6А

23.11.2017 16:47:35 - 23.11.2017 16:47:41. ОтключениебесперебойногоэлектропитанияМПЦ(резерв.комплект).ВыключательавтоматическийS201-D10NA,10А,ВыключательавтоматическийS201-C1NA,1А,ВыключательавтоматическийS201-C0.5NA,0.5А,ВыключательавтоматическийS201-C6NA,6А

23.11.2017 16:47:35 - 23.11.2017 16:47:41. ОтключениебесперебойногоэлектропитанияМПЦ(резерв.комплект).ВыключательавтоматическийS201-D10NA,10А,ВыключательавтоматическийS201-C1NA,1А,ВыключательавтоматическийS201-C0.5NA,0.5А,ВыключательавтоматическийS201-C6NA,6А

23.11.2017 16:47:35 - 23.11.2017 16:47:41. ОтключениебезперебойногопитаниящитаЩР1.ВыключательавтоматическийS203-D40NA,40А

23.11.2017 16:47:35 - 23.11.2017 16:47:41. ОтключениебесперебойногоэлектропитанияМПЦ(резерв.комплект).ВыключательавтоматическийS201-D10NA,10А,ВыключательавтоматическийS201-C1NA,1А,ВыключательавтоматическийS201-C0.5NA,0.5А,ВыключательавтоматическийS201-C6NA,6А

23.11.2017 16:47:35 - 23.11.2017 16:47:41. ОтключениебесперебойногоэлектропитанияМПЦ(резерв.комплект).ВыключательавтоматическийS201-D10NA,10А,ВыключательавтоматическийS201-C1NA,1А,ВыключательавтоматическийS201-C0.5NA,0.5А,ВыключательавтоматическийS201-C6NA,6А

23.11.2017 16:47:35 - 23.11.2017 16:47:42. ОтключениебесперебойногоэлектропитанияМПЦ(резерв.комплект).ВыключательавтоматическийS201-D10NA,10А,ВыключательавтоматическийS201-C1NA,1А,ВыключательавтоматическийS201-C0.5NA,0.5А,ВыключательавтоматическийS201-C6NA,6А

23.11.2017 16:47:35 - 23.11.2017 16:47:42. ОтключениебесперебойногоэлектропитанияМПЦ(резерв.комплект).ВыключательавтоматическийS201-D10NA,10А,ВыключательавтоматическийS201-C1NA,1А,ВыключательавтоматическийS201-C0.5NA,0.5А,ВыключательавтоматическийS201-C6NA,6А

23.11.2017 16:47:35 - 23.11.2017 16:47:42. ОтключениегарантированноепитаниящитаЩР1.ВыключательавтоматическийS203-D40NA,40А

23.11.2017 16:47:35 - 23.11.2017 16:47:42. Отключениепитаниярабочихцепей220Впостоянноготока(входныхсветофоров,стрелки,выходныеиманевровыесветофорыирезерв1000Вт).ВыключательавтоматическийS203-D20NA,20А,ВыключательавтоматическийS202M-C20UC,20А,ВыключательавтоматическийS202M-C0.5UC,0.5А,ВыключательавтоматическийS202M-C2UC,2А,ВыключательавтоматическийS202M-C6UC,6А

23.11.2017 16:47:36 - 23.11.2017 16:47:42. ОтключениегарантированногоэлектропитанияМПЦ.ВыключательавтоматическийS201-D10NA,10А,ВыключательавтоматическийS201-C1NA,1А

23.11.2017 16:47:36 - 23.11.2017 16:47:42. Отключениепитаниярабочихцепей220Впостоянноготока(входныхсветофоров,стрелки,выходныеиманевровыесветофорыирезерв1000Вт).ВыключательавтоматическийS203-D20NA,20А,ВыключательавтоматическийS202M-C20UC,20А,ВыключательавтоматическийS202M-C0.5UC,0.5А,ВыключательавтоматическийS202M-C2UC,2А,ВыключательавтоматическийS202M-C6UC,6А

23.11.2017 16:47:36 - 23.11.2017 16:47:42. ОтключениесобственныхнуждДГАгарантированноепитание.ВыключательавтоматическийдифференциальноготокаDS202MAC-C6/0.03

23.11.2017 16:47:36 - 23.11.2017 16:47:42. Отключениепитаниярабочихцепей220Впостоянноготока(входныхсветофоров,стрелки,выходныеиманевровыесветофорыирезерв1000Вт).ВыключательавтоматическийS203-D20NA,20А,ВыключательавтоматическийS202M-C20UC,20А,ВыключательавтоматическийS202M-C0.5UC,0.5А,ВыключательавтоматическийS202M-C2UC,2А,ВыключательавтоматическийS202M-C6UC,6А

23.11.2017 16:47:36 - 23.11.2017 16:47:43. Отключениерезерва220В2500Втгарантированногопитяния.ВыключательавтоматическийдифференциальноготокаDS202MAC-C16/0.03

23.11.2017 16:47:36 - 23.11.2017 16:47:43. Отключениепитаниярабочихцепей220Впостоянноготока(входныхсветофоров,стрелки,выходныеиманевровыесветофорыирезерв1000Вт).ВыключательавтоматическийS203-D20NA,20А,ВыключательавтоматическийS202M-C20UC,20А,ВыключательавтоматическийS202M-C0.5UC,0.5А,ВыключательавтоматическийS202M-C2UC,2А,ВыключательавтоматическийS202M-C6UC,6А

23.11.2017 16:47:43. ЗаменавставкиузипщитаЩР1бесперебойногопитания.ОграничительимпульсныхперенапряженийVAL-CP-3C-350-VF

23.11.2017 16:47:43. ЗаменавставкиузипщитаЩР1гарантированногопитания.ОграничительимпульсныхперенапряженийVAL-CP-3C-350-VF

23.11.2017 16:47:37 - 23.11.2017 16:47:43. ОтключениеПОС,АПТгарантированногопитания.ВыключательавтоматическийдифференциальноготокаDS202MAC-C16/0.03

23.11.2017 16:47:37 - 23.11.2017 16:47:43. ОтключениебесперебойногоэлектропитанияМПЦ(резерв.комплект).ВыключательавтоматическийS201-D10NA,10А,ВыключательавтоматическийS201-C1NA,1А,ВыключательавтоматическийS201-C0.5NA,0.5А,ВыключательавтоматическийS201-C6NA,6А

23.11.2017 16:48:00. Отключение/включениевходногорубильникаДГА.Выключатель-разъединительDPX-IS2503P

23.11.2017 16:47:39 - 23.11.2017 16:48:00. СрабатываниезащитыФидера1.ОграничительимпульсныхперенапряженийFLASHTRABFLT-CP-PLUS-3C-350

23.11.2017 16:47:39 - 23.11.2017 16:48:00. СрабатываниезащитыФидера2.ОграничительимпульсныхперенапряженийFLASHTRABFLT-CP-PLUS-3C-350

23.11.2017 16:48:01. Отключение/включениеДГА.ВыключательавтоматическийS803C-D80,80А

23.11.2017 16:48:01. Отключение/включениевходногорубильникаФидера2.Выключатель-разъединительDPX-IS2503P

23.11.2017 16:48:01. Отключение/включениеФидера2.ВыключательавтоматическийS803C-D80,80А

23.11.2017 16:48:01. ОтключениевходногорубильникаФидера1.Выключатель-разъединительDPX-IS2503P

23.11.2017 16:48:01. ОтключениеФидера1.ВыключательавтоматическийS803C-D80,80А

23.11.2017 16:48:01. Отключение/включениедоп.выводаФидера2.ВыключательавтоматическийS203-D25,25А

23.11.2017 16:47:37 - 23.11.2017 16:48:01. ОтключениеФидера1.КонтакторAF80-30-00-13,100-250В,125А

23.11.2017 16:48:01. Подачипитаниянарасцепители.КонтакторESB40-40-24AC/DC

23.11.2017 16:48:02. Неисправностьвцепяхрелеконтролячастотыинапряжения.ВыключательавтоматическийS203-C0.5,0.5А

23.11.2017 16:48:02. Неисправностьвцепяхрелеконтролячастотыинапряжения.ВыключательавтоматическийS203-C0.5,0.5А

23.11.2017 16:47:37 - 23.11.2017 16:48:02. ОтключениеФидера2.КонтакторAF80-30-00-13,100-250В,125А

23.11.2017 16:47:37 - 23.11.2017 16:48:02. ЗаменавставкизащитыФидера1.ОграничительимпульсныхперенапряженийFLASHTRABFLT-CP-PLUS-3C-350

23.11.2017 16:47:37 - 23.11.2017 16:48:02. ЗаменавставкизащитыФидера2.ОграничительимпульсныхперенапряженийFLASHTRABFLT-CP-PLUS-3C-350

23.11.2017 16:47:38 - 23.11.2017 16:48:02. ЗаменавставкизащитыДГА.ОграничительимпульсныхперенапряженийFLASHTRABFLT-CP-PLUS-3C-350

23.11.2017 16:48:02. Неисправностьвцепяхрелеконтролячастотыинапряжения.ВыключательавтоматическийS203-C0.5,0.5А

23.11.2017 16:48:02. Неисправностьвцепяхрелеконтролячастотыинапряжения.ВыключательавтоматическийS203-C0.5,0.5А

23.11.2017 16:47:38 - 23.11.2017 16:48:02. ОтключениеДГА.КонтакторAF80-30-00-13,100-250В,125А

23.11.2017 16:48:03. ОтключениеАКБисточникавторичногоэлектропитания24В.ВыключательавтоматическийS202M-C6UC,6А

23.11.2017 16:48:03. Отключение/включениепитаниясхемыАОП.ВыключательавтоматическийS202M-C50UC,50А

23.11.2017 16:48:03. Отключение/включениепитаниясхемыАОП.ВыключательавтоматическийS202M-C50UC,50А

23.11.2017 16:48:03. ОтключениегарантированногоэлектропитанияМПЦ.ВыключательавтоматическийS201-D10NA,10А,ВыключательавтоматическийS201-C1NA,1А

23.11.2017 16:48:03. ОтключениегарантированногоэлектропитанияМПЦ.ВыключательавтоматическийS201-D10NA,10А,ВыключательавтоматическийS201-C1NA,1А

23.11.2017 16:48:03. ОтключениегарантированногоэлектропитанияМПЦ.ВыключательавтоматическийS201-D10NA,10А,ВыключательавтоматическийS201-C1NA,1А

23.11.2017 16:48:04. Отключениеосвещениягарантированноепитание.ВыключательавтоматическийдифференциальноготокаDS202MAC-C6/0.03

23.11.2017 16:48:04. ОтключениегарантированногоэлектропитанияМПЦ.ВыключательавтоматическийS201-D10NA,10А,ВыключательавтоматическийS201-C1NA,1А

23.11.2017 16:48:04. Отключение/включениепитанияустройстваконтролясопротивленияизоляции.ВыключательавтоматическийS201-C1NA,1А

23.11.2017 16:48:04. Отключениепитаниярабочихцепей220Впостоянноготока(входныхсветофоров,стрелки,выходныеиманевровыесветофорыирезерв1000Вт).ВыключательавтоматическийS203-D20NA,20А,ВыключательавтоматическийS202M-C20UC,20А,ВыключательавтоматическийS202M-C0.5UC,0.5А,ВыключательавтоматическийS202M-C2UC,2А,ВыключательавтоматическийS202M-C6UC,6А

23.11.2017 16:48:04. ОтключениегарантированногоэлектропитанияМПЦ.ВыключательавтоматическийS201-D10NA,10А,ВыключательавтоматическийS201-C1NA,1А

23.11.2017 16:48:04. ОтключениебесперебойногоэлектропитанияМПЦ(резерв.комплект).ВыключательавтоматическийS201-D10NA,10А,ВыключательавтоматическийS201-C1NA,1А,ВыключательавтоматическийS201-C0.5NA,0.5А,ВыключательавтоматическийS201-C6NA,6А

23.11.2017 16:48:04. ОтключениебесперебойногоэлектропитанияМПЦ(резерв.комплект).ВыключательавтоматическийS201-D10NA,10А,ВыключательавтоматическийS201-C1NA,1А,ВыключательавтоматическийS201-C0.5NA,0.5А,ВыключательавтоматическийS201-C6NA,6А

23.11.2017 16:48:04. ОтключениебесперебойногоэлектропитанияМПЦ(резерв.комплект).ВыключательавтоматическийS201-D10NA,10А,ВыключательавтоматическийS201-C1NA,1А,ВыключательавтоматическийS201-C0.5NA,0.5А,ВыключательавтоматическийS201-C6NA,6А

23.11.2017 16:48:04. ОтключениебезперебойногопитаниящитаЩР1.ВыключательавтоматическийS203-D40NA,40А

23.11.2017 16:48:05. ОтключениебесперебойногоэлектропитанияМПЦ(резерв.комплект).ВыключательавтоматическийS201-D10NA,10А,ВыключательавтоматическийS201-C1NA,1А,ВыключательавтоматическийS201-C0.5NA,0.5А,ВыключательавтоматическийS201-C6NA,6А

23.11.2017 16:48:05. ОтключениебесперебойногоэлектропитанияМПЦ(резерв.комплект).ВыключательавтоматическийS201-D10NA,10А,ВыключательавтоматическийS201-C1NA,1А,ВыключательавтоматическийS201-C0.5NA,0.5А,ВыключательавтоматическийS201-C6NA,6А

23.11.2017 16:48:05. ОтключениебесперебойногоэлектропитанияМПЦ(резерв.комплект).ВыключательавтоматическийS201-D10NA,10А,ВыключательавтоматическийS201-C1NA,1А,ВыключательавтоматическийS201-C0.5NA,0.5А,ВыключательавтоматическийS201-C6NA,6А

23.11.2017 16:48:05. ОтключениебесперебойногоэлектропитанияМПЦ(резерв.комплект).ВыключательавтоматическийS201-D10NA,10А,ВыключательавтоматическийS201-C1NA,1А,ВыключательавтоматическийS201-C0.5NA,0.5А,ВыключательавтоматическийS201-C6NA,6А

23.11.2017 16:48:05. ОтключениегарантированноепитаниящитаЩР1.ВыключательавтоматическийS203-D40NA,40А

23.11.2017 16:48:05. Отключениепитаниярабочихцепей220Впостоянноготока(входныхсветофоров,стрелки,выходныеиманевровыесветофорыирезерв1000Вт).ВыключательавтоматическийS203-D20NA,20А,ВыключательавтоматическийS202M-C20UC,20А,ВыключательавтоматическийS202M-C0.5UC,0.5А,ВыключательавтоматическийS202M-C2UC,2А,ВыключательавтоматическийS202M-C6UC,6А

23.11.2017 16:48:05. ОтключениегарантированногоэлектропитанияМПЦ.ВыключательавтоматическийS201-D10NA,10А,ВыключательавтоматическийS201-C1NA,1А

23.11.2017 16:48:05. Отключениепитаниярабочихцепей220Впостоянноготока(входныхсветофоров,стрелки,выходныеиманевровыесветофорыирезерв1000Вт).ВыключательавтоматическийS203-D20NA,20А,ВыключательавтоматическийS202M-C20UC,20А,ВыключательавтоматическийS202M-C0.5UC,0.5А,ВыключательавтоматическийS202M-C2UC,2А,ВыключательавтоматическийS202M-C6UC,6А

23.11.2017 16:48:05. ОтключениесобственныхнуждДГАгарантированноепитание.ВыключательавтоматическийдифференциальноготокаDS202MAC-C6/0.03

23.11.2017 16:48:06. Отключениепитаниярабочихцепей220Впостоянноготока(входныхсветофоров,стрелки,выходныеиманевровыесветофорыирезерв1000Вт).ВыключательавтоматическийS203-D20NA,20А,ВыключательавтоматическийS202M-C20UC,20А,ВыключательавтоматическийS202M-C0.5UC,0.5А,ВыключательавтоматическийS202M-C2UC,2А,ВыключательавтоматическийS202M-C6UC,6А

23.11.2017 16:48:06. Отключениерезерва220В2500Втгарантированногопитяния.ВыключательавтоматическийдифференциальноготокаDS202MAC-C16/0.03

23.11.2017 16:48:06. Отключениепитаниярабочихцепей220Впостоянноготока(входныхсветофоров,стрелки,выходныеиманевровыесветофорыирезерв1000Вт).ВыключательавтоматическийS203-D20NA,20А,ВыключательавтоматическийS202M-C20UC,20А,ВыключательавтоматическийS202M-C0.5UC,0.5А,ВыключательавтоматическийS202M-C2UC,2А,ВыключательавтоматическийS202M-C6UC,6А

23.11.2017 16:47:43 - 23.11.2017 16:48:06. ЗаменавставкиузипщитаЩР1бесперебойногопитания.ОграничительимпульсныхперенапряженийVAL-CP-3C-350-VF

23.11.2017 16:47:43 - 23.11.2017 16:48:06. ЗаменавставкиузипщитаЩР1гарантированногопитания.ОграничительимпульсныхперенапряженийVAL-CP-3C-350-VF

23.11.2017 16:48:06. ОтключениеПОС,АПТгарантированногопитания.ВыключательавтоматическийдифференциальноготокаDS202MAC-C16/0.03

23.11.2017 16:48:06. ОтключениебесперебойногоэлектропитанияМПЦ(резерв.комплект).ВыключательавтоматическийS201-D10NA,10А,ВыключательавтоматическийS201-C1NA,1А,ВыключательавтоматическийS201-C0.5NA,0.5А,ВыключательавтоматическийS201-C6NA,6А

23.11.2017 16:48:06. ОтключениебесперебойногоэлектропитанияМПЦ(резерв.комплект).ВыключательавтоматическийS201-D10NA,10А,ВыключательавтоматическийS201-C1NA,1А,ВыключательавтоматическийS201-C0.5NA,0.5А,ВыключательавтоматическийS201-C6NA,6А

23.11.2017 16:48:07. ОтключениебесперебойногоэлектропитанияМПЦ(резерв.комплект).ВыключательавтоматическийS201-D10NA,10А,ВыключательавтоматическийS201-C1NA,1А,ВыключательавтоматическийS201-C0.5NA,0.5А,ВыключательавтоматическийS201-C6NA,6А

23.11.2017 16:48:07. Отключениекондиционированиерелейнойгарантированногопитания.ВыключательавтоматическийдифференциальноготокаDS202MAC-C40/0.03

23.11.2017 16:48:07. ОтключениебесперебойногоэлектропитанияМПЦ(резерв.комплект).ВыключательавтоматическийS201-D10NA,10А,ВыключательавтоматическийS201-C1NA,1А,ВыключательавтоматическийS201-C0.5NA,0.5А,ВыключательавтоматическийS201-C6NA,6А

23.11.2017 16:48:00 - 23.11.2017 16:48:15. Отключение/включениевходногорубильникаДГА.Выключатель-разъединительDPX-IS2503P

23.11.2017 16:48:15. СрабатываниезащитыФидера1.ОграничительимпульсныхперенапряженийFLASHTRABFLT-CP-PLUS-3C-350

23.11.2017 16:48:16. СрабатываниезащитыФидера2.ОграничительимпульсныхперенапряженийFLASHTRABFLT-CP-PLUS-3C-350

23.11.2017 16:48:01 - 23.11.2017 16:48:16. Отключение/включениеДГА.ВыключательавтоматическийS803C-D80,80А

23.11.2017 16:48:01 - 23.11.2017 16:48:16. Отключение/включениевходногорубильникаФидера2.Выключатель-разъединительDPX-IS2503P

23.11.2017 16:48:01 - 23.11.2017 16:48:16. Отключение/включениеФидера2.ВыключательавтоматическийS803C-D80,80А

23.11.2017 16:48:01 - 23.11.2017 16:48:16. ОтключениевходногорубильникаФидера1.Выключатель-разъединительDPX-IS2503P

23.11.2017 16:48:01 - 23.11.2017 16:48:16. ОтключениеФидера1.ВыключательавтоматическийS803C-D80,80А

23.11.2017 16:48:01 - 23.11.2017 16:48:16. Отключение/включениедоп.выводаФидера2.ВыключательавтоматическийS203-D25,25А

23.11.2017 16:48:16. ОтключениеФидера1.КонтакторAF80-30-00-13,100-250В,125А

23.11.2017 16:48:01 - 23.11.2017 16:48:17. Подачипитаниянарасцепители.КонтакторESB40-40-24AC/DC

23.11.2017 16:48:02 - 23.11.2017 16:48:17. Неисправностьвцепяхрелеконтролячастотыинапряжения.ВыключательавтоматическийS203-C0.5,0.5А

23.11.2017 16:48:02 - 23.11.2017 16:48:17. Неисправностьвцепяхрелеконтролячастотыинапряжения.ВыключательавтоматическийS203-C0.5,0.5А

23.11.2017 16:48:17. ОтключениеФидера2.КонтакторAF80-30-00-13,100-250В,125А

23.11.2017 16:48:17. ЗаменавставкизащитыФидера1.ОграничительимпульсныхперенапряженийFLASHTRABFLT-CP-PLUS-3C-350

23.11.2017 16:48:17. ЗаменавставкизащитыФидера2.ОграничительимпульсныхперенапряженийFLASHTRABFLT-CP-PLUS-3C-350

23.11.2017 16:48:17. ЗаменавставкизащитыДГА.ОграничительимпульсныхперенапряженийFLASHTRABFLT-CP-PLUS-3C-350

23.11.2017 16:48:02 - 23.11.2017 16:48:17. Неисправностьвцепяхрелеконтролячастотыинапряжения.ВыключательавтоматическийS203-C0.5,0.5А

23.11.2017 16:48:02 - 23.11.2017 16:48:18. Неисправностьвцепяхрелеконтролячастотыинапряжения.ВыключательавтоматическийS203-C0.5,0.5А

23.11.2017 16:48:18. ОтключениеДГА.КонтакторAF80-30-00-13,100-250В,125А

23.11.2017 16:48:03 - 23.11.2017 16:48:18. ОтключениеАКБисточникавторичногоэлектропитания24В.ВыключательавтоматическийS202M-C6UC,6А

23.11.2017 16:48:03 - 23.11.2017 16:48:18. Отключение/включениепитаниясхемыАОП.ВыключательавтоматическийS202M-C50UC,50А

23.11.2017 16:48:03 - 23.11.2017 16:48:18. Отключение/включениепитаниясхемыАОП.ВыключательавтоматическийS202M-C50UC,50А

23.11.2017 16:48:03 - 23.11.2017 16:48:18. ОтключениегарантированногоэлектропитанияМПЦ.ВыключательавтоматическийS201-D10NA,10А,ВыключательавтоматическийS201-C1NA,1А

23.11.2017 16:48:03 - 23.11.2017 16:48:18. ОтключениегарантированногоэлектропитанияМПЦ.ВыключательавтоматическийS201-D10NA,10А,ВыключательавтоматическийS201-C1NA,1А

23.11.2017 16:48:03 - 23.11.2017 16:48:19. ОтключениегарантированногоэлектропитанияМПЦ.ВыключательавтоматическийS201-D10NA,10А,ВыключательавтоматическийS201-C1NA,1А

23.11.2017 16:48:04 - 23.11.2017 16:48:19. Отключениеосвещениягарантированноепитание.ВыключательавтоматическийдифференциальноготокаDS202MAC-C6/0.03

23.11.2017 16:48:04 - 23.11.2017 16:48:19. ОтключениегарантированногоэлектропитанияМПЦ.ВыключательавтоматическийS201-D10NA,10А,ВыключательавтоматическийS201-C1NA,1А

23.11.2017 16:48:04 - 23.11.2017 16:48:19. Отключение/включениепитанияустройстваконтролясопротивленияизоляции.ВыключательавтоматическийS201-C1NA,1А

23.11.2017 16:48:04 - 23.11.2017 16:48:19. Отключениепитаниярабочихцепей220Впостоянноготока(входныхсветофоров,стрелки,выходныеиманевровыесветофорыирезерв1000Вт).ВыключательавтоматическийS203-D20NA,20А,ВыключательавтоматическийS202M-C20UC,20А,ВыключательавтоматическийS202M-C0.5UC,0.5А,ВыключательавтоматическийS202M-C2UC,2А,ВыключательавтоматическийS202M-C6UC,6А

23.11.2017 16:48:04 - 23.11.2017 16:48:19. ОтключениегарантированногоэлектропитанияМПЦ.ВыключательавтоматическийS201-D10NA,10А,ВыключательавтоматическийS201-C1NA,1А

23.11.2017 16:48:04 - 23.11.2017 16:48:19. ОтключениебесперебойногоэлектропитанияМПЦ(резерв.комплект).ВыключательавтоматическийS201-D10NA,10А,ВыключательавтоматическийS201-C1NA,1А,ВыключательавтоматическийS201-C0.5NA,0.5А,ВыключательавтоматическийS201-C6NA,6А

23.11.2017 16:48:04 - 23.11.2017 16:48:19. ОтключениебесперебойногоэлектропитанияМПЦ(резерв.комплект).ВыключательавтоматическийS201-D10NA,10А,ВыключательавтоматическийS201-C1NA,1А,ВыключательавтоматическийS201-C0.5NA,0.5А,ВыключательавтоматическийS201-C6NA,6А

23.11.2017 16:48:04 - 23.11.2017 16:48:20. ОтключениебесперебойногоэлектропитанияМПЦ(резерв.комплект).ВыключательавтоматическийS201-D10NA,10А,ВыключательавтоматическийS201-C1NA,1А,ВыключательавтоматическийS201-C0.5NA,0.5А,ВыключательавтоматическийS201-C6NA,6А

23.11.2017 16:48:04 - 23.11.2017 16:48:20. ОтключениебезперебойногопитаниящитаЩР1.ВыключательавтоматическийS203-D40NA,40А

23.11.2017 16:48:05 - 23.11.2017 16:48:20. ОтключениебесперебойногоэлектропитанияМПЦ(резерв.комплект).ВыключательавтоматическийS201-D10NA,10А,ВыключательавтоматическийS201-C1NA,1А,ВыключательавтоматическийS201-C0.5NA,0.5А,ВыключательавтоматическийS201-C6NA,6А

23.11.2017 16:48:05 - 23.11.2017 16:48:20. ОтключениебесперебойногоэлектропитанияМПЦ(резерв.комплект).ВыключательавтоматическийS201-D10NA,10А,ВыключательавтоматическийS201-C1NA,1А,ВыключательавтоматическийS201-C0.5NA,0.5А,ВыключательавтоматическийS201-C6NA,6А

23.11.2017 16:48:05 - 23.11.2017 16:48:20. ОтключениебесперебойногоэлектропитанияМПЦ(резерв.комплект).ВыключательавтоматическийS201-D10NA,10А,ВыключательавтоматическийS201-C1NA,1А,ВыключательавтоматическийS201-C0.5NA,0.5А,ВыключательавтоматическийS201-C6NA,6А

23.11.2017 16:48:05 - 23.11.2017 16:48:20. ОтключениебесперебойногоэлектропитанияМПЦ(резерв.комплект).ВыключательавтоматическийS201-D10NA,10А,ВыключательавтоматическийS201-C1NA,1А,ВыключательавтоматическийS201-C0.5NA,0.5А,ВыключательавтоматическийS201-C6NA,6А

23.11.2017 16:48:05 - 23.11.2017 16:48:20. ОтключениегарантированноепитаниящитаЩР1.ВыключательавтоматическийS203-D40NA,40А

23.11.2017 16:48:05 - 23.11.2017 16:48:20. Отключениепитаниярабочихцепей220Впостоянноготока(входныхсветофоров,стрелки,выходныеиманевровыесветофорыирезерв1000Вт).ВыключательавтоматическийS203-D20NA,20А,ВыключательавтоматическийS202M-C20UC,20А,ВыключательавтоматическийS202M-C0.5UC,0.5А,ВыключательавтоматическийS202M-C2UC,2А,ВыключательавтоматическийS202M-C6UC,6А

23.11.2017 16:48:05 - 23.11.2017 16:48:20. ОтключениегарантированногоэлектропитанияМПЦ.ВыключательавтоматическийS201-D10NA,10А,ВыключательавтоматическийS201-C1NA,1А

23.11.2017 16:48:05 - 23.11.2017 16:48:21. Отключениепитаниярабочихцепей220Впостоянноготока(входныхсветофоров,стрелки,выходныеиманевровыесветофорыирезерв1000Вт).ВыключательавтоматическийS203-D20NA,20А,ВыключательавтоматическийS202M-C20UC,20А,ВыключательавтоматическийS202M-C0.5UC,0.5А,ВыключательавтоматическийS202M-C2UC,2А,ВыключательавтоматическийS202M-C6UC,6А

23.11.2017 16:48:05 - 23.11.2017 16:48:21. ОтключениесобственныхнуждДГАгарантированноепитание.ВыключательавтоматическийдифференциальноготокаDS202MAC-C6/0.03

23.11.2017 16:48:06 - 23.11.2017 16:48:21. Отключениепитаниярабочихцепей220Впостоянноготока(входныхсветофоров,стрелки,выходныеиманевровыесветофорыирезерв1000Вт).ВыключательавтоматическийS203-D20NA,20А,ВыключательавтоматическийS202M-C20UC,20А,ВыключательавтоматическийS202M-C0.5UC,0.5А,ВыключательавтоматическийS202M-C2UC,2А,ВыключательавтоматическийS202M-C6UC,6А

23.11.2017 16:48:06 - 23.11.2017 16:48:21. Отключениерезерва220В2500Втгарантированногопитяния.ВыключательавтоматическийдифференциальноготокаDS202MAC-C16/0.03

23.11.2017 16:48:06 - 23.11.2017 16:48:21. Отключениепитаниярабочихцепей220Впостоянноготока(входныхсветофоров,стрелки,выходныеиманевровыесветофорыирезерв1000Вт).ВыключательавтоматическийS203-D20NA,20А,ВыключательавтоматическийS202M-C20UC,20А,ВыключательавтоматическийS202M-C0.5UC,0.5А,ВыключательавтоматическийS202M-C2UC,2А,ВыключательавтоматическийS202M-C6UC,6А

23.11.2017 16:48:21. ЗаменавставкиузипщитаЩР1бесперебойногопитания.ОграничительимпульсныхперенапряженийVAL-CP-3C-350-VF

23.11.2017 16:48:21. ЗаменавставкиузипщитаЩР1гарантированногопитания.ОграничительимпульсныхперенапряженийVAL-CP-3C-350-VF

23.11.2017 16:48:06 - 23.11.2017 16:48:22. ОтключениеПОС,АПТгарантированногопитания.ВыключательавтоматическийдифференциальноготокаDS202MAC-C16/0.03

23.11.2017 16:48:06 - 23.11.2017 16:48:22. ОтключениебесперебойногоэлектропитанияМПЦ(резерв.комплект).ВыключательавтоматическийS201-D10NA,10А,ВыключательавтоматическийS201-C1NA,1А,ВыключательавтоматическийS201-C0.5NA,0.5А,ВыключательавтоматическийS201-C6NA,6А

23.11.2017 16:48:06 - 23.11.2017 16:48:22. ОтключениебесперебойногоэлектропитанияМПЦ(резерв.комплект).ВыключательавтоматическийS201-D10NA,10А,ВыключательавтоматическийS201-C1NA,1А,ВыключательавтоматическийS201-C0.5NA,0.5А,ВыключательавтоматическийS201-C6NA,6А

23.11.2017 16:48:07 - 23.11.2017 16:48:22. ОтключениебесперебойногоэлектропитанияМПЦ(резерв.комплект).ВыключательавтоматическийS201-D10NA,10А,ВыключательавтоматическийS201-C1NA,1А,ВыключательавтоматическийS201-C0.5NA,0.5А,ВыключательавтоматическийS201-C6NA,6А

23.11.2017 16:48:07 - 23.11.2017 16:48:22. Отключениекондиционированиерелейнойгарантированногопитания.ВыключательавтоматическийдифференциальноготокаDS202MAC-C40/0.03

23.11.2017 16:48:07 - 23.11.2017 16:48:22. ОтключениебесперебойногоэлектропитанияМПЦ(резерв.комплект).ВыключательавтоматическийS201-D10NA,10А,ВыключательавтоматическийS201-C1NA,1А,ВыключательавтоматическийS201-C0.5NA,0.5А,ВыключательавтоматическийS201-C6NA,6А

