23.11.2017 16:48:01. Подачипитаниянарасцепители.КонтакторESB40-40-24AC/DC

23.11.2017 16:48:02. Неисправностьвцепяхрелеконтролячастотыинапряжения.ВыключательавтоматическийS203-C0.5,0.5А

23.11.2017 16:48:02. Неисправностьвцепяхрелеконтролячастотыинапряжения.ВыключательавтоматическийS203-C0.5,0.5А

23.11.2017 16:47:37 - 23.11.2017 16:48:02. ОтключениеФидера2.КонтакторAF80-30-00-13,100-250В,125А

23.11.2017 16:47:37 - 23.11.2017 16:48:02. ЗаменавставкизащитыФидера1.ОграничительимпульсныхперенапряженийFLASHTRABFLT-CP-PLUS-3C-350

23.11.2017 16:47:37 - 23.11.2017 16:48:02. ЗаменавставкизащитыФидера2.ОграничительимпульсныхперенапряженийFLASHTRABFLT-CP-PLUS-3C-350

23.11.2017 16:47:38 - 23.11.2017 16:48:02. ЗаменавставкизащитыДГА.ОграничительимпульсныхперенапряженийFLASHTRABFLT-CP-PLUS-3C-350

23.11.2017 16:48:02. Неисправностьвцепяхрелеконтролячастотыинапряжения.ВыключательавтоматическийS203-C0.5,0.5А

23.11.2017 16:48:02. Неисправностьвцепяхрелеконтролячастотыинапряжения.ВыключательавтоматическийS203-C0.5,0.5А

23.11.2017 16:47:38 - 23.11.2017 16:48:02. ОтключениеДГА.КонтакторAF80-30-00-13,100-250В,125А

23.11.2017 16:48:03. ОтключениеАКБисточникавторичногоэлектропитания24В.ВыключательавтоматическийS202M-C6UC,6А

23.11.2017 16:48:03. Отключение/включениепитаниясхемыАОП.ВыключательавтоматическийS202M-C50UC,50А

23.11.2017 16:48:03. Отключение/включениепитаниясхемыАОП.ВыключательавтоматическийS202M-C50UC,50А

23.11.2017 16:48:03. ОтключениегарантированногоэлектропитанияМПЦ.ВыключательавтоматическийS201-D10NA,10А,ВыключательавтоматическийS201-C1NA,1А

23.11.2017 16:48:03. ОтключениегарантированногоэлектропитанияМПЦ.ВыключательавтоматическийS201-D10NA,10А,ВыключательавтоматическийS201-C1NA,1А

23.11.2017 16:48:03. ОтключениегарантированногоэлектропитанияМПЦ.ВыключательавтоматическийS201-D10NA,10А,ВыключательавтоматическийS201-C1NA,1А

23.11.2017 16:48:04. Отключениеосвещениягарантированноепитание.ВыключательавтоматическийдифференциальноготокаDS202MAC-C6/0.03

23.11.2017 16:48:04. ОтключениегарантированногоэлектропитанияМПЦ.ВыключательавтоматическийS201-D10NA,10А,ВыключательавтоматическийS201-C1NA,1А

23.11.2017 16:48:04. Отключение/включениепитанияустройстваконтролясопротивленияизоляции.ВыключательавтоматическийS201-C1NA,1А

23.11.2017 16:48:04. Отключениепитаниярабочихцепей220Впостоянноготока(входныхсветофоров,стрелки,выходныеиманевровыесветофорыирезерв1000Вт).ВыключательавтоматическийS203-D20NA,20А,ВыключательавтоматическийS202M-C20UC,20А,ВыключательавтоматическийS202M-C0.5UC,0.5А,ВыключательавтоматическийS202M-C2UC,2А,ВыключательавтоматическийS202M-C6UC,6А

23.11.2017 16:48:04. ОтключениегарантированногоэлектропитанияМПЦ.ВыключательавтоматическийS201-D10NA,10А,ВыключательавтоматическийS201-C1NA,1А

23.11.2017 16:48:04. ОтключениебесперебойногоэлектропитанияМПЦ(резерв.комплект).ВыключательавтоматическийS201-D10NA,10А,ВыключательавтоматическийS201-C1NA,1А,ВыключательавтоматическийS201-C0.5NA,0.5А,ВыключательавтоматическийS201-C6NA,6А

23.11.2017 16:48:04. ОтключениебесперебойногоэлектропитанияМПЦ(резерв.комплект).ВыключательавтоматическийS201-D10NA,10А,ВыключательавтоматическийS201-C1NA,1А,ВыключательавтоматическийS201-C0.5NA,0.5А,ВыключательавтоматическийS201-C6NA,6А

23.11.2017 16:48:04. ОтключениебесперебойногоэлектропитанияМПЦ(резерв.комплект).ВыключательавтоматическийS201-D10NA,10А,ВыключательавтоматическийS201-C1NA,1А,ВыключательавтоматическийS201-C0.5NA,0.5А,ВыключательавтоматическийS201-C6NA,6А

23.11.2017 16:48:04. ОтключениебезперебойногопитаниящитаЩР1.ВыключательавтоматическийS203-D40NA,40А

23.11.2017 16:48:05. ОтключениебесперебойногоэлектропитанияМПЦ(резерв.комплект).ВыключательавтоматическийS201-D10NA,10А,ВыключательавтоматическийS201-C1NA,1А,ВыключательавтоматическийS201-C0.5NA,0.5А,ВыключательавтоматическийS201-C6NA,6А

23.11.2017 16:48:05. ОтключениебесперебойногоэлектропитанияМПЦ(резерв.комплект).ВыключательавтоматическийS201-D10NA,10А,ВыключательавтоматическийS201-C1NA,1А,ВыключательавтоматическийS201-C0.5NA,0.5А,ВыключательавтоматическийS201-C6NA,6А

23.11.2017 16:48:05. ОтключениебесперебойногоэлектропитанияМПЦ(резерв.комплект).ВыключательавтоматическийS201-D10NA,10А,ВыключательавтоматическийS201-C1NA,1А,ВыключательавтоматическийS201-C0.5NA,0.5А,ВыключательавтоматическийS201-C6NA,6А

23.11.2017 16:48:05. ОтключениебесперебойногоэлектропитанияМПЦ(резерв.комплект).ВыключательавтоматическийS201-D10NA,10А,ВыключательавтоматическийS201-C1NA,1А,ВыключательавтоматическийS201-C0.5NA,0.5А,ВыключательавтоматическийS201-C6NA,6А

23.11.2017 16:48:05. ОтключениегарантированноепитаниящитаЩР1.ВыключательавтоматическийS203-D40NA,40А

23.11.2017 16:48:05. Отключениепитаниярабочихцепей220Впостоянноготока(входныхсветофоров,стрелки,выходныеиманевровыесветофорыирезерв1000Вт).ВыключательавтоматическийS203-D20NA,20А,ВыключательавтоматическийS202M-C20UC,20А,ВыключательавтоматическийS202M-C0.5UC,0.5А,ВыключательавтоматическийS202M-C2UC,2А,ВыключательавтоматическийS202M-C6UC,6А

23.11.2017 16:48:05. ОтключениегарантированногоэлектропитанияМПЦ.ВыключательавтоматическийS201-D10NA,10А,ВыключательавтоматическийS201-C1NA,1А

23.11.2017 16:48:05. Отключениепитаниярабочихцепей220Впостоянноготока(входныхсветофоров,стрелки,выходныеиманевровыесветофорыирезерв1000Вт).ВыключательавтоматическийS203-D20NA,20А,ВыключательавтоматическийS202M-C20UC,20А,ВыключательавтоматическийS202M-C0.5UC,0.5А,ВыключательавтоматическийS202M-C2UC,2А,ВыключательавтоматическийS202M-C6UC,6А

23.11.2017 16:48:05. ОтключениесобственныхнуждДГАгарантированноепитание.ВыключательавтоматическийдифференциальноготокаDS202MAC-C6/0.03

23.11.2017 16:48:06. Отключениепитаниярабочихцепей220Впостоянноготока(входныхсветофоров,стрелки,выходныеиманевровыесветофорыирезерв1000Вт).ВыключательавтоматическийS203-D20NA,20А,ВыключательавтоматическийS202M-C20UC,20А,ВыключательавтоматическийS202M-C0.5UC,0.5А,ВыключательавтоматическийS202M-C2UC,2А,ВыключательавтоматическийS202M-C6UC,6А

23.11.2017 16:48:06. Отключениерезерва220В2500Втгарантированногопитяния.ВыключательавтоматическийдифференциальноготокаDS202MAC-C16/0.03

23.11.2017 16:48:06. Отключениепитаниярабочихцепей220Впостоянноготока(входныхсветофоров,стрелки,выходныеиманевровыесветофорыирезерв1000Вт).ВыключательавтоматическийS203-D20NA,20А,ВыключательавтоматическийS202M-C20UC,20А,ВыключательавтоматическийS202M-C0.5UC,0.5А,ВыключательавтоматическийS202M-C2UC,2А,ВыключательавтоматическийS202M-C6UC,6А

23.11.2017 16:47:43 - 23.11.2017 16:48:06. ЗаменавставкиузипщитаЩР1бесперебойногопитания.ОграничительимпульсныхперенапряженийVAL-CP-3C-350-VF

23.11.2017 16:47:43 - 23.11.2017 16:48:06. ЗаменавставкиузипщитаЩР1гарантированногопитания.ОграничительимпульсныхперенапряженийVAL-CP-3C-350-VF

23.11.2017 16:48:06. ОтключениеПОС,АПТгарантированногопитания.ВыключательавтоматическийдифференциальноготокаDS202MAC-C16/0.03

23.11.2017 16:48:06. ОтключениебесперебойногоэлектропитанияМПЦ(резерв.комплект).ВыключательавтоматическийS201-D10NA,10А,ВыключательавтоматическийS201-C1NA,1А,ВыключательавтоматическийS201-C0.5NA,0.5А,ВыключательавтоматическийS201-C6NA,6А

23.11.2017 16:48:06. ОтключениебесперебойногоэлектропитанияМПЦ(резерв.комплект).ВыключательавтоматическийS201-D10NA,10А,ВыключательавтоматическийS201-C1NA,1А,ВыключательавтоматическийS201-C0.5NA,0.5А,ВыключательавтоматическийS201-C6NA,6А

23.11.2017 16:48:07. ОтключениебесперебойногоэлектропитанияМПЦ(резерв.комплект).ВыключательавтоматическийS201-D10NA,10А,ВыключательавтоматическийS201-C1NA,1А,ВыключательавтоматическийS201-C0.5NA,0.5А,ВыключательавтоматическийS201-C6NA,6А

23.11.2017 16:48:07. Отключениекондиционированиерелейнойгарантированногопитания.ВыключательавтоматическийдифференциальноготокаDS202MAC-C40/0.03

23.11.2017 16:48:07. ОтключениебесперебойногоэлектропитанияМПЦ(резерв.комплект).ВыключательавтоматическийS201-D10NA,10А,ВыключательавтоматическийS201-C1NA,1А,ВыключательавтоматическийS201-C0.5NA,0.5А,ВыключательавтоматическийS201-C6NA,6А

23.11.2017 16:48:00 - 23.11.2017 16:48:15. Отключение/включениевходногорубильникаДГА.Выключатель-разъединительDPX-IS2503P

23.11.2017 16:48:15. СрабатываниезащитыФидера1.ОграничительимпульсныхперенапряженийFLASHTRABFLT-CP-PLUS-3C-350

23.11.2017 16:48:16. СрабатываниезащитыФидера2.ОграничительимпульсныхперенапряженийFLASHTRABFLT-CP-PLUS-3C-350

23.11.2017 16:48:01 - 23.11.2017 16:48:16. Отключение/включениеДГА.ВыключательавтоматическийS803C-D80,80А

23.11.2017 16:48:01 - 23.11.2017 16:48:16. Отключение/включениевходногорубильникаФидера2.Выключатель-разъединительDPX-IS2503P

23.11.2017 16:48:01 - 23.11.2017 16:48:16. Отключение/включениеФидера2.ВыключательавтоматическийS803C-D80,80А

23.11.2017 16:48:01 - 23.11.2017 16:48:16. ОтключениевходногорубильникаФидера1.Выключатель-разъединительDPX-IS2503P

23.11.2017 16:48:01 - 23.11.2017 16:48:16. ОтключениеФидера1.ВыключательавтоматическийS803C-D80,80А

23.11.2017 16:48:01 - 23.11.2017 16:48:16. Отключение/включениедоп.выводаФидера2.ВыключательавтоматическийS203-D25,25А

23.11.2017 16:48:16. ОтключениеФидера1.КонтакторAF80-30-00-13,100-250В,125А

23.11.2017 16:48:01 - 23.11.2017 16:48:17. Подачипитаниянарасцепители.КонтакторESB40-40-24AC/DC

23.11.2017 16:48:02 - 23.11.2017 16:48:17. Неисправностьвцепяхрелеконтролячастотыинапряжения.ВыключательавтоматическийS203-C0.5,0.5А

23.11.2017 16:48:02 - 23.11.2017 16:48:17. Неисправностьвцепяхрелеконтролячастотыинапряжения.ВыключательавтоматическийS203-C0.5,0.5А

23.11.2017 16:48:17. ОтключениеФидера2.КонтакторAF80-30-00-13,100-250В,125А

23.11.2017 16:48:17. ЗаменавставкизащитыФидера1.ОграничительимпульсныхперенапряженийFLASHTRABFLT-CP-PLUS-3C-350

23.11.2017 16:48:17. ЗаменавставкизащитыФидера2.ОграничительимпульсныхперенапряженийFLASHTRABFLT-CP-PLUS-3C-350

23.11.2017 16:48:17. ЗаменавставкизащитыДГА.ОграничительимпульсныхперенапряженийFLASHTRABFLT-CP-PLUS-3C-350

23.11.2017 16:48:02 - 23.11.2017 16:48:17. Неисправностьвцепяхрелеконтролячастотыинапряжения.ВыключательавтоматическийS203-C0.5,0.5А

23.11.2017 16:48:02 - 23.11.2017 16:48:18. Неисправностьвцепяхрелеконтролячастотыинапряжения.ВыключательавтоматическийS203-C0.5,0.5А

23.11.2017 16:48:18. ОтключениеДГА.КонтакторAF80-30-00-13,100-250В,125А

23.11.2017 16:48:03 - 23.11.2017 16:48:18. ОтключениеАКБисточникавторичногоэлектропитания24В.ВыключательавтоматическийS202M-C6UC,6А

23.11.2017 16:48:03 - 23.11.2017 16:48:18. Отключение/включениепитаниясхемыАОП.ВыключательавтоматическийS202M-C50UC,50А

23.11.2017 16:48:03 - 23.11.2017 16:48:18. Отключение/включениепитаниясхемыАОП.ВыключательавтоматическийS202M-C50UC,50А

23.11.2017 16:48:03 - 23.11.2017 16:48:18. ОтключениегарантированногоэлектропитанияМПЦ.ВыключательавтоматическийS201-D10NA,10А,ВыключательавтоматическийS201-C1NA,1А

23.11.2017 16:48:03 - 23.11.2017 16:48:18. ОтключениегарантированногоэлектропитанияМПЦ.ВыключательавтоматическийS201-D10NA,10А,ВыключательавтоматическийS201-C1NA,1А

23.11.2017 16:48:03 - 23.11.2017 16:48:19. ОтключениегарантированногоэлектропитанияМПЦ.ВыключательавтоматическийS201-D10NA,10А,ВыключательавтоматическийS201-C1NA,1А

23.11.2017 16:52:30. СрабатываниезащитыФидера1.ОграничительимпульсныхперенапряженийFLASHTRABFLT-CP-PLUS-3C-350

23.11.2017 16:52:30. СрабатываниезащитыФидера2.ОграничительимпульсныхперенапряженийFLASHTRABFLT-CP-PLUS-3C-350

23.11.2017 16:52:30. ОтключениеФидера1.КонтакторAF80-30-00-13,100-250В,125А

23.11.2017 16:52:30. ОтключениеФидера2.КонтакторAF80-30-00-13,100-250В,125А

23.11.2017 16:52:30. ЗаменавставкизащитыФидера1.ОграничительимпульсныхперенапряженийFLASHTRABFLT-CP-PLUS-3C-350

23.11.2017 16:52:30. ЗаменавставкизащитыФидера2.ОграничительимпульсныхперенапряженийFLASHTRABFLT-CP-PLUS-3C-350

23.11.2017 16:52:30. ЗаменавставкизащитыДГА.ОграничительимпульсныхперенапряженийFLASHTRABFLT-CP-PLUS-3C-350

23.11.2017 16:52:30. ОтключениеДГА.КонтакторAF80-30-00-13,100-250В,125А

23.11.2017 16:52:30. ЗаменавставкиузипщитаЩР1бесперебойногопитания.ОграничительимпульсныхперенапряженийVAL-CP-3C-350-VF

23.11.2017 16:52:30. ЗаменавставкиузипщитаЩР1гарантированногопитания.ОграничительимпульсныхперенапряженийVAL-CP-3C-350-VF

