28.11.2017 09:35:13. ОтключениебезперебойногопитаниящитаЩР1.ВыключательавтоматическийS203-D40NA,40А

28.11.2017 09:35:13. ОтключениебесперебойногоэлектропитанияМПЦ(резерв.комплект).ВыключательавтоматическийS201-D10NA,10А,ВыключательавтоматическийS201-C1NA,1А,ВыключательавтоматическийS201-C0.5NA,0.5А,ВыключательавтоматическийS201-C6NA,6А

28.11.2017 09:35:13. ОтключениебесперебойногоэлектропитанияМПЦ(резерв.комплект).ВыключательавтоматическийS201-D10NA,10А,ВыключательавтоматическийS201-C1NA,1А,ВыключательавтоматическийS201-C0.5NA,0.5А,ВыключательавтоматическийS201-C6NA,6А

28.11.2017 09:35:13. ОтключениебесперебойногоэлектропитанияМПЦ(резерв.комплект).ВыключательавтоматическийS201-D10NA,10А,ВыключательавтоматическийS201-C1NA,1А,ВыключательавтоматическийS201-C0.5NA,0.5А,ВыключательавтоматическийS201-C6NA,6А

28.11.2017 09:35:13. ОтключениебесперебойногоэлектропитанияМПЦ(резерв.комплект).ВыключательавтоматическийS201-D10NA,10А,ВыключательавтоматическийS201-C1NA,1А,ВыключательавтоматическийS201-C0.5NA,0.5А,ВыключательавтоматическийS201-C6NA,6А

28.11.2017 09:35:13. ОтключениегарантированноепитаниящитаЩР1.ВыключательавтоматическийS203-D40NA,40А

28.11.2017 09:35:13. Отключениепитаниярабочихцепей220Впостоянноготока(входныхсветофоров,стрелки,выходныеиманевровыесветофорыирезерв1000Вт).ВыключательавтоматическийS203-D20NA,20А,ВыключательавтоматическийS202M-C20UC,20А,ВыключательавтоматическийS202M-C0.5UC,0.5А,ВыключательавтоматическийS202M-C2UC,2А,ВыключательавтоматическийS202M-C6UC,6А

28.11.2017 09:35:13. ОтключениегарантированногоэлектропитанияМПЦ.ВыключательавтоматическийS201-D10NA,10А,ВыключательавтоматическийS201-C1NA,1А

28.11.2017 09:35:13. Отключениепитаниярабочихцепей220Впостоянноготока(входныхсветофоров,стрелки,выходныеиманевровыесветофорыирезерв1000Вт).ВыключательавтоматическийS203-D20NA,20А,ВыключательавтоматическийS202M-C20UC,20А,ВыключательавтоматическийS202M-C0.5UC,0.5А,ВыключательавтоматическийS202M-C2UC,2А,ВыключательавтоматическийS202M-C6UC,6А

28.11.2017 09:35:13. Отключениеконтроляперегоранияпредохранителей.ВыключательавтоматическийS202M-C0.5UC,0.5А

28.11.2017 09:35:13. ОтключениесобственныхнуждДГАгарантированноепитание.ВыключательавтоматическийдифференциальноготокаDS202MAC-C6/0.03

28.11.2017 09:35:13. Отключениепитаниярабочихцепей220Впостоянноготока(входныхсветофоров,стрелки,выходныеиманевровыесветофорыирезерв1000Вт).ВыключательавтоматическийS203-D20NA,20А,ВыключательавтоматическийS202M-C20UC,20А,ВыключательавтоматическийS202M-C0.5UC,0.5А,ВыключательавтоматическийS202M-C2UC,2А,ВыключательавтоматическийS202M-C6UC,6А

28.11.2017 09:35:13. Отключениерезерва220В2500Втгарантированногопитяния.ВыключательавтоматическийдифференциальноготокаDS202MAC-C16/0.03

28.11.2017 09:35:13. Отключениепитаниярабочихцепей220Впостоянноготока(входныхсветофоров,стрелки,выходныеиманевровыесветофорыирезерв1000Вт).ВыключательавтоматическийS203-D20NA,20А,ВыключательавтоматическийS202M-C20UC,20А,ВыключательавтоматическийS202M-C0.5UC,0.5А,ВыключательавтоматическийS202M-C2UC,2А,ВыключательавтоматическийS202M-C6UC,6А

28.11.2017 09:35:13. ОтключениеПОС,АПТгарантированногопитания.ВыключательавтоматическийдифференциальноготокаDS202MAC-C16/0.03

28.11.2017 09:35:13. ОтключениебесперебойногоэлектропитанияМПЦ(резерв.комплект).ВыключательавтоматическийS201-D10NA,10А,ВыключательавтоматическийS201-C1NA,1А,ВыключательавтоматическийS201-C0.5NA,0.5А,ВыключательавтоматическийS201-C6NA,6А

28.11.2017 09:35:13. ОтключениебесперебойногоэлектропитанияМПЦ(резерв.комплект).ВыключательавтоматическийS201-D10NA,10А,ВыключательавтоматическийS201-C1NA,1А,ВыключательавтоматическийS201-C0.5NA,0.5А,ВыключательавтоматическийS201-C6NA,6А

28.11.2017 09:35:13. ОтключениебесперебойногоэлектропитанияМПЦ(резерв.комплект).ВыключательавтоматическийS201-D10NA,10А,ВыключательавтоматическийS201-C1NA,1А,ВыключательавтоматическийS201-C0.5NA,0.5А,ВыключательавтоматическийS201-C6NA,6А

28.11.2017 09:35:13. Отключениекондиционированиерелейнойгарантированногопитания.ВыключательавтоматическийдифференциальноготокаDS202MAC-C40/0.03

28.11.2017 09:35:13. ОтключениебесперебойногоэлектропитанияМПЦ(резерв.комплект).ВыключательавтоматическийS201-D10NA,10А,ВыключательавтоматическийS201-C1NA,1А,ВыключательавтоматическийS201-C0.5NA,0.5А,ВыключательавтоматическийS201-C6NA,6А

28.11.2017 09:35:13 - 28.11.2017 09:35:24. Отключение/включениевходногорубильникаДГА.Выключатель-разъединительDPX-IS2503P

28.11.2017 09:35:24. СрабатываниезащитыФидера1.ОграничительимпульсныхперенапряженийFLASHTRABFLT-CP-PLUS-3C-350

28.11.2017 09:35:24. СрабатываниезащитыФидера2.ОграничительимпульсныхперенапряженийFLASHTRABFLT-CP-PLUS-3C-350

28.11.2017 09:35:13 - 28.11.2017 09:35:24. Отключение/включениеДГА.ВыключательавтоматическийS803C-D80,80А

28.11.2017 09:35:13 - 28.11.2017 09:35:24. Отключение/включениевходногорубильникаФидера2.Выключатель-разъединительDPX-IS2503P

28.11.2017 09:35:13 - 28.11.2017 09:35:24. Отключение/включениеФидера2.ВыключательавтоматическийS803C-D80,80А

28.11.2017 09:35:13 - 28.11.2017 09:35:24. ОтключениевходногорубильникаФидера1.Выключатель-разъединительDPX-IS2503P

28.11.2017 09:35:13 - 28.11.2017 09:35:25. ОтключениеФидера1.ВыключательавтоматическийS803C-D80,80А

28.11.2017 09:35:13 - 28.11.2017 09:35:25. Отключение/включениедоп.выводаФидера2.ВыключательавтоматическийS203-D25,25А

28.11.2017 09:35:25. ОтключениеФидера1.КонтакторAF80-30-00-13,100-250В,125А

28.11.2017 09:35:13 - 28.11.2017 09:35:25. Подачипитаниянарасцепители.КонтакторESB40-40-24AC/DC

28.11.2017 09:35:13 - 28.11.2017 09:35:25. Неисправностьвцепяхрелеконтролячастотыинапряжения.ВыключательавтоматическийS203-C0.5,0.5А

28.11.2017 09:35:13 - 28.11.2017 09:35:25. Неисправностьвцепяхрелеконтролячастотыинапряжения.ВыключательавтоматическийS203-C0.5,0.5А

28.11.2017 09:35:25. ОтключениеФидера2.КонтакторAF80-30-00-13,100-250В,125А

28.11.2017 09:35:25. ЗаменавставкизащитыФидера1.ОграничительимпульсныхперенапряженийFLASHTRABFLT-CP-PLUS-3C-350

28.11.2017 09:35:26. ЗаменавставкизащитыФидера2.ОграничительимпульсныхперенапряженийFLASHTRABFLT-CP-PLUS-3C-350

28.11.2017 09:35:26. ЗаменавставкизащитыДГА.ОграничительимпульсныхперенапряженийFLASHTRABFLT-CP-PLUS-3C-350

28.11.2017 09:35:13 - 28.11.2017 09:35:26. Неисправностьвцепяхрелеконтролячастотыинапряжения.ВыключательавтоматическийS203-C0.5,0.5А

28.11.2017 09:35:13 - 28.11.2017 09:35:26. Неисправностьвцепяхрелеконтролячастотыинапряжения.ВыключательавтоматическийS203-C0.5,0.5А

28.11.2017 09:35:26. ОтключениеДГА.КонтакторAF80-30-00-13,100-250В,125А

28.11.2017 09:35:13 - 28.11.2017 09:35:26. ОтключениеАКБисточникавторичногоэлектропитания24В.ВыключательавтоматическийS202M-C6UC,6А

28.11.2017 09:35:13 - 28.11.2017 09:35:27. Отключение/включениепитаниясхемыАОП.ВыключательавтоматическийS202M-C50UC,50А

28.11.2017 09:35:13 - 28.11.2017 09:35:27. Отключение/включениепитаниясхемыАОП.ВыключательавтоматическийS202M-C50UC,50А

28.11.2017 09:35:13 - 28.11.2017 09:35:27. ОтключениегарантированногоэлектропитанияМПЦ.ВыключательавтоматическийS201-D10NA,10А,ВыключательавтоматическийS201-C1NA,1А

28.11.2017 09:35:13 - 28.11.2017 09:35:27. ОтключениегарантированногоэлектропитанияМПЦ.ВыключательавтоматическийS201-D10NA,10А,ВыключательавтоматическийS201-C1NA,1А

28.11.2017 09:35:13 - 28.11.2017 09:35:27. ОтключениегарантированногоэлектропитанияМПЦ.ВыключательавтоматическийS201-D10NA,10А,ВыключательавтоматическийS201-C1NA,1А

28.11.2017 09:35:13 - 28.11.2017 09:35:28. Отключениеосвещениягарантированноепитание.ВыключательавтоматическийдифференциальноготокаDS202MAC-C6/0.03

28.11.2017 09:35:13 - 28.11.2017 09:35:28. ОтключениегарантированногоэлектропитанияМПЦ.ВыключательавтоматическийS201-D10NA,10А,ВыключательавтоматическийS201-C1NA,1А

28.11.2017 09:35:13 - 28.11.2017 09:35:28. Отключение/включениепитанияустройстваконтролясопротивленияизоляции.ВыключательавтоматическийS201-C1NA,1А

28.11.2017 09:35:13 - 28.11.2017 09:35:28. Отключениепитаниярабочихцепей220Впостоянноготока(входныхсветофоров,стрелки,выходныеиманевровыесветофорыирезерв1000Вт).ВыключательавтоматическийS203-D20NA,20А,ВыключательавтоматическийS202M-C20UC,20А,ВыключательавтоматическийS202M-C0.5UC,0.5А,ВыключательавтоматическийS202M-C2UC,2А,ВыключательавтоматическийS202M-C6UC,6А

28.11.2017 09:35:13 - 28.11.2017 09:35:28. ОтключениегарантированногоэлектропитанияМПЦ.ВыключательавтоматическийS201-D10NA,10А,ВыключательавтоматическийS201-C1NA,1А

28.11.2017 09:35:13 - 28.11.2017 09:35:28. ОтключениебесперебойногоэлектропитанияМПЦ(резерв.комплект).ВыключательавтоматическийS201-D10NA,10А,ВыключательавтоматическийS201-C1NA,1А,ВыключательавтоматическийS201-C0.5NA,0.5А,ВыключательавтоматическийS201-C6NA,6А

28.11.2017 09:35:13 - 28.11.2017 09:35:28. ОтключениебесперебойногоэлектропитанияМПЦ(резерв.комплект).ВыключательавтоматическийS201-D10NA,10А,ВыключательавтоматическийS201-C1NA,1А,ВыключательавтоматическийS201-C0.5NA,0.5А,ВыключательавтоматическийS201-C6NA,6А

28.11.2017 09:35:13 - 28.11.2017 09:35:29. ОтключениебесперебойногоэлектропитанияМПЦ(резерв.комплект).ВыключательавтоматическийS201-D10NA,10А,ВыключательавтоматическийS201-C1NA,1А,ВыключательавтоматическийS201-C0.5NA,0.5А,ВыключательавтоматическийS201-C6NA,6А

28.11.2017 09:35:13 - 28.11.2017 09:35:29. ОтключениебезперебойногопитаниящитаЩР1.ВыключательавтоматическийS203-D40NA,40А

28.11.2017 09:35:13 - 28.11.2017 09:35:29. Отключениепитания24ВЩкафовМПЦДнепр.ВыключательавтоматическийS202M-C8UC,8А,ВыключательавтоматическийS202M-C1UC,1А,ВыключательавтоматическийS202M-C20UC,20А,ВыключательавтоматическийS202M-C6UC,6А,ВыключательавтоматическийS202M-C0.5UC,0.5А,

28.11.2017 09:35:13 - 28.11.2017 09:35:29. ОтключениебесперебойногоэлектропитанияМПЦ(резерв.комплект).ВыключательавтоматическийS201-D10NA,10А,ВыключательавтоматическийS201-C1NA,1А,ВыключательавтоматическийS201-C0.5NA,0.5А,ВыключательавтоматическийS201-C6NA,6А

28.11.2017 09:35:13 - 28.11.2017 09:35:29. ОтключениебесперебойногоэлектропитанияМПЦ(резерв.комплект).ВыключательавтоматическийS201-D10NA,10А,ВыключательавтоматическийS201-C1NA,1А,ВыключательавтоматическийS201-C0.5NA,0.5А,ВыключательавтоматическийS201-C6NA,6А

28.11.2017 09:35:13. Отключениепитания24ВЩкафовМПЦДнепр.ВыключательавтоматическийS202M-C8UC,8А,ВыключательавтоматическийS202M-C1UC,1А,ВыключательавтоматическийS202M-C20UC,20А,ВыключательавтоматическийS202M-C6UC,6А,ВыключательавтоматическийS202M-C0.5UC,0.5А,

28.11.2017 09:35:13 - 28.11.2017 09:35:30. Отключениеконтроляперегоранияпредохранителей.ВыключательавтоматическийS202M-C0.5UC,0.5А

28.11.2017 09:35:31. ЗаменавставкиузипщитаЩР1бесперебойногопитания.ОграничительимпульсныхперенапряженийVAL-CP-3C-350-VF

28.11.2017 09:35:13 - 28.11.2017 09:35:31. ОтключениебесперебойногоэлектропитанияМПЦ(резерв.комплект).ВыключательавтоматическийS201-D10NA,10А,ВыключательавтоматическийS201-C1NA,1А,ВыключательавтоматическийS201-C0.5NA,0.5А,ВыключательавтоматическийS201-C6NA,6А

28.11.2017 09:35:13 - 28.11.2017 09:35:31. ОтключениебесперебойногоэлектропитанияМПЦ(резерв.комплект).ВыключательавтоматическийS201-D10NA,10А,ВыключательавтоматическийS201-C1NA,1А,ВыключательавтоматическийS201-C0.5NA,0.5А,ВыключательавтоматическийS201-C6NA,6А

28.11.2017 09:35:24 - 28.11.2017 09:35:34. Отключение/включениевходногорубильникаДГА.Выключатель-разъединительDPX-IS2503P

28.11.2017 09:35:34. СрабатываниезащитыФидера1.ОграничительимпульсныхперенапряженийFLASHTRABFLT-CP-PLUS-3C-350

28.11.2017 09:35:24 - 28.11.2017 09:35:34. Отключение/включениеДГА.ВыключательавтоматическийS803C-D80,80А

28.11.2017 09:35:24 - 28.11.2017 09:35:35. Отключение/включениевходногорубильникаФидера2.Выключатель-разъединительDPX-IS2503P

28.11.2017 09:35:24 - 28.11.2017 09:35:35. ОтключениевходногорубильникаФидера1.Выключатель-разъединительDPX-IS2503P

28.11.2017 09:35:25 - 28.11.2017 09:35:35. ОтключениеФидера1.ВыключательавтоматическийS803C-D80,80А

28.11.2017 09:35:35. ОтключениеФидера1.КонтакторAF80-30-00-13,100-250В,125А

28.11.2017 09:35:25 - 28.11.2017 09:35:35. Подачипитаниянарасцепители.КонтакторESB40-40-24AC/DC

28.11.2017 09:35:25 - 28.11.2017 09:35:36. Неисправностьвцепяхрелеконтролячастотыинапряжения.ВыключательавтоматическийS203-C0.5,0.5А

28.11.2017 09:35:36. ОтключениеФидера2.КонтакторAF80-30-00-13,100-250В,125А

28.11.2017 09:35:36. ЗаменавставкизащитыФидера2.ОграничительимпульсныхперенапряженийFLASHTRABFLT-CP-PLUS-3C-350

28.11.2017 09:35:36. ЗаменавставкизащитыДГА.ОграничительимпульсныхперенапряженийFLASHTRABFLT-CP-PLUS-3C-350

28.11.2017 09:35:26 - 28.11.2017 09:35:36. Неисправностьвцепяхрелеконтролячастотыинапряжения.ВыключательавтоматическийS203-C0.5,0.5А

28.11.2017 09:35:36. ОтключениеДГА.КонтакторAF80-30-00-13,100-250В,125А

28.11.2017 09:35:26 - 28.11.2017 09:35:37. ОтключениеАКБисточникавторичногоэлектропитания24В.ВыключательавтоматическийS202M-C6UC,6А

24.01.2018 08:31:05. Отключение/включение ДГА. Выключатель автоматический S803C-D80, 80А

24.01.2018 08:31:05. Отключение/включение Фидера2. Выключатель автоматический S803C-D80, 80А

24.01.2018 08:31:05. Отключение/включение ДГА.Выключательавтоматический S803C-D80,80А

24.01.2018 08:31:05. Отключение/включение входного рубильника ДГА. Выключатель-разъединитель DPX-IS 250 3P

24.01.2018 08:31:05. Отключение/включение доп. вывода Фидера2. Выключатель автоматический S203-D25,  25А

24.01.2018 08:31:05. Отключение входного рубильника Фидера1. Выключатель-разъединитель DPX-IS 250 3P

24.01.2018 08:31:05. Отключение/включение входного рубильника Фидера2. Выключатель-разъединитель DPX-IS 250 3P

24.01.2018 08:31:05. Нарушение чередование фаз Фидера1. Реле контроля частоты и напряжения VMD420-D-2

24.01.2018 08:31:05. Нарушение чередование фаз Фидера1 или Фидера2. Реле контроля частоты и напряжения VMD420-D-2

24.01.2018 08:31:05. Нарушение чередование фаз Фидера1. Реле контроля частоты и напряжения VMD420-D-2

24.01.2018 08:31:05. Нарушение чередование фаз ДГА. Реле контроля частоты и напряжения VMD420-D-2

24.01.2018 08:31:05. Нарушение чередование фаз Фидера2. Реле контроля частоты и напряжения VMD420-D-2

24.01.2018 08:31:05. Нарушение чередование фаз Фидера2. Реле контроля частоты и напряжения VMD420-D-2

24.01.2018 08:31:05. Нарушение чередование фаз Фидера1 или Фидера2. Реле контроля частоты и напряжения VMD420-D-2

24.01.2018 08:31:05. Отключение Фидера1. Контактор AF80-30-00-13 , 100 - 250 В, 125А

24.01.2018 08:31:05. Подачи питания на расцепители. Контактор ESB40-40-24AC/DC

24.01.2018 08:31:05. Неисправность в цепях реле контроля частоты и напряжения. Выключатель автоматический S203-C0.5, 0.5А

24.01.2018 08:31:05. Неисправность в цепях реле контроля частоты и напряжения. Выключатель автоматический S203-C0.5, 0.5А

24.01.2018 08:31:05. Отключение Фидера2. Контактор AF80-30-00-13 , 100 - 250 В, 125А

24.01.2018 08:31:05. Замена вставки защиты Фидера1. Ограничитель импульсных перенапряжений FLASHTRAB FLT-CP-PLUS-3C-350

24.01.2018 08:31:05. Замена вставки защиты Фидера2. Ограничитель импульсных перенапряжений FLASHTRAB FLT-CP-PLUS-3C-350

24.01.2018 08:31:05. Замена вставки защиты ДГА. Ограничитель импульсных перенапряжений FLASHTRAB FLT-CP-PLUS-3C-350

24.01.2018 08:31:05. Неисправность в цепях реле контроля частоты и напряжения. Выключатель автоматический S203-C0.5, 0.5А

24.01.2018 08:31:05. Неисправность в цепях реле контроля частоты и напряжения. Выключатель автоматический S203-C0.5, 0.5А

24.01.2018 08:31:05. Отключение ДГА. Контактор AF80-30-00-13 , 100 - 250 В, 125А

24.01.2018 08:31:05. Отключение АКБ источника вторичного электропитания 24В. Выключатель автоматический S202M-C6UC,6А

24.01.2018 08:31:05. Отключение питания системы электропитания ПС-60/48У или преобразователя напряжения IFP25. Выключатель автоматический S201-D25NA, 25А

24.01.2018 08:31:05. Отключение питания системы электропитания ПС-60/48У или преобразователя напряжения IFP25. Выключатель автоматический S201-D25NA, 25А

24.01.2018 08:31:05. Отключение питания вентиляторов. Выключатель автоматический S201-D2NA, 2А

24.01.2018 08:31:05. Отключение щита АКБ. Выключатель автоматический S802PV-S100 c независимым  расцепителем S800-SOR24

24.01.2018 08:31:05. Отключение/включение питания схемы АОП. Выключатель автоматический S202M-C50UC, 50А

24.01.2018 08:31:05. Отключение питания контроля стрелок. Выключатель автоматический S201-D3NA, 3А, Выключатель автоматический S201-C3NA, 3А

24.01.2018 08:31:05. Отключение линейных цепей с груп. ист. пит.. Выключатель автоматический S201-D3NA, 3А, Выключатель автоматический S201-C3NA, 3А

24.01.2018 08:31:05. Отключение/включение питания указателей марш. св. положения. Выключатель автоматический S201-D4NA, 4А, Выключатель автоматический S201-C4NA, 4А

24.01.2018 08:31:05. Отключение/включение питания рельсовых цепей. Выключатель автоматический S201-D16NA, 16А, Выключатель автоматический S201-C16NA, 16А

24.01.2018 08:31:05. Отключение/включение питания перегона. Выключатель автоматический S201-D10NA, 10А, Выключатель автоматический S201-C10NA, 10А

24.01.2018 08:31:05. Отключение/включение питания РШ переездов перегона. Выключатель автоматический S201-D10NA, 10А, Выключатель автоматический S201-C10NA,  10А

24.01.2018 08:31:05. Отключение питания резерва 220 В 1600 Вт. Выключатель автоматический S201-D10NA,  10А, Выключатель автоматический S201-C10NA,  10А

24.01.2018 08:31:05. Отключение питания измерителей (Ресурс 1 и 2). Выключатель автоматический S201-C1NA,  1А

24.01.2018 08:31:05. Отключение/включение питания указателей марш. св. положения. Выключатель автоматический S201-D4NA, 4А, Выключатель автоматический S201-C4NA, 4А

24.01.2018 08:31:05. Отключение/включение питания РШ переездов перегона. Выключатель автоматический S201-D10NA, 10А, Выключатель автоматический S201-C10NA,  10А

24.01.2018 08:31:05. Отключение/включение питания перегона. Выключатель автоматический S201-D10NA, 10А, Выключатель автоматический S201-C10NA, 10А

24.01.2018 08:31:05. Отключение/включение питания рельсовых цепей. Выключатель автоматический S201-D16NA, 16А, Выключатель автоматический S201-C16NA, 16А

24.01.2018 08:31:05. Отключение/включение безперебойного питания щита ЩР. Выключатель автоматический S203-D25NA, 25А

24.01.2018 08:31:05. Отключение/включение питания ТШ, КПТШ. Выключатель автоматический S201-D3NA, 3А, Выключатель автоматический S201-C3NA, 3А

24.01.2018 08:31:05. Отключение линейных цепей с груп. ист. пит.. Выключатель автоматический S201-D3NA, 3А, Выключатель автоматический S201-C3NA, 3А

24.01.2018 08:31:05. Отключение питания контроля стрелок. Выключатель автоматический S201-D3NA, 3А, Выключатель автоматический S201-C3NA, 3А

24.01.2018 08:31:05. Отключение питания преобразователя 24 В собственных нужд СЭС. Выключатель автоматический S201-C2NA,  1А

24.01.2018 08:31:05. Отключение питания резерва 220 В 1600 Вт. Выключатель автоматический S201-D10NA,  10А, Выключатель автоматический S201-C10NA,  10А

24.01.2018 08:31:05. Отключение/включение питания устр. контр. сопр. изоляции. Выключатель автоматический S201-C1NA, 1А

24.01.2018 08:31:05. Замена вставки узип щита ЩР. Ограничитель импульсных перенапряжений VAL-CP-3C-350-VF

24.01.2018 08:31:05. Отключение/включение питания ТШ, КПТШ. Выключатель автоматический S201-D3NA, 3А, Выключатель автоматический S201-C3NA, 3А

24.01.2018 08:31:05. Отключение гарантированного электропитания МПЦ. Выключатель автоматический S201-D10NA, 10А, Выключатель автоматический S201-C1NA,  1А

24.01.2018 08:31:05. Отключение бесперебойного электропитания МПЦ (осн. комп.). Выключатель автоматический S201-D10NA, 10А, Выключатель автоматический S201-C1NA, 1А, Выключатель автоматический S201-C0.5NA, 0.5А, Выключатель автоматический S201-C6NA, 6А,

24.01.2018 08:31:05. Отключение освещения гарантированное питание. Выключатель автоматический дифференциального тока DS202 M AC-C6/0.03

24.01.2018 08:31:05. Отключение станционного питания 24 В (реле ЭЦ, пульт отвественных команд, резерв 300 Вт). Выключатель автоматический S202M-C8UC, 8А, Выключатель автоматический S202M-C0.5UC, 0.5А, Выключатель автоматический S201-C16NA, 16А

24.01.2018 08:31:05. Отключение гарантированного электропитания МПЦ. Выключатель автоматический S201-D10NA, 10А, Выключатель автоматический S201-C1NA,  1А

24.01.2018 08:31:05. Отключение бесперебойного электропитания МПЦ (осн. комп.). Выключатель автоматический S201-D10NA, 10А, Выключатель автоматический S201-C1NA, 1А, Выключатель автоматический S201-C0.5NA, 0.5А, Выключатель автоматический S201-C6NA, 6А,

24.01.2018 08:31:05. Отключение бесперебойного электропитания МПЦ (резерв. комплект). Выключатель автоматический S201-D10NA, 10А, Выключатель автоматический S201-C1NA, 1А, Выключатель автоматический S201-C0.5NA, 0.5А, Выключатель автоматический S201-C6NA, 6А

24.01.2018 08:31:05. Отключение гарантированного электропитания МПЦ. Выключатель автоматический S201-D10NA, 10А, Выключатель автоматический S201-C1NA,  1А

24.01.2018 08:31:05. Отключение бесперебойного электропитания МПЦ (осн. комп.). Выключатель автоматический S201-D10NA, 10А, Выключатель автоматический S201-C1NA, 1А, Выключатель автоматический S201-C0.5NA, 0.5А, Выключатель автоматический S201-C6NA, 6А,

24.01.2018 08:31:05. Отключение кондиционирование релейной гарантированного питания. Выключатель автоматический дифференциального тока DS202 M AC-C40/0.03

24.01.2018 08:31:05. Отключение питания 24 В Шкафов МПЦ Днепр. Выключатель автоматический S202M-C8UC, 8А, Выключатель автоматический S202M-C1UC, 1А, Выключатель автоматический S202M-C20UC, 20А, Выключатель автоматический S202M-C6UC, 6А, Выключатель автоматический S202M-C0.5UC, 0.5А,

24.01.2018 08:31:05. Отключение бесперебойного электропитания МПЦ (резерв. комплект). Выключатель автоматический S201-D10NA, 10А, Выключатель автоматический S201-C1NA, 1А, Выключатель автоматический S201-C0.5NA, 0.5А, Выключатель автоматический S201-C6NA, 6А

24.01.2018 08:31:05. Отключение питания 24 В Шкафов МПЦ Днепр. Выключатель автоматический S202M-C8UC, 8А, Выключатель автоматический S202M-C1UC, 1А, Выключатель автоматический S202M-C20UC, 20А, Выключатель автоматический S202M-C6UC, 6А, Выключатель автоматический S202M-C0.5UC, 0.5А,

24.01.2018 08:31:05. Отключение бесперебойного электропитания МПЦ (резерв. комплект). Выключатель автоматический S201-D10NA, 10А, Выключатель автоматический S201-C1NA, 1А, Выключатель автоматический S201-C0.5NA, 0.5А, Выключатель автоматический S201-C6NA, 6А

24.01.2018 08:31:05. Отключение гарантированного питяния электрообогрева стрелок. Выключатель автоматический S201-D10NA, 10А, Выключатель автоматический S201-C10NA, 10А

24.01.2018 08:31:05. Отключение бесперебойного электропитания МПЦ (резерв. комплект). Выключатель автоматический S201-D10NA, 10А, Выключатель автоматический S201-C1NA, 1А, Выключатель автоматический S201-C0.5NA, 0.5А, Выключатель автоматический S201-C6NA, 6А

24.01.2018 08:31:05. Отключение питания 24 В Шкафов МПЦ Днепр. Выключатель автоматический S202M-C8UC, 8А, Выключатель автоматический S202M-C1UC, 1А, Выключатель автоматический S202M-C20UC, 20А, Выключатель автоматический S202M-C6UC, 6А, Выключатель автоматический S202M-C0.5UC, 0.5А,

24.01.2018 08:31:05. Отключение бесперебойного электропитания МПЦ (осн. комп.). Выключатель автоматический S201-D10NA, 10А, Выключатель автоматический S201-C1NA, 1А, Выключатель автоматический S201-C0.5NA, 0.5А, Выключатель автоматический S201-C6NA, 6А,

24.01.2018 08:31:05. Отключение питания 24 В Шкафов МПЦ Днепр. Выключатель автоматический S202M-C8UC, 8А, Выключатель автоматический S202M-C1UC, 1А, Выключатель автоматический S202M-C20UC, 20А, Выключатель автоматический S202M-C6UC, 6А, Выключатель автоматический S202M-C0.5UC, 0.5А,

24.01.2018 08:31:05. Отключение питания 24 В Шкафов МПЦ Днепр. Выключатель автоматический S202M-C8UC, 8А, Выключатель автоматический S202M-C1UC, 1А, Выключатель автоматический S202M-C20UC, 20А, Выключатель автоматический S202M-C6UC, 6А, Выключатель автоматический S202M-C0.5UC, 0.5А,

24.01.2018 08:31:05. Отключение питания цепей кодирования 220 В  25 Гц. Выключатель автоматический S201-C4NA, 4А

24.01.2018 08:31:05. Отключение питания 24 В Шкафов МПЦ Днепр. Выключатель автоматический S202M-C8UC, 8А, Выключатель автоматический S202M-C1UC, 1А, Выключатель автоматический S202M-C20UC, 20А, Выключатель автоматический S202M-C6UC, 6А, Выключатель автоматический S202M-C0.5UC, 0.5А,

24.01.2018 08:31:05. Отключение бесперебойного электропитания МПЦ (осн. комп.). Выключатель автоматический S201-D10NA, 10А, Выключатель автоматический S201-C1NA, 1А, Выключатель автоматический S201-C0.5NA, 0.5А, Выключатель автоматический S201-C6NA, 6А,

24.01.2018 08:31:05. Отключение питания цепей кодирования 220 В  25 Гц. Выключатель автоматический S201-C4NA, 4А

24.01.2018 08:31:05. Отключение бесперебойного электропитания МПЦ (осн. комп.). Выключатель автоматический S201-D10NA, 10А, Выключатель автоматический S201-C1NA, 1А, Выключатель автоматический S201-C0.5NA, 0.5А, Выключатель автоматический S201-C6NA, 6А,

24.01.2018 08:31:05. Отключение питания 24 В Шкафов МПЦ Днепр. Выключатель автоматический S202M-C8UC, 8А, Выключатель автоматический S202M-C1UC, 1А, Выключатель автоматический S202M-C20UC, 20А, Выключатель автоматический S202M-C6UC, 6А, Выключатель автоматический S202M-C0.5UC, 0.5А,

24.01.2018 08:31:05. Отключение питания 24 В Шкафов МПЦ Днепр. Выключатель автоматический S202M-C8UC, 8А, Выключатель автоматический S202M-C1UC, 1А, Выключатель автоматический S202M-C20UC, 20А, Выключатель автоматический S202M-C6UC, 6А, Выключатель автоматический S202M-C0.5UC, 0.5А,

24.01.2018 08:31:05. Отключениебезперебойного питания щита ЩР1. Выключатель автоматический S203-D40NA, 40А

24.01.2018 08:31:05. Отключение гарантированного электропитания МПЦ. Выключатель автоматический S201-D10NA, 10А, Выключатель автоматический S201-C1NA,  1А

24.01.2018 08:31:05. Отключение гарантированного электропитания МПЦ. Выключатель автоматический S201-D10NA, 10А, Выключатель автоматический S201-C1NA,  1А

24.01.2018 08:31:05. Отключение/включение питания устройства контроля сопротивления изоляции. Выключатель автоматический S201-C1NA, 1А

24.01.2018 08:31:05. Отключение станционного питания 24 В (реле ЭЦ, пульт отвественных команд, резерв 300 Вт). Выключатель автоматический S202M-C8UC, 8А, Выключатель автоматический S202M-C0.5UC, 0.5А, Выключатель автоматический S201-C16NA, 16А

24.01.2018 08:31:05. Отключение станционного питания 24 В (реле ЭЦ, пульт отвественных команд, резерв 300 Вт). Выключатель автоматический S202M-C8UC, 8А, Выключатель автоматический S202M-C0.5UC, 0.5А, Выключатель автоматический S201-C16NA, 16А

24.01.2018 08:31:05. Замена вставки узип щита ЩР1 гарантированного питания. Ограничитель импульсных перенапряжений VAL-CP-3C-350-VF

24.01.2018 08:31:05. Замена вставки узип щита ЩР1 бесперебойного питания. Ограничитель импульсных перенапряжений VAL-CP-3C-350-VF

24.01.2018 08:31:05. Отключение питания рабочих цепей 220 В постоянного тока (входных светофоров, стрелки, выходные и маневровые светофоры и резерв 1000 Вт). Выключатель автоматический S203-D20NA,20А, Выключатель автоматический S202M-C20UC, 20А, Выключатель автоматический S202M-C0.5UC, 0.5А, Выключатель автоматический S202M-C2UC, 2А, Выключатель автоматический S202M-C6UC, 6А

24.01.2018 08:31:05. Отключение резерва 220 В 2500 Вт гарантированного питяния. Выключатель автоматический дифференциального тока DS202 M AC-C16/0.03

24.01.2018 08:31:05. Отключение гарантированного питяния электрообогрева стрелок. Выключатель автоматический S201-D10NA, 10А, Выключатель автоматический S201-C10NA, 10А

24.01.2018 08:31:05. Отключениегарантированное питания щита ЩР1. Выключатель автоматический S203-D40NA, 40А

24.01.2018 08:31:05. Отключение питания рабочих цепей 220 В постоянного тока (входных светофоров, стрелки, выходные и маневровые светофоры и резерв 1000 Вт). Выключатель автоматический S203-D20NA,20А, Выключатель автоматический S202M-C20UC, 20А, Выключатель автоматический S202M-C0.5UC, 0.5А, Выключатель автоматический S202M-C2UC, 2А, Выключатель автоматический S202M-C6UC, 6А

24.01.2018 08:31:05. Отключение питания рабочих цепей 220 В постоянного тока (входных светофоров, стрелки, выходные и маневровые светофоры и резерв 1000 Вт). Выключатель автоматический S203-D20NA,20А, Выключатель автоматический S202M-C20UC, 20А, Выключатель автоматический S202M-C0.5UC, 0.5А, Выключатель автоматический S202M-C2UC, 2А, Выключатель автоматический S202M-C6UC, 6А

24.01.2018 08:31:05. Отключение ПОС, АПТ гарантированного питания. Выключатель автоматический дифференциального тока DS202 M AC-C16/0.03

24.01.2018 08:31:05. Отключение бесперебойного электропитания МПЦ (резерв. комплект). Выключатель автоматический S201-D10NA, 10А, Выключатель автоматический S201-C1NA, 1А, Выключатель автоматический S201-C0.5NA, 0.5А, Выключатель автоматический S201-C6NA, 6А

24.01.2018 08:31:05. Отключение питания 24 В Шкафов МПЦ Днепр. Выключатель автоматический S202M-C8UC, 8А, Выключатель автоматический S202M-C1UC, 1А, Выключатель автоматический S202M-C20UC, 20А, Выключатель автоматический S202M-C6UC, 6А, Выключатель автоматический S202M-C0.5UC, 0.5А,

24.01.2018 08:31:05. Отключение питания рабочих цепей 220 В постоянного тока (входных светофоров, стрелки, выходные и маневровые светофоры и резерв 1000 Вт). Выключатель автоматический S203-D20NA,20А, Выключатель автоматический S202M-C20UC, 20А, Выключатель автоматический S202M-C0.5UC, 0.5А, Выключатель автоматический S202M-C2UC, 2А, Выключатель автоматический S202M-C6UC, 6А

24.01.2018 08:31:05. Отключение контроля перегорания предохранителей. Выключатель автоматический S202M-C0.5UC, 0.5А

24.01.2018 08:31:05. Отключение собственных нужд ДГА гарантированное питание. Выключатель автоматический дифференциального тока DS202 M AC-C6/0.03

24.01.2018 08:31:05. Отключение питания рабочих цепей 220 В постоянного тока (входных светофоров, стрелки, выходные и маневровые светофоры и резерв 1000 Вт). Выключатель автоматический S203-D20NA,20А, Выключатель автоматический S202M-C20UC, 20А, Выключатель автоматический S202M-C0.5UC, 0.5А, Выключатель автоматический S202M-C2UC, 2А, Выключатель автоматический S202M-C6UC, 6А

24.01.2018 08:31:05. Отключение гарантированного электропитания МПЦ. Выключатель автоматический S201-D10NA, 10А, Выключатель автоматический S201-C1NA,  1А

24.01.2018 08:31:05 - 24.01.2018 08:31:13. Отключение/включение ДГА. Выключатель автоматический S803C-D80, 80А

24.01.2018 08:31:13. Отключение/включение ДГА. Выключатель автоматический S803C-D80, 80А

24.01.2018 08:31:13. Срабатывание защиты Фидера1. Ограничитель импульсных перенапряжений FLASHTRAB FLT-CP-PLUS-3C-350

24.01.2018 08:31:05 - 24.01.2018 08:31:13. Срабатывание защиты Фидера1. Ограничитель импульсных перенапряжений FLASHTRAB FLT-CP-PLUS-3C-350

24.01.2018 08:31:14. Отключение/включение Фидера2. Выключатель автоматический S803C-D80, 80А

24.01.2018 08:31:05 - 24.01.2018 08:31:14. Отключение/включение Фидера2. Выключатель автоматический S803C-D80, 80А

24.01.2018 08:31:05 - 24.01.2018 08:31:14. Отключение/включение ДГА.Выключательавтоматический S803C-D80,80А

24.01.2018 08:31:14. Отключение/включение ДГА.Выключательавтоматический S803C-D80,80А

24.01.2018 08:31:05 - 24.01.2018 08:31:14. Отключение/включение входного рубильника ДГА. Выключатель-разъединитель DPX-IS 250 3P

24.01.2018 08:31:14. Отключение/включение входного рубильника ДГА. Выключатель-разъединитель DPX-IS 250 3P

24.01.2018 08:31:05 - 24.01.2018 08:31:14. Отключение/включение доп. вывода Фидера2. Выключатель автоматический S203-D25,  25А

24.01.2018 08:31:14. Отключение/включение доп. вывода Фидера2. Выключатель автоматический S203-D25,  25А

24.01.2018 08:31:05 - 24.01.2018 08:31:15. Отключение входного рубильника Фидера1. Выключатель-разъединитель DPX-IS 250 3P

24.01.2018 08:31:15. Отключение входного рубильника Фидера1. Выключатель-разъединитель DPX-IS 250 3P

24.01.2018 08:31:05 - 24.01.2018 08:31:15. Отключение Фидера1. Выключатель автоматический S803C-D80, 80А

24.01.2018 08:31:15. Отключение Фидера1. Выключатель автоматический S803C-D80, 80А

24.01.2018 08:31:05 - 24.01.2018 08:31:15. Отключение/включение входного рубильника Фидера2. Выключатель-разъединитель DPX-IS 250 3P

24.01.2018 08:31:15. Отключение/включение входного рубильника Фидера2. Выключатель-разъединитель DPX-IS 250 3P

24.01.2018 08:31:15. Подачи питания на расцепители. Контактор ESB40-40-24AC/DC

24.01.2018 08:31:15. Подачи питания на расцепители. Контактор ESB40-40-24AC/DC

24.01.2018 08:31:16. Подачи питания на расцепители. Контактор ESB40-40-24AC/DC

24.01.2018 08:31:16. Отключение/включение ДГА. Выключатель автоматический S803C-D80, 80А

24.01.2018 08:31:13 - 24.01.2018 08:31:16. Отключение/включение ДГА. Выключатель автоматический S803C-D80, 80А

24.01.2018 08:31:13 - 24.01.2018 08:31:16. Срабатывание защиты Фидера1. Ограничитель импульсных перенапряжений FLASHTRAB FLT-CP-PLUS-3C-350

24.01.2018 08:31:16. Срабатывание защиты Фидера1. Ограничитель импульсных перенапряжений FLASHTRAB FLT-CP-PLUS-3C-350

24.01.2018 08:31:14 - 24.01.2018 08:31:16. Отключение/включение Фидера2. Выключатель автоматический S803C-D80, 80А

24.01.2018 08:31:16. Отключение/включение Фидера2. Выключатель автоматический S803C-D80, 80А

24.01.2018 08:31:16. Отключение/включение ДГА.Выключательавтоматический S803C-D80,80А

24.01.2018 08:31:14 - 24.01.2018 08:31:17. Отключение/включение ДГА.Выключательавтоматический S803C-D80,80А

24.01.2018 08:31:17. Отключение/включение входного рубильника ДГА. Выключатель-разъединитель DPX-IS 250 3P

24.01.2018 08:31:14 - 24.01.2018 08:31:17. Отключение/включение входного рубильника ДГА. Выключатель-разъединитель DPX-IS 250 3P

24.01.2018 08:31:17. Отключение/включение доп. вывода Фидера2. Выключатель автоматический S203-D25,  25А

24.01.2018 08:31:14 - 24.01.2018 08:31:17. Отключение/включение доп. вывода Фидера2. Выключатель автоматический S203-D25,  25А

24.01.2018 08:31:17. Отключение входного рубильника Фидера1. Выключатель-разъединитель DPX-IS 250 3P

24.01.2018 08:31:15 - 24.01.2018 08:31:17. Отключение входного рубильника Фидера1. Выключатель-разъединитель DPX-IS 250 3P

24.01.2018 08:31:17. Отключение Фидера1. Выключатель автоматический S803C-D80, 80А

24.01.2018 08:31:15 - 24.01.2018 08:31:18. Отключение Фидера1. Выключатель автоматический S803C-D80, 80А

24.01.2018 08:31:18. Отключение/включение входного рубильника Фидера2. Выключатель-разъединитель DPX-IS 250 3P

24.01.2018 08:31:15 - 24.01.2018 08:31:18. Отключение/включение входного рубильника Фидера2. Выключатель-разъединитель DPX-IS 250 3P

24.01.2018 08:31:15 - 24.01.2018 08:31:18. Подачи питания на расцепители. Контактор ESB40-40-24AC/DC

24.01.2018 08:31:15 - 24.01.2018 08:31:18. Подачи питания на расцепители. Контактор ESB40-40-24AC/DC

24.01.2018 08:31:16 - 24.01.2018 08:31:18. Подачи питания на расцепители. Контактор ESB40-40-24AC/DC

